TN:
SF:src/services/auth.service.ts
FN:38,(anonymous_0)
FN:42,(anonymous_1)
FN:60,(anonymous_2)
FN:93,(anonymous_3)
FN:118,(anonymous_4)
FN:159,(anonymous_5)
FN:192,(anonymous_6)
FN:211,(anonymous_7)
FN:228,(anonymous_8)
FN:241,(anonymous_9)
FN:262,(anonymous_10)
FN:268,(anonymous_11)
FN:276,(anonymous_12)
FN:285,(anonymous_13)
FN:286,(anonymous_14)
FN:303,(anonymous_15)
FNF:16
FNH:0
FNDA:0,(anonymous_0)
FNDA:0,(anonymous_1)
FNDA:0,(anonymous_2)
FNDA:0,(anonymous_3)
FNDA:0,(anonymous_4)
FNDA:0,(anonymous_5)
FNDA:0,(anonymous_6)
FNDA:0,(anonymous_7)
FNDA:0,(anonymous_8)
FNDA:0,(anonymous_9)
FNDA:0,(anonymous_10)
FNDA:0,(anonymous_11)
FNDA:0,(anonymous_12)
FNDA:0,(anonymous_13)
FNDA:0,(anonymous_14)
FNDA:0,(anonymous_15)
DA:28,0
DA:39,0
DA:40,0
DA:41,0
DA:42,0
DA:45,0
DA:46,0
DA:47,0
DA:50,0
DA:52,0
DA:53,0
DA:61,0
DA:62,0
DA:64,0
DA:75,0
DA:81,0
DA:82,0
DA:94,0
DA:95,0
DA:100,0
DA:106,0
DA:107,0
DA:119,0
DA:120,0
DA:123,0
DA:124,0
DA:129,0
DA:130,0
DA:132,0
DA:135,0
DA:136,0
DA:137,0
DA:141,0
DA:143,0
DA:146,0
DA:149,0
DA:151,0
DA:160,0
DA:161,0
DA:164,0
DA:167,0
DA:169,0
DA:176,0
DA:181,0
DA:182,0
DA:193,0
DA:194,0
DA:195,0
DA:200,0
DA:201,0
DA:212,0
DA:213,0
DA:215,0
DA:218,0
DA:220,0
DA:221,0
DA:229,0
DA:230,0
DA:231,0
DA:233,0
DA:234,0
DA:242,0
DA:243,0
DA:245,0
DA:252,0
DA:254,0
DA:255,0
DA:263,0
DA:265,0
DA:268,0
DA:269,0
DA:276,0
DA:277,0
DA:281,0
DA:284,0
DA:285,0
DA:286,0
DA:287,0
DA:288,0
DA:294,0
DA:296,0
DA:304,0
DA:305,0
DA:308,0
DA:311,0
DA:312,0
DA:314,0
DA:315,0
DA:316,0
DA:319,0
DA:320,0
DA:322,0
DA:323,0
LF:93
LH:0
BRDA:45,0,0,0
BRDA:45,0,1,0
BRDA:136,1,0,0
BRDA:136,1,1,0
BRDA:159,2,0,0
BRDA:164,3,0,0
BRDA:164,3,1,0
BRDA:165,4,0,0
BRDA:165,4,1,0
BRDA:269,5,0,0
BRDA:269,5,1,0
BRDA:269,5,2,0
BRDA:269,5,3,0
BRDA:269,5,4,0
BRDA:284,6,0,0
BRDA:284,6,1,0
BRDA:287,7,0,0
BRDA:287,7,1,0
BRDA:287,8,0,0
BRDA:287,8,1,0
BRDA:314,9,0,0
BRDA:314,9,1,0
BRF:22
BRH:0
end_of_record
TN:
SF:src/services/authRetry.service.ts
FN:53,(anonymous_0)
FN:64,(anonymous_1)
FN:74,(anonymous_2)
FN:85,(anonymous_3)
FN:95,(anonymous_4)
FN:104,(anonymous_5)
FN:114,(anonymous_6)
FN:125,(anonymous_7)
FN:135,(anonymous_8)
FN:145,(anonymous_9)
FN:155,(anonymous_10)
FN:168,(anonymous_11)
FN:178,(anonymous_12)
FN:269,(anonymous_13)
FN:285,(anonymous_14)
FN:309,(anonymous_15)
FN:322,(anonymous_16)
FN:336,(anonymous_17)
FN:342,(anonymous_18)
FN:354,(anonymous_19)
FN:355,(anonymous_20)
FNF:21
FNH:0
FNDA:0,(anonymous_0)
FNDA:0,(anonymous_1)
FNDA:0,(anonymous_2)
FNDA:0,(anonymous_3)
FNDA:0,(anonymous_4)
FNDA:0,(anonymous_5)
FNDA:0,(anonymous_6)
FNDA:0,(anonymous_7)
FNDA:0,(anonymous_8)
FNDA:0,(anonymous_9)
FNDA:0,(anonymous_10)
FNDA:0,(anonymous_11)
FNDA:0,(anonymous_12)
FNDA:0,(anonymous_13)
FNDA:0,(anonymous_14)
FNDA:0,(anonymous_15)
FNDA:0,(anonymous_16)
FNDA:0,(anonymous_17)
FNDA:0,(anonymous_18)
FNDA:0,(anonymous_19)
FNDA:0,(anonymous_20)
DA:29,0
DA:48,0
DA:57,0
DA:63,0
DA:64,0
DA:78,0
DA:84,0
DA:85,0
DA:98,0
DA:103,0
DA:104,0
DA:118,0
DA:124,0
DA:125,0
DA:139,0
DA:144,0
DA:145,0
DA:160,0
DA:167,0
DA:168,0
DA:184,0
DA:185,0
DA:186,0
DA:187,0
DA:190,0
DA:191,0
DA:192,0
DA:200,0
DA:201,0
DA:202,0
DA:204,0
DA:207,0
DA:208,0
DA:211,0
DA:219,0
DA:220,0
DA:223,0
DA:233,0
DA:234,0
DA:238,0
DA:239,0
DA:243,0
DA:249,0
DA:250,0
DA:252,0
DA:253,0
DA:258,0
DA:270,0
DA:272,0
DA:275,0
DA:276,0
DA:277,0
DA:278,0
DA:279,0
DA:282,0
DA:286,0
DA:288,0
DA:289,0
DA:295,0
DA:298,0
DA:299,0
DA:302,0
DA:303,0
DA:304,0
DA:305,0
DA:310,0
DA:311,0
DA:312,0
DA:313,0
DA:314,0
DA:315,0
DA:323,0
DA:325,0
DA:326,0
DA:329,0
DA:341,0
DA:342,0
DA:344,0
DA:355,0
LF:79
LH:0
BRDA:55,0,0,0
BRDA:76,1,0,0
BRDA:96,2,0,0
BRDA:116,3,0,0
BRDA:137,4,0,0
BRDA:158,5,0,0
BRDA:190,6,0,0
BRDA:190,6,1,0
BRDA:190,7,0,0
BRDA:190,7,1,0
BRDA:207,8,0,0
BRDA:207,8,1,0
BRDA:233,9,0,0
BRDA:233,9,1,0
BRDA:238,10,0,0
BRDA:238,10,1,0
BRDA:238,11,0,0
BRDA:238,11,1,0
BRDA:260,12,0,0
BRDA:260,12,1,0
BRDA:272,13,0,0
BRDA:272,13,1,0
BRDA:275,14,0,0
BRDA:275,14,1,0
BRDA:275,15,0,0
BRDA:275,15,1,0
BRDA:275,15,2,0
BRDA:288,16,0,0
BRDA:288,16,1,0
BRDA:302,17,0,0
BRDA:302,17,1,0
BRDA:311,18,0,0
BRDA:311,18,1,0
BRF:33
BRH:0
end_of_record
TN:
SF:src/services/authStateRecovery.service.ts
FN:59,(anonymous_0)
FN:98,(anonymous_1)
FN:125,(anonymous_2)
FN:154,(anonymous_3)
FN:155,(anonymous_4)
FN:156,(anonymous_5)
FN:190,(anonymous_6)
FN:232,(anonymous_7)
FN:278,(anonymous_8)
FN:326,(anonymous_9)
FN:360,(anonymous_10)
FN:381,(anonymous_11)
FN:393,(anonymous_12)
FN:418,(anonymous_13)
FN:430,(anonymous_14)
FN:431,(anonymous_15)
FN:432,(anonymous_16)
FN:441,(anonymous_17)
FN:443,(anonymous_18)
FN:451,(anonymous_19)
FN:458,(anonymous_20)
FNF:21
FNH:0
FNDA:0,(anonymous_0)
FNDA:0,(anonymous_1)
FNDA:0,(anonymous_2)
FNDA:0,(anonymous_3)
FNDA:0,(anonymous_4)
FNDA:0,(anonymous_5)
FNDA:0,(anonymous_6)
FNDA:0,(anonymous_7)
FNDA:0,(anonymous_8)
FNDA:0,(anonymous_9)
FNDA:0,(anonymous_10)
FNDA:0,(anonymous_11)
FNDA:0,(anonymous_12)
FNDA:0,(anonymous_13)
FNDA:0,(anonymous_14)
FNDA:0,(anonymous_15)
FNDA:0,(anonymous_16)
FNDA:0,(anonymous_17)
FNDA:0,(anonymous_18)
FNDA:0,(anonymous_19)
FNDA:0,(anonymous_20)
DA:42,0
DA:44,0
DA:52,0
DA:53,0
DA:54,0
DA:60,0
DA:61,0
DA:62,0
DA:64,0
DA:65,0
DA:67,0
DA:68,0
DA:69,0
DA:70,0
DA:71,0
DA:74,0
DA:83,0
DA:84,0
DA:99,0
DA:100,0
DA:102,0
DA:108,0
DA:109,0
DA:112,0
DA:118,0
DA:126,0
DA:129,0
DA:130,0
DA:140,0
DA:141,0
DA:142,0
DA:145,0
DA:146,0
DA:147,0
DA:149,0
DA:150,0
DA:153,0
DA:154,0
DA:155,0
DA:156,0
DA:159,0
DA:160,0
DA:161,0
DA:166,0
DA:167,0
DA:168,0
DA:171,0
DA:172,0
DA:177,0
DA:180,0
DA:181,0
DA:183,0
DA:191,0
DA:192,0
DA:194,0
DA:196,0
DA:197,0
DA:199,0
DA:200,0
DA:201,0
DA:211,0
DA:219,0
DA:233,0
DA:234,0
DA:237,0
DA:239,0
DA:240,0
DA:244,0
DA:246,0
DA:247,0
DA:250,0
DA:252,0
DA:253,0
DA:254,0
DA:263,0
DA:265,0
DA:279,0
DA:280,0
DA:282,0
DA:283,0
DA:284,0
DA:287,0
DA:290,0
DA:291,0
DA:292,0
DA:296,0
DA:297,0
DA:303,0
DA:305,0
DA:313,0
DA:327,0
DA:328,0
DA:330,0
DA:339,0
DA:348,0
DA:362,0
DA:363,0
DA:367,0
DA:368,0
DA:369,0
DA:370,0
DA:374,0
DA:382,0
DA:383,0
DA:384,0
DA:386,0
DA:394,0
DA:395,0
DA:398,0
DA:399,0
DA:400,0
DA:404,0
DA:405,0
DA:406,0
DA:407,0
DA:411,0
DA:412,0
DA:419,0
DA:420,0
DA:421,0
DA:422,0
DA:431,0
DA:432,0
DA:433,0
DA:442,0
DA:444,0
DA:445,0
DA:451,0
DA:452,0
DA:455,0
DA:458,0
DA:459,0
DA:460,0
LF:133
LH:0
BRDA:67,0,0,0
BRDA:67,0,1,0
BRDA:98,1,0,0
BRDA:108,2,0,0
BRDA:108,2,1,0
BRDA:125,3,0,0
BRDA:129,4,0,0
BRDA:129,4,1,0
BRDA:140,5,0,0
BRDA:140,5,1,0
BRDA:166,6,0,0
BRDA:166,6,1,0
BRDA:196,7,0,0
BRDA:196,7,1,0
BRDA:196,8,0,0
BRDA:196,8,1,0
BRDA:199,9,0,0
BRDA:199,9,1,0
BRDA:239,10,0,0
BRDA:239,10,1,0
BRDA:239,11,0,0
BRDA:239,11,1,0
BRDA:246,12,0,0
BRDA:246,12,1,0
BRDA:252,13,0,0
BRDA:252,13,1,0
BRDA:283,14,0,0
BRDA:283,14,1,0
BRDA:291,15,0,0
BRDA:291,15,1,0
BRDA:296,16,0,0
BRDA:296,16,1,0
BRDA:296,17,0,0
BRDA:296,17,1,0
BRDA:327,18,0,0
BRDA:327,18,1,0
BRDA:362,19,0,0
BRDA:362,19,1,0
BRDA:362,20,0,0
BRDA:362,20,1,0
BRDA:367,21,0,0
BRDA:367,21,1,0
BRDA:369,22,0,0
BRDA:369,22,1,0
BRDA:394,23,0,0
BRDA:394,23,1,0
BRDA:399,24,0,0
BRDA:399,24,1,0
BRDA:404,25,0,0
BRDA:404,25,1,0
BRDA:406,26,0,0
BRDA:406,26,1,0
BRDA:444,27,0,0
BRDA:444,27,1,0
BRDA:444,28,0,0
BRDA:444,28,1,0
BRF:56
BRH:0
end_of_record
TN:
SF:src/services/directoryHandle.service.ts
FN:25,openDB
FN:26,(anonymous_1)
FN:29,(anonymous_2)
FN:30,(anonymous_3)
FN:32,(anonymous_4)
FN:44,isFileSystemAccessSupported
FN:51,storeDirectoryHandle
FN:55,(anonymous_7)
FN:60,(anonymous_8)
FN:61,(anonymous_9)
FN:63,(anonymous_10)
FN:70,getStoredDirectoryHandle
FN:73,(anonymous_12)
FN:78,(anonymous_13)
FN:79,(anonymous_14)
FN:81,(anonymous_15)
FN:91,clearStoredDirectoryHandle
FN:93,(anonymous_17)
FN:98,(anonymous_18)
FN:99,(anonymous_19)
FN:101,(anonymous_20)
FN:109,verifyPermission
FN:134,requestDirectoryAccess
FN:163,getDownloadsDirectory
FN:190,getAllAudioFiles
FN:226,writeFileWithHandle
FNF:26
FNH:0
FNDA:0,openDB
FNDA:0,(anonymous_1)
FNDA:0,(anonymous_2)
FNDA:0,(anonymous_3)
FNDA:0,(anonymous_4)
FNDA:0,isFileSystemAccessSupported
FNDA:0,storeDirectoryHandle
FNDA:0,(anonymous_7)
FNDA:0,(anonymous_8)
FNDA:0,(anonymous_9)
FNDA:0,(anonymous_10)
FNDA:0,getStoredDirectoryHandle
FNDA:0,(anonymous_12)
FNDA:0,(anonymous_13)
FNDA:0,(anonymous_14)
FNDA:0,(anonymous_15)
FNDA:0,clearStoredDirectoryHandle
FNDA:0,(anonymous_17)
FNDA:0,(anonymous_18)
FNDA:0,(anonymous_19)
FNDA:0,(anonymous_20)
FNDA:0,verifyPermission
FNDA:0,requestDirectoryAccess
FNDA:0,getDownloadsDirectory
FNDA:0,getAllAudioFiles
FNDA:0,writeFileWithHandle
DA:17,0
DA:18,0
DA:19,0
DA:20,0
DA:26,0
DA:27,0
DA:29,0
DA:30,0
DA:32,0
DA:33,0
DA:34,0
DA:35,0
DA:45,0
DA:54,0
DA:55,0
DA:56,0
DA:57,0
DA:58,0
DA:60,0
DA:61,0
DA:63,0
DA:71,0
DA:72,0
DA:73,0
DA:74,0
DA:75,0
DA:76,0
DA:78,0
DA:79,0
DA:81,0
DA:84,0
DA:92,0
DA:93,0
DA:94,0
DA:95,0
DA:96,0
DA:98,0
DA:99,0
DA:101,0
DA:114,0
DA:117,0
DA:118,0
DA:123,0
DA:124,0
DA:127,0
DA:135,0
DA:136,0
DA:139,0
DA:140,0
DA:147,0
DA:149,0
DA:152,0
DA:153,0
DA:155,0
DA:165,0
DA:167,0
DA:169,0
DA:170,0
DA:171,0
DA:175,0
DA:194,0
DA:196,0
DA:197,0
DA:199,0
DA:201,0
DA:205,0
DA:206,0
DA:207,0
DA:208,0
DA:209,0
DA:217,0
DA:221,0
DA:230,0
DA:231,0
DA:232,0
LF:75
LH:0
BRDA:34,0,0,0
BRDA:34,0,1,0
BRDA:45,1,0,0
BRDA:45,1,1,0
BRDA:79,2,0,0
BRDA:79,2,1,0
BRDA:111,3,0,0
BRDA:117,4,0,0
BRDA:117,4,1,0
BRDA:123,5,0,0
BRDA:123,5,1,0
BRDA:135,6,0,0
BRDA:135,6,1,0
BRDA:152,7,0,0
BRDA:152,7,1,0
BRDA:152,8,0,0
BRDA:152,8,1,0
BRDA:167,9,0,0
BRDA:167,9,1,0
BRDA:170,10,0,0
BRDA:170,10,1,0
BRDA:192,11,0,0
BRDA:197,12,0,0
BRDA:197,12,1,0
BRDA:199,13,0,0
BRDA:199,13,1,0
BRDA:206,14,0,0
BRDA:206,14,1,0
BRDA:206,15,0,0
BRDA:206,15,1,0
BRF:30
BRH:0
end_of_record
TN:
SF:src/services/downloadProcessor.service.ts
FN:42,getExistingGroupingTag
FN:80,extractFileMetadata
FN:103,(anonymous_2)
FN:128,(anonymous_3)
FN:154,(anonymous_4)
FN:176,mapToSuperGenre
FN:205,processFile
FN:254,filterAudioFiles
FN:256,(anonymous_8)
FN:267,processDownloads
FN:284,(anonymous_10)
FN:303,(anonymous_11)
FN:305,(anonymous_12)
FN:315,(anonymous_13)
FN:316,(anonymous_14)
FN:317,(anonymous_15)
FN:337,processDownloadsWithHandles
FN:353,(anonymous_17)
FN:377,(anonymous_18)
FN:379,(anonymous_19)
FN:389,(anonymous_20)
FN:390,(anonymous_21)
FN:391,(anonymous_22)
FN:407,reprocessWithUpdatedMap
FN:413,(anonymous_24)
FN:440,(anonymous_25)
FN:454,(anonymous_26)
FN:455,(anonymous_27)
FN:456,(anonymous_28)
FN:481,writeSuperGenreTag
FN:495,writeSuperGenreTagFromMetadata
FN:597,writeTagForSingleFile
FN:648,writeTagsInPlace
FN:653,(anonymous_33)
FN:666,(anonymous_34)
FN:744,getFileDebugMetadata
FN:754,(anonymous_36)
FNF:37
FNH:0
FNDA:0,getExistingGroupingTag
FNDA:0,extractFileMetadata
FNDA:0,(anonymous_2)
FNDA:0,(anonymous_3)
FNDA:0,(anonymous_4)
FNDA:0,mapToSuperGenre
FNDA:0,processFile
FNDA:0,filterAudioFiles
FNDA:0,(anonymous_8)
FNDA:0,processDownloads
FNDA:0,(anonymous_10)
FNDA:0,(anonymous_11)
FNDA:0,(anonymous_12)
FNDA:0,(anonymous_13)
FNDA:0,(anonymous_14)
FNDA:0,(anonymous_15)
FNDA:0,processDownloadsWithHandles
FNDA:0,(anonymous_17)
FNDA:0,(anonymous_18)
FNDA:0,(anonymous_19)
FNDA:0,(anonymous_20)
FNDA:0,(anonymous_21)
FNDA:0,(anonymous_22)
FNDA:0,reprocessWithUpdatedMap
FNDA:0,(anonymous_24)
FNDA:0,(anonymous_25)
FNDA:0,(anonymous_26)
FNDA:0,(anonymous_27)
FNDA:0,(anonymous_28)
FNDA:0,writeSuperGenreTag
FNDA:0,writeSuperGenreTagFromMetadata
FNDA:0,writeTagForSingleFile
FNDA:0,writeTagsInPlace
FNDA:0,(anonymous_33)
FNDA:0,(anonymous_34)
FNDA:0,getFileDebugMetadata
FNDA:0,(anonymous_36)
DA:28,0
DA:29,0
DA:33,0
DA:36,0
DA:43,0
DA:44,0
DA:54,0
DA:55,0
DA:56,0
DA:58,0
DA:59,0
DA:60,0
DA:64,0
DA:67,0
DA:86,0
DA:96,0
DA:99,0
DA:100,0
DA:103,0
DA:107,0
DA:108,0
DA:109,0
DA:111,0
DA:113,0
DA:114,0
DA:116,0
DA:117,0
DA:120,0
DA:121,0
DA:122,0
DA:124,0
DA:125,0
DA:126,0
DA:128,0
DA:129,0
DA:130,0
DA:138,0
DA:139,0
DA:140,0
DA:141,0
DA:142,0
DA:147,0
DA:148,0
DA:149,0
DA:150,0
DA:152,0
DA:153,0
DA:154,0
DA:159,0
DA:180,0
DA:181,0
DA:184,0
DA:185,0
DA:189,0
DA:190,0
DA:194,0
DA:199,0
DA:211,0
DA:213,0
DA:214,0
DA:215,0
DA:219,0
DA:221,0
DA:234,0
DA:235,0
DA:255,0
DA:256,0
DA:273,0
DA:274,0
DA:275,0
DA:277,0
DA:280,0
DA:281,0
DA:283,0
DA:285,0
DA:288,0
DA:289,0
DA:296,0
DA:300,0
DA:303,0
DA:304,0
DA:305,0
DA:306,0
DA:313,0
DA:315,0
DA:316,0
DA:317,0
DA:320,0
DA:322,0
DA:343,0
DA:344,0
DA:346,0
DA:349,0
DA:350,0
DA:352,0
DA:354,0
DA:362,0
DA:363,0
DA:370,0
DA:374,0
DA:377,0
DA:378,0
DA:379,0
DA:380,0
DA:387,0
DA:389,0
DA:390,0
DA:391,0
DA:394,0
DA:396,0
DA:411,0
DA:413,0
DA:415,0
DA:416,0
DA:420,0
DA:422,0
DA:423,0
DA:426,0
DA:434,0
DA:437,0
DA:439,0
DA:440,0
DA:441,0
DA:445,0
DA:452,0
DA:454,0
DA:455,0
DA:456,0
DA:459,0
DA:483,0
DA:488,0
DA:496,0
DA:497,0
DA:500,0
DA:502,0
DA:503,0
DA:505,0
DA:506,0
DA:508,0
DA:509,0
DA:511,0
DA:512,0
DA:514,0
DA:515,0
DA:519,0
DA:520,0
DA:522,0
DA:523,0
DA:525,0
DA:526,0
DA:529,0
DA:530,0
DA:531,0
DA:533,0
DA:534,0
DA:536,0
DA:537,0
DA:538,0
DA:539,0
DA:540,0
DA:547,0
DA:548,0
DA:549,0
DA:550,0
DA:551,0
DA:556,0
DA:562,0
DA:563,0
DA:571,0
DA:572,0
DA:574,0
DA:584,0
DA:586,0
DA:587,0
DA:591,0
DA:601,0
DA:611,0
DA:612,0
DA:613,0
DA:615,0
DA:616,0
DA:617,0
DA:618,0
DA:619,0
DA:621,0
DA:626,0
DA:629,0
DA:630,0
DA:631,0
DA:633,0
DA:652,0
DA:653,0
DA:655,0
DA:656,0
DA:657,0
DA:659,0
DA:662,0
DA:663,0
DA:665,0
DA:667,0
DA:668,0
DA:670,0
DA:671,0
DA:679,0
DA:681,0
DA:683,0
DA:684,0
DA:692,0
DA:701,0
DA:702,0
DA:703,0
DA:704,0
DA:708,0
DA:710,0
DA:745,0
DA:750,0
DA:751,0
DA:753,0
DA:754,0
DA:760,0
DA:762,0
DA:783,0
LF:222
LH:0
BRDA:28,0,0,0
BRDA:28,0,1,0
BRDA:54,1,0,0
BRDA:54,1,1,0
BRDA:55,2,0,0
BRDA:55,2,1,0
BRDA:59,3,0,0
BRDA:59,3,1,0
BRDA:59,4,0,0
BRDA:59,4,1,0
BRDA:60,5,0,0
BRDA:60,5,1,0
BRDA:99,6,0,0
BRDA:99,6,1,0
BRDA:100,7,0,0
BRDA:100,7,1,0
BRDA:103,8,0,0
BRDA:103,8,1,0
BRDA:107,9,0,0
BRDA:107,9,1,0
BRDA:108,10,0,0
BRDA:108,10,1,0
BRDA:113,11,0,0
BRDA:113,11,1,0
BRDA:113,12,0,0
BRDA:113,12,1,0
BRDA:114,13,0,0
BRDA:114,13,1,0
BRDA:117,14,0,0
BRDA:117,14,1,0
BRDA:120,15,0,0
BRDA:120,15,1,0
BRDA:120,16,0,0
BRDA:120,16,1,0
BRDA:122,17,0,0
BRDA:122,17,1,0
BRDA:124,18,0,0
BRDA:124,18,1,0
BRDA:124,19,0,0
BRDA:124,19,1,0
BRDA:124,19,2,0
BRDA:125,20,0,0
BRDA:125,20,1,0
BRDA:126,21,0,0
BRDA:126,21,1,0
BRDA:130,22,0,0
BRDA:130,22,1,0
BRDA:138,23,0,0
BRDA:138,23,1,0
BRDA:140,24,0,0
BRDA:140,24,1,0
BRDA:140,25,0,0
BRDA:140,25,1,0
BRDA:141,26,0,0
BRDA:141,26,1,0
BRDA:142,27,0,0
BRDA:142,27,1,0
BRDA:147,28,0,0
BRDA:147,28,1,0
BRDA:149,29,0,0
BRDA:149,29,1,0
BRDA:160,30,0,0
BRDA:160,30,1,0
BRDA:161,31,0,0
BRDA:161,31,1,0
BRDA:162,32,0,0
BRDA:162,32,1,0
BRDA:184,33,0,0
BRDA:184,33,1,0
BRDA:190,34,0,0
BRDA:190,34,1,0
BRDA:191,35,0,0
BRDA:191,35,1,0
BRDA:211,36,0,0
BRDA:211,36,1,0
BRDA:211,36,2,0
BRDA:219,37,0,0
BRDA:219,37,1,0
BRDA:244,38,0,0
BRDA:244,38,1,0
BRDA:271,39,0,0
BRDA:288,40,0,0
BRDA:288,40,1,0
BRDA:304,41,0,0
BRDA:304,41,1,0
BRDA:341,42,0,0
BRDA:362,43,0,0
BRDA:362,43,1,0
BRDA:378,44,0,0
BRDA:378,44,1,0
BRDA:415,45,0,0
BRDA:415,45,1,0
BRDA:420,46,0,0
BRDA:420,46,1,0
BRDA:422,47,0,0
BRDA:422,47,1,0
BRDA:437,48,0,0
BRDA:437,48,1,0
BRDA:439,49,0,0
BRDA:439,49,1,0
BRDA:502,50,0,0
BRDA:502,50,1,0
BRDA:505,51,0,0
BRDA:505,51,1,0
BRDA:508,52,0,0
BRDA:508,52,1,0
BRDA:511,53,0,0
BRDA:511,53,1,0
BRDA:514,54,0,0
BRDA:514,54,1,0
BRDA:515,55,0,0
BRDA:515,55,1,0
BRDA:519,56,0,0
BRDA:519,56,1,0
BRDA:519,57,0,0
BRDA:519,57,1,0
BRDA:522,58,0,0
BRDA:522,58,1,0
BRDA:525,59,0,0
BRDA:525,59,1,0
BRDA:525,60,0,0
BRDA:525,60,1,0
BRDA:529,61,0,0
BRDA:529,61,1,0
BRDA:530,62,0,0
BRDA:530,62,1,0
BRDA:536,63,0,0
BRDA:536,63,1,0
BRDA:536,64,0,0
BRDA:536,64,1,0
BRDA:538,65,0,0
BRDA:538,65,1,0
BRDA:539,66,0,0
BRDA:539,66,1,0
BRDA:547,67,0,0
BRDA:547,67,1,0
BRDA:547,68,0,0
BRDA:547,68,1,0
BRDA:549,69,0,0
BRDA:549,69,1,0
BRDA:550,70,0,0
BRDA:550,70,1,0
BRDA:554,71,0,0
BRDA:554,71,1,0
BRDA:556,72,0,0
BRDA:556,72,1,0
BRDA:562,73,0,0
BRDA:562,73,1,0
BRDA:562,74,0,0
BRDA:562,74,1,0
BRDA:562,74,2,0
BRDA:571,75,0,0
BRDA:571,75,1,0
BRDA:571,76,0,0
BRDA:571,76,1,0
BRDA:575,77,0,0
BRDA:575,77,1,0
BRDA:577,78,0,0
BRDA:577,78,1,0
BRDA:611,79,0,0
BRDA:611,79,1,0
BRDA:612,80,0,0
BRDA:612,80,1,0
BRDA:616,81,0,0
BRDA:616,81,1,0
BRDA:616,82,0,0
BRDA:616,82,1,0
BRDA:617,83,0,0
BRDA:617,83,1,0
BRDA:618,84,0,0
BRDA:618,84,1,0
BRDA:653,85,0,0
BRDA:653,85,1,0
BRDA:653,85,2,0
BRDA:670,86,0,0
BRDA:670,86,1,0
BRDA:683,87,0,0
BRDA:683,87,1,0
BRDA:695,88,0,0
BRDA:695,88,1,0
BRDA:702,89,0,0
BRDA:702,89,1,0
BRDA:703,90,0,0
BRDA:703,90,1,0
BRDA:704,91,0,0
BRDA:704,91,1,0
BRF:186
BRH:0
end_of_record
TN:
SF:src/services/errorHandling.service.ts
FN:59,(anonymous_0)
FN:142,(anonymous_1)
FN:182,(anonymous_2)
FN:217,(anonymous_3)
FN:256,(anonymous_4)
FN:297,(anonymous_5)
FN:303,(anonymous_6)
FN:310,(anonymous_7)
FN:316,(anonymous_8)
FN:322,(anonymous_9)
FN:329,(anonymous_10)
FN:332,(anonymous_11)
FN:339,(anonymous_12)
FN:347,(anonymous_13)
FN:353,(anonymous_14)
FN:375,(anonymous_15)
FN:385,(anonymous_16)
FN:398,(anonymous_17)
FN:411,(anonymous_18)
FN:416,(anonymous_19)
FN:424,(anonymous_20)
FN:434,(anonymous_21)
FN:435,(anonymous_22)
FNF:23
FNH:0
FNDA:0,(anonymous_0)
FNDA:0,(anonymous_1)
FNDA:0,(anonymous_2)
FNDA:0,(anonymous_3)
FNDA:0,(anonymous_4)
FNDA:0,(anonymous_5)
FNDA:0,(anonymous_6)
FNDA:0,(anonymous_7)
FNDA:0,(anonymous_8)
FNDA:0,(anonymous_9)
FNDA:0,(anonymous_10)
FNDA:0,(anonymous_11)
FNDA:0,(anonymous_12)
FNDA:0,(anonymous_13)
FNDA:0,(anonymous_14)
FNDA:0,(anonymous_15)
FNDA:0,(anonymous_16)
FNDA:0,(anonymous_17)
FNDA:0,(anonymous_18)
FNDA:0,(anonymous_19)
FNDA:0,(anonymous_20)
FNDA:0,(anonymous_21)
FNDA:0,(anonymous_22)
DA:41,0
DA:60,0
DA:61,0
DA:64,0
DA:65,0
DA:75,0
DA:76,0
DA:86,0
DA:87,0
DA:97,0
DA:98,0
DA:108,0
DA:109,0
DA:119,0
DA:120,0
DA:130,0
DA:143,0
DA:146,0
DA:147,0
DA:151,0
DA:152,0
DA:156,0
DA:157,0
DA:161,0
DA:162,0
DA:166,0
DA:167,0
DA:171,0
DA:172,0
DA:176,0
DA:186,0
DA:187,0
DA:189,0
DA:198,0
DA:201,0
DA:202,0
DA:204,0
DA:222,0
DA:223,0
DA:225,0
DA:226,0
DA:227,0
DA:229,0
DA:230,0
DA:233,0
DA:234,0
DA:238,0
DA:243,0
DA:244,0
DA:249,0
DA:250,0
DA:261,0
DA:275,0
DA:277,0
DA:278,0
DA:280,0
DA:281,0
DA:283,0
DA:284,0
DA:286,0
DA:287,0
DA:298,0
DA:304,0
DA:311,0
DA:312,0
DA:313,0
DA:317,0
DA:318,0
DA:319,0
DA:323,0
DA:329,0
DA:333,0
DA:334,0
DA:335,0
DA:336,0
DA:340,0
DA:347,0
DA:354,0
DA:368,0
DA:369,0
DA:372,0
DA:376,0
DA:377,0
DA:379,0
DA:380,0
DA:382,0
DA:386,0
DA:387,0
DA:389,0
DA:390,0
DA:392,0
DA:393,0
DA:395,0
DA:399,0
DA:400,0
DA:402,0
DA:403,0
DA:405,0
DA:412,0
DA:413,0
DA:417,0
DA:418,0
DA:425,0
DA:426,0
DA:427,0
DA:428,0
DA:429,0
DA:430,0
DA:435,0
LF:109
LH:0
BRDA:60,0,0,0
BRDA:60,0,1,0
BRDA:61,1,0,0
BRDA:61,1,1,0
BRDA:61,1,2,0
BRDA:64,2,0,0
BRDA:64,2,1,0
BRDA:64,3,0,0
BRDA:64,3,1,0
BRDA:64,3,2,0
BRDA:75,4,0,0
BRDA:75,4,1,0
BRDA:75,5,0,0
BRDA:75,5,1,0
BRDA:75,5,2,0
BRDA:86,6,0,0
BRDA:86,6,1,0
BRDA:86,7,0,0
BRDA:86,7,1,0
BRDA:86,7,2,0
BRDA:92,8,0,0
BRDA:92,8,1,0
BRDA:97,9,0,0
BRDA:97,9,1,0
BRDA:97,10,0,0
BRDA:97,10,1,0
BRDA:97,10,2,0
BRDA:97,10,3,0
BRDA:108,11,0,0
BRDA:108,11,1,0
BRDA:108,12,0,0
BRDA:108,12,1,0
BRDA:108,12,2,0
BRDA:119,13,0,0
BRDA:119,13,1,0
BRDA:119,14,0,0
BRDA:119,14,1,0
BRDA:119,14,2,0
BRDA:143,15,0,0
BRDA:143,15,1,0
BRDA:146,16,0,0
BRDA:146,16,1,0
BRDA:151,17,0,0
BRDA:151,17,1,0
BRDA:156,18,0,0
BRDA:156,18,1,0
BRDA:161,19,0,0
BRDA:161,19,1,0
BRDA:166,20,0,0
BRDA:166,20,1,0
BRDA:171,21,0,0
BRDA:171,21,1,0
BRDA:184,22,0,0
BRDA:201,23,0,0
BRDA:201,23,1,0
BRDA:202,24,0,0
BRDA:202,24,1,0
BRDA:219,25,0,0
BRDA:220,26,0,0
BRDA:233,27,0,0
BRDA:233,27,1,0
BRDA:233,28,0,0
BRDA:233,28,1,0
BRDA:275,29,0,0
BRDA:275,29,1,0
BRDA:275,29,2,0
BRDA:275,29,3,0
BRDA:298,30,0,0
BRDA:298,30,1,0
BRDA:298,30,2,0
BRDA:304,31,0,0
BRDA:304,31,1,0
BRDA:304,31,2,0
BRDA:304,31,3,0
BRDA:311,32,0,0
BRDA:311,32,1,0
BRDA:311,33,0,0
BRDA:311,33,1,0
BRDA:312,34,0,0
BRDA:312,34,1,0
BRDA:312,35,0,0
BRDA:312,35,1,0
BRDA:317,36,0,0
BRDA:317,36,1,0
BRDA:317,37,0,0
BRDA:317,37,1,0
BRDA:318,38,0,0
BRDA:318,38,1,0
BRDA:318,39,0,0
BRDA:318,39,1,0
BRDA:333,40,0,0
BRDA:333,40,1,0
BRDA:333,41,0,0
BRDA:333,41,1,0
BRDA:334,42,0,0
BRDA:334,42,1,0
BRDA:335,43,0,0
BRDA:335,43,1,0
BRDA:335,44,0,0
BRDA:335,44,1,0
BRDA:369,45,0,0
BRDA:369,45,1,0
BRDA:376,46,0,0
BRDA:376,46,1,0
BRDA:379,47,0,0
BRDA:379,47,1,0
BRDA:379,48,0,0
BRDA:379,48,1,0
BRDA:386,49,0,0
BRDA:386,49,1,0
BRDA:386,50,0,0
BRDA:386,50,1,0
BRDA:389,51,0,0
BRDA:389,51,1,0
BRDA:389,52,0,0
BRDA:389,52,1,0
BRDA:392,53,0,0
BRDA:392,53,1,0
BRDA:399,54,0,0
BRDA:399,54,1,0
BRDA:402,55,0,0
BRDA:402,55,1,0
BRDA:425,56,0,0
BRDA:425,56,1,0
BRDA:425,56,2,0
BRDA:425,56,3,0
BRDA:425,56,4,0
BRF:127
BRH:0
end_of_record
TN:
SF:src/services/errorLogging.service.ts
FN:81,(anonymous_0)
FN:87,(anonymous_1)
FN:95,(anonymous_2)
FN:115,(anonymous_3)
FN:133,(anonymous_4)
FN:152,(anonymous_5)
FN:219,(anonymous_6)
FN:239,(anonymous_7)
FN:254,(anonymous_8)
FN:284,(anonymous_9)
FN:297,(anonymous_10)
FN:309,(anonymous_11)
FN:333,(anonymous_12)
FN:346,(anonymous_13)
FN:350,(anonymous_14)
FN:364,(anonymous_15)
FN:383,(anonymous_16)
FN:403,(anonymous_17)
FN:417,(anonymous_18)
FN:424,(anonymous_19)
FN:444,(anonymous_20)
FN:449,(anonymous_21)
FN:457,(anonymous_22)
FN:465,(anonymous_23)
FN:476,(anonymous_24)
FN:498,(anonymous_25)
FN:508,(anonymous_26)
FN:520,(anonymous_27)
FN:525,(anonymous_28)
FN:529,(anonymous_29)
FN:537,(anonymous_30)
FN:544,(anonymous_31)
FNF:32
FNH:0
FNDA:0,(anonymous_0)
FNDA:0,(anonymous_1)
FNDA:0,(anonymous_2)
FNDA:0,(anonymous_3)
FNDA:0,(anonymous_4)
FNDA:0,(anonymous_5)
FNDA:0,(anonymous_6)
FNDA:0,(anonymous_7)
FNDA:0,(anonymous_8)
FNDA:0,(anonymous_9)
FNDA:0,(anonymous_10)
FNDA:0,(anonymous_11)
FNDA:0,(anonymous_12)
FNDA:0,(anonymous_13)
FNDA:0,(anonymous_14)
FNDA:0,(anonymous_15)
FNDA:0,(anonymous_16)
FNDA:0,(anonymous_17)
FNDA:0,(anonymous_18)
FNDA:0,(anonymous_19)
FNDA:0,(anonymous_20)
FNDA:0,(anonymous_21)
FNDA:0,(anonymous_22)
FNDA:0,(anonymous_23)
FNDA:0,(anonymous_24)
FNDA:0,(anonymous_25)
FNDA:0,(anonymous_26)
FNDA:0,(anonymous_27)
FNDA:0,(anonymous_28)
FNDA:0,(anonymous_29)
FNDA:0,(anonymous_30)
FNDA:0,(anonymous_31)
DA:58,0
DA:59,0
DA:60,0
DA:72,0
DA:73,0
DA:74,0
DA:75,0
DA:76,0
DA:82,0
DA:83,0
DA:84,0
DA:87,0
DA:89,0
DA:100,0
DA:121,0
DA:139,0
DA:159,0
DA:160,0
DA:164,0
DA:165,0
DA:168,0
DA:184,0
DA:185,0
DA:189,0
DA:190,0
DA:193,0
DA:194,0
DA:198,0
DA:199,0
DA:203,0
DA:204,0
DA:208,0
DA:211,0
DA:212,0
DA:225,0
DA:233,0
DA:240,0
DA:241,0
DA:243,0
DA:244,0
DA:247,0
DA:248,0
DA:260,0
DA:262,0
DA:263,0
DA:270,0
DA:271,0
DA:274,0
DA:275,0
DA:278,0
DA:285,0
DA:298,0
DA:310,0
DA:311,0
DA:313,0
DA:316,0
DA:317,0
DA:319,0
DA:320,0
DA:322,0
DA:323,0
DA:325,0
DA:326,0
DA:334,0
DA:335,0
DA:336,0
DA:337,0
DA:339,0
DA:347,0
DA:348,0
DA:349,0
DA:350,0
DA:356,0
DA:357,0
DA:365,0
DA:366,0
DA:367,0
DA:368,0
DA:369,0
DA:375,0
DA:376,0
DA:386,0
DA:404,0
DA:405,0
DA:406,0
DA:407,0
DA:410,0
DA:411,0
DA:412,0
DA:416,0
DA:417,0
DA:418,0
DA:425,0
DA:445,0
DA:449,0
DA:457,0
DA:465,0
DA:477,0
DA:479,0
DA:480,0
DA:483,0
DA:484,0
DA:488,0
DA:489,0
DA:490,0
DA:499,0
DA:509,0
DA:512,0
DA:513,0
DA:514,0
DA:519,0
DA:520,0
DA:526,0
DA:530,0
DA:531,0
DA:532,0
DA:533,0
DA:534,0
DA:538,0
DA:545,0
LF:120
LH:0
BRDA:81,0,0,0
BRDA:97,1,0,0
BRDA:102,2,0,0
BRDA:102,2,1,0
BRDA:117,3,0,0
BRDA:118,4,0,0
BRDA:119,5,0,0
BRDA:135,6,0,0
BRDA:136,7,0,0
BRDA:137,8,0,0
BRDA:156,9,0,0
BRDA:159,10,0,0
BRDA:159,10,1,0
BRDA:164,11,0,0
BRDA:164,11,1,0
BRDA:164,12,0,0
BRDA:164,12,1,0
BRDA:178,13,0,0
BRDA:178,13,1,0
BRDA:179,14,0,0
BRDA:179,14,1,0
BRDA:184,15,0,0
BRDA:184,15,1,0
BRDA:184,16,0,0
BRDA:184,16,1,0
BRDA:193,17,0,0
BRDA:193,17,1,0
BRDA:198,18,0,0
BRDA:198,18,1,0
BRDA:203,19,0,0
BRDA:203,19,1,0
BRDA:211,20,0,0
BRDA:211,20,1,0
BRDA:229,21,0,0
BRDA:229,21,1,0
BRDA:230,22,0,0
BRDA:230,22,1,0
BRDA:243,23,0,0
BRDA:243,23,1,0
BRDA:243,24,0,0
BRDA:243,24,1,0
BRDA:262,25,0,0
BRDA:262,25,1,0
BRDA:270,26,0,0
BRDA:270,26,1,0
BRDA:274,27,0,0
BRDA:274,27,1,0
BRDA:313,28,0,0
BRDA:313,28,1,0
BRDA:313,28,2,0
BRDA:313,28,3,0
BRDA:313,28,4,0
BRDA:349,29,0,0
BRDA:349,29,1,0
BRDA:367,30,0,0
BRDA:367,30,1,0
BRDA:371,31,0,0
BRDA:371,31,1,0
BRDA:405,32,0,0
BRDA:405,32,1,0
BRDA:406,33,0,0
BRDA:406,33,1,0
BRDA:410,34,0,0
BRDA:410,34,1,0
BRDA:410,35,0,0
BRDA:410,35,1,0
BRDA:465,36,0,0
BRDA:465,36,1,0
BRDA:480,37,0,0
BRDA:480,37,1,0
BRDA:483,38,0,0
BRDA:483,38,1,0
BRDA:483,39,0,0
BRDA:483,39,1,0
BRDA:488,40,0,0
BRDA:488,40,1,0
BRDA:513,41,0,0
BRDA:513,41,1,0
BRF:78
BRH:0
end_of_record
TN:
SF:src/services/fileScanner.ts
FN:8,isSupportedAudioFile
FN:10,(anonymous_1)
FN:14,stripAudioExtension
FN:31,(anonymous_3)
FN:55,(anonymous_4)
FNF:5
FNH:0
FNDA:0,isSupportedAudioFile
FNDA:0,(anonymous_1)
FNDA:0,stripAudioExtension
FNDA:0,(anonymous_3)
FNDA:0,(anonymous_4)
DA:6,0
DA:9,0
DA:10,0
DA:15,0
DA:16,0
DA:17,0
DA:18,0
DA:21,0
DA:31,0
DA:33,0
DA:34,0
DA:38,0
DA:39,0
DA:42,0
DA:45,0
DA:49,0
DA:51,0
DA:52,0
DA:55,0
DA:56,0
DA:57,0
DA:58,0
DA:59,0
DA:62,0
DA:63,0
DA:64,0
DA:68,0
DA:69,0
DA:71,0
DA:72,0
DA:77,0
DA:79,0
DA:81,0
DA:82,0
DA:85,0
LF:35
LH:0
BRDA:17,0,0,0
BRDA:17,0,1,0
BRDA:33,1,0,0
BRDA:33,1,1,0
BRDA:38,2,0,0
BRDA:38,2,1,0
BRDA:55,3,0,0
BRDA:57,4,0,0
BRDA:57,4,1,0
BRDA:57,5,0,0
BRDA:57,5,1,0
BRDA:62,6,0,0
BRDA:62,6,1,0
BRDA:68,7,0,0
BRDA:68,7,1,0
BRDA:71,8,0,0
BRDA:71,8,1,0
BRDA:81,9,0,0
BRDA:81,9,1,0
BRF:19
BRH:0
end_of_record
TN:
SF:src/services/genreMapping.service.ts
FN:8,(anonymous_0)
FN:32,(anonymous_1)
FN:33,(anonymous_2)
FN:37,(anonymous_3)
FN:38,(anonymous_4)
FN:51,(anonymous_5)
FN:68,(anonymous_6)
FN:84,(anonymous_7)
FN:108,(anonymous_8)
FN:109,(anonymous_9)
FN:119,(anonymous_10)
FNF:11
FNH:0
FNDA:0,(anonymous_0)
FNDA:0,(anonymous_1)
FNDA:0,(anonymous_2)
FNDA:0,(anonymous_3)
FNDA:0,(anonymous_4)
FNDA:0,(anonymous_5)
FNDA:0,(anonymous_6)
FNDA:0,(anonymous_7)
FNDA:0,(anonymous_8)
FNDA:0,(anonymous_9)
FNDA:0,(anonymous_10)
DA:9,0
DA:13,0
DA:14,0
DA:18,0
DA:21,0
DA:26,0
DA:27,0
DA:28,0
DA:32,0
DA:33,0
DA:36,0
DA:37,0
DA:38,0
DA:45,0
DA:52,0
DA:60,0
DA:61,0
DA:69,0
DA:76,0
DA:77,0
DA:85,0
DA:86,0
DA:87,0
DA:90,0
DA:98,0
DA:99,0
DA:102,0
DA:109,0
DA:110,0
DA:113,0
DA:120,0
DA:127,0
DA:128,0
DA:129,0
DA:132,0
LF:35
LH:0
BRDA:13,0,0,0
BRDA:13,0,1,0
BRDA:18,1,0,0
BRDA:18,1,1,0
BRDA:26,2,0,0
BRDA:26,2,1,0
BRDA:60,3,0,0
BRDA:60,3,1,0
BRDA:76,4,0,0
BRDA:76,4,1,0
BRDA:86,5,0,0
BRDA:86,5,1,0
BRDA:98,6,0,0
BRDA:98,6,1,0
BRDA:127,7,0,0
BRDA:127,7,1,0
BRDA:132,8,0,0
BRDA:132,8,1,0
BRF:18
BRH:0
end_of_record
TN:
SF:src/services/metadataExtractor.ts
FN:20,(anonymous_0)
FN:33,(anonymous_1)
FN:112,(anonymous_2)
FN:134,(anonymous_3)
FN:153,(anonymous_4)
FN:174,(anonymous_5)
FN:177,(anonymous_6)
FN:342,(anonymous_7)
FN:396,(anonymous_8)
FN:414,(anonymous_9)
FNF:10
FNH:5
FNDA:6,(anonymous_0)
FNDA:9,(anonymous_1)
FNDA:34,(anonymous_2)
FNDA:2,(anonymous_3)
FNDA:0,(anonymous_4)
FNDA:0,(anonymous_5)
FNDA:0,(anonymous_6)
FNDA:0,(anonymous_7)
FNDA:4,(anonymous_8)
FNDA:0,(anonymous_9)
DA:9,1
DA:12,1
DA:15,1
DA:20,1
DA:21,6
DA:22,0
DA:24,6
DA:25,6
DA:27,0
DA:33,1
DA:34,9
DA:37,9
DA:38,9
DA:39,8
DA:40,8
DA:41,8
DA:46,1
DA:47,1
DA:48,0
DA:49,0
DA:50,0
DA:54,1
DA:58,1
DA:59,1
DA:63,1
DA:112,1
DA:113,34
DA:114,0
DA:115,0
DA:121,0
DA:124,34
DA:126,34
DA:135,2
DA:136,2
DA:140,32
DA:141,1
DA:142,1
DA:145,31
DA:147,0
DA:153,0
DA:160,0
DA:163,0
DA:173,0
DA:174,0
DA:175,0
DA:176,0
DA:177,0
DA:179,0
DA:180,0
DA:185,31
DA:188,31
DA:189,31
DA:190,31
DA:191,31
DA:192,31
DA:193,31
DA:194,31
DA:195,31
DA:196,31
DA:199,31
DA:200,31
DA:201,31
DA:202,31
DA:203,31
DA:204,31
DA:205,31
DA:206,31
DA:207,31
DA:209,31
DA:210,0
DA:224,31
DA:225,30
DA:226,30
DA:227,3
DA:228,3
DA:229,3
DA:230,3
DA:237,31
DA:238,31
DA:239,31
DA:240,0
DA:251,31
DA:252,31
DA:255,31
DA:257,31
DA:258,100
DA:259,11
DA:262,11
DA:263,24
DA:264,4
DA:266,24
DA:267,4
DA:269,24
DA:270,2
DA:272,24
DA:278,6
DA:279,6
DA:280,5
DA:281,5
DA:284,24
DA:285,2
DA:287,24
DA:288,1
DA:290,24
DA:291,3
DA:292,3
DA:293,2
DA:296,24
DA:297,2
DA:302,11
DA:303,10
DA:304,10
DA:311,31
DA:312,31
DA:314,31
DA:338,31
DA:340,31
DA:341,0
DA:342,0
DA:345,31
DA:347,3
DA:350,3
DA:351,3
DA:354,3
DA:378,3
DA:379,3
DA:380,0
DA:381,0
DA:384,3
DA:389,1
DA:396,1
DA:400,4
DA:403,4
DA:404,8
DA:405,8
DA:406,8
DA:408,8
DA:409,2
DA:413,8
DA:414,0
DA:418,8
LF:141
LH:115
BRDA:21,0,0,0
BRDA:21,0,1,6
BRDA:21,1,0,6
BRDA:21,1,1,0
BRDA:21,1,2,0
BRDA:24,2,0,6
BRDA:24,2,1,0
BRDA:34,3,0,0
BRDA:34,3,1,9
BRDA:38,4,0,8
BRDA:38,4,1,1
BRDA:40,5,0,8
BRDA:40,5,1,0
BRDA:40,6,0,8
BRDA:40,6,1,8
BRDA:47,7,0,0
BRDA:47,7,1,1
BRDA:49,8,0,0
BRDA:49,8,1,0
BRDA:49,9,0,0
BRDA:49,9,1,0
BRDA:58,10,0,1
BRDA:58,10,1,0
BRDA:113,11,0,0
BRDA:113,11,1,34
BRDA:140,12,0,1
BRDA:140,12,1,31
BRDA:145,13,0,0
BRDA:145,13,1,31
BRDA:150,14,0,0
BRDA:150,14,1,0
BRDA:151,15,0,0
BRDA:151,15,1,0
BRDA:155,16,0,0
BRDA:155,16,1,0
BRDA:167,17,0,0
BRDA:167,17,1,0
BRDA:168,18,0,0
BRDA:168,18,1,0
BRDA:169,19,0,0
BRDA:169,19,1,0
BRDA:173,20,0,0
BRDA:173,20,1,0
BRDA:176,21,0,0
BRDA:176,21,1,0
BRDA:179,22,0,0
BRDA:179,22,1,0
BRDA:199,23,0,31
BRDA:199,23,1,0
BRDA:200,24,0,31
BRDA:200,24,1,8
BRDA:201,25,0,31
BRDA:201,25,1,8
BRDA:202,26,0,31
BRDA:202,26,1,30
BRDA:203,27,0,31
BRDA:203,27,1,30
BRDA:204,28,0,31
BRDA:204,28,1,30
BRDA:205,29,0,31
BRDA:205,29,1,29
BRDA:206,30,0,31
BRDA:206,30,1,30
BRDA:207,31,0,31
BRDA:207,31,1,30
BRDA:209,32,0,0
BRDA:209,32,1,31
BRDA:224,33,0,30
BRDA:224,33,1,1
BRDA:225,34,0,30
BRDA:225,34,1,28
BRDA:226,35,0,3
BRDA:226,35,1,27
BRDA:228,36,0,3
BRDA:228,36,1,0
BRDA:230,37,0,0
BRDA:230,37,1,3
BRDA:237,38,0,31
BRDA:237,38,1,0
BRDA:238,39,0,2
BRDA:238,39,1,29
BRDA:239,40,0,0
BRDA:239,40,1,31
BRDA:251,41,0,31
BRDA:251,41,1,0
BRDA:251,42,0,31
BRDA:251,42,1,31
BRDA:251,42,2,23
BRDA:251,42,3,23
BRDA:251,42,4,1
BRDA:251,42,5,1
BRDA:251,42,6,1
BRDA:251,42,7,0
BRDA:251,42,8,0
BRDA:252,43,0,0
BRDA:252,43,1,31
BRDA:258,44,0,11
BRDA:258,44,1,89
BRDA:263,45,0,4
BRDA:263,45,1,20
BRDA:263,46,0,24
BRDA:263,46,1,7
BRDA:263,46,2,5
BRDA:263,46,3,4
BRDA:264,47,0,4
BRDA:264,47,1,0
BRDA:266,48,0,4
BRDA:266,48,1,20
BRDA:266,49,0,24
BRDA:266,49,1,11
BRDA:266,49,2,9
BRDA:266,49,3,8
BRDA:267,50,0,4
BRDA:267,50,1,0
BRDA:269,51,0,2
BRDA:269,51,1,22
BRDA:269,52,0,24
BRDA:269,52,1,18
BRDA:269,52,2,17
BRDA:269,52,3,16
BRDA:270,53,0,2
BRDA:270,53,1,0
BRDA:272,54,0,6
BRDA:272,54,1,18
BRDA:272,55,0,24
BRDA:272,55,1,20
BRDA:272,55,2,18
BRDA:272,55,3,16
BRDA:272,55,4,16
BRDA:272,55,5,15
BRDA:272,55,6,15
BRDA:272,55,7,15
BRDA:272,55,8,14
BRDA:272,55,9,14
BRDA:272,55,10,14
BRDA:272,55,11,14
BRDA:279,56,0,5
BRDA:279,56,1,1
BRDA:281,57,0,0
BRDA:281,57,1,5
BRDA:284,58,0,2
BRDA:284,58,1,22
BRDA:284,59,0,24
BRDA:284,59,1,22
BRDA:284,59,2,21
BRDA:284,59,3,20
BRDA:285,60,0,2
BRDA:285,60,1,0
BRDA:287,61,0,1
BRDA:287,61,1,23
BRDA:287,62,0,24
BRDA:287,62,1,24
BRDA:288,63,0,1
BRDA:288,63,1,0
BRDA:290,64,0,3
BRDA:290,64,1,21
BRDA:290,65,0,24
BRDA:290,65,1,23
BRDA:290,65,2,20
BRDA:290,65,3,20
BRDA:291,66,0,3
BRDA:291,66,1,0
BRDA:291,67,0,0
BRDA:291,67,1,0
BRDA:292,68,0,2
BRDA:292,68,1,1
BRDA:292,69,0,3
BRDA:292,69,1,3
BRDA:292,69,2,3
BRDA:296,70,0,2
BRDA:296,70,1,22
BRDA:296,71,0,24
BRDA:296,71,1,24
BRDA:296,71,2,23
BRDA:296,71,3,23
BRDA:296,71,4,23
BRDA:297,72,0,2
BRDA:297,72,1,0
BRDA:302,73,0,10
BRDA:302,73,1,1
BRDA:302,74,0,11
BRDA:302,74,1,3
BRDA:302,74,2,3
BRDA:302,74,3,3
BRDA:302,74,4,1
BRDA:302,74,5,1
BRDA:302,74,6,1
BRDA:302,74,7,1
BRDA:303,75,0,0
BRDA:303,75,1,10
BRDA:340,76,0,0
BRDA:340,76,1,31
BRDA:379,77,0,0
BRDA:379,77,1,3
BRDA:408,78,0,2
BRDA:408,78,1,6
BRDA:413,79,0,0
BRDA:413,79,1,8
BRDA:413,80,0,8
BRDA:413,80,1,5
BRF:200
BRH:144
end_of_record
TN:
SF:src/services/normalization.service.ts
FN:41,(anonymous_0)
FN:54,(anonymous_1)
FN:64,(anonymous_2)
FN:85,(anonymous_3)
FN:96,(anonymous_4)
FN:124,(anonymous_5)
FN:154,(anonymous_6)
FN:164,(anonymous_7)
FN:171,(anonymous_8)
FN:172,(anonymous_9)
FN:199,(anonymous_10)
FN:221,(anonymous_11)
FN:230,(anonymous_12)
FN:230,(anonymous_13)
FN:238,(anonymous_14)
FN:252,(anonymous_15)
FNF:16
FNH:14
FNDA:108,(anonymous_0)
FNDA:108,(anonymous_1)
FNDA:108,(anonymous_2)
FNDA:135,(anonymous_3)
FNDA:27,(anonymous_4)
FNDA:1,(anonymous_5)
FNDA:34,(anonymous_6)
FNDA:1,(anonymous_7)
FNDA:1,(anonymous_8)
FNDA:0,(anonymous_9)
FNDA:0,(anonymous_10)
FNDA:34,(anonymous_11)
FNDA:1,(anonymous_12)
FNDA:1,(anonymous_13)
FNDA:136,(anonymous_14)
FNDA:34,(anonymous_15)
DA:17,34
DA:26,34
DA:31,34
DA:42,108
DA:43,108
DA:55,108
DA:65,108
DA:86,135
DA:87,135
DA:88,540
DA:90,135
DA:97,27
DA:100,27
DA:102,27
DA:103,1
DA:107,27
DA:108,27
DA:109,0
DA:113,27
DA:114,27
DA:115,0
DA:118,27
DA:125,1
DA:126,1
DA:129,1
DA:130,24
DA:131,2
DA:136,1
DA:137,5
DA:138,0
DA:143,1
DA:144,0
DA:147,1
DA:155,34
DA:157,27
DA:159,27
DA:160,26
DA:164,1
DA:170,1
DA:171,1
DA:174,0
DA:175,0
DA:176,0
DA:179,1
DA:180,1
DA:182,1
DA:183,1
DA:186,1
DA:188,1
DA:189,1
DA:190,0
DA:191,0
DA:192,0
DA:193,0
DA:194,0
DA:199,0
DA:200,0
DA:201,0
DA:202,0
DA:203,0
DA:205,0
DA:206,0
DA:213,1
DA:215,1
DA:222,34
DA:225,27
DA:228,27
DA:229,27
DA:230,27
DA:232,27
DA:239,136
DA:241,108
DA:242,108
DA:243,108
DA:244,108
DA:246,108
DA:254,34
DA:257,34
DA:260,34
DA:261,34
DA:262,34
DA:263,34
DA:265,34
LF:83
LH:64
BRDA:42,0,0,0
BRDA:42,0,1,108
BRDA:114,1,0,0
BRDA:114,1,1,27
BRDA:130,2,0,2
BRDA:130,2,1,22
BRDA:137,3,0,0
BRDA:137,3,1,5
BRDA:143,4,0,0
BRDA:143,4,1,1
BRDA:143,5,0,1
BRDA:143,5,1,0
BRDA:155,6,0,7
BRDA:155,6,1,27
BRDA:159,7,0,26
BRDA:159,7,1,1
BRDA:174,8,0,0
BRDA:174,8,1,0
BRDA:182,9,0,1
BRDA:182,9,1,0
BRDA:186,10,0,1
BRDA:186,10,1,0
BRDA:190,11,0,0
BRDA:190,11,1,0
BRDA:193,12,0,0
BRDA:193,12,1,0
BRDA:201,13,0,0
BRDA:201,13,1,0
BRDA:203,14,0,0
BRDA:203,14,1,0
BRDA:222,15,0,7
BRDA:222,15,1,27
BRDA:239,16,0,28
BRDA:239,16,1,108
BRF:34
BRH:17
end_of_record
TN:
SF:src/services/queryWrapper.service.ts
FN:27,waitForAuthStability
FN:38,(anonymous_1)
FN:39,(anonymous_2)
FN:62,waitForValidation
FN:74,(anonymous_4)
FN:75,(anonymous_5)
FN:99,safeQuery
FN:132,(anonymous_7)
FN:139,(anonymous_8)
FN:140,(anonymous_9)
FN:183,checkForAuthTokens
FN:185,(anonymous_11)
FN:198,createQueryWrapper
FN:199,(anonymous_13)
FNF:14
FNH:0
FNDA:0,waitForAuthStability
FNDA:0,(anonymous_1)
FNDA:0,(anonymous_2)
FNDA:0,waitForValidation
FNDA:0,(anonymous_4)
FNDA:0,(anonymous_5)
FNDA:0,safeQuery
FNDA:0,(anonymous_7)
FNDA:0,(anonymous_8)
FNDA:0,(anonymous_9)
FNDA:0,checkForAuthTokens
FNDA:0,(anonymous_11)
FNDA:0,createQueryWrapper
FNDA:0,(anonymous_13)
DA:28,0
DA:31,0
DA:32,0
DA:35,0
DA:38,0
DA:39,0
DA:40,0
DA:41,0
DA:42,0
DA:43,0
DA:44,0
DA:45,0
DA:49,0
DA:50,0
DA:51,0
DA:52,0
DA:53,0
DA:63,0
DA:66,0
DA:67,0
DA:68,0
DA:71,0
DA:74,0
DA:75,0
DA:76,0
DA:77,0
DA:78,0
DA:79,0
DA:80,0
DA:81,0
DA:85,0
DA:86,0
DA:87,0
DA:88,0
DA:89,0
DA:103,0
DA:105,0
DA:107,0
DA:108,0
DA:110,0
DA:111,0
DA:116,0
DA:120,0
DA:121,0
DA:122,0
DA:123,0
DA:131,0
DA:132,0
DA:133,0
DA:136,0
DA:137,0
DA:140,0
DA:141,0
DA:146,0
DA:148,0
DA:154,0
DA:156,0
DA:158,0
DA:159,0
DA:161,0
DA:164,0
DA:171,0
DA:172,0
DA:184,0
DA:185,0
DA:186,0
DA:188,0
DA:190,0
DA:199,0
DA:200,0
LF:70
LH:0
BRDA:27,0,0,0
BRDA:31,1,0,0
BRDA:31,1,1,0
BRDA:40,2,0,0
BRDA:40,2,1,0
BRDA:49,3,0,0
BRDA:49,3,1,0
BRDA:62,4,0,0
BRDA:66,5,0,0
BRDA:66,5,1,0
BRDA:76,6,0,0
BRDA:76,6,1,0
BRDA:85,7,0,0
BRDA:85,7,1,0
BRDA:103,8,0,0
BRDA:103,9,0,0
BRDA:107,10,0,0
BRDA:107,10,1,0
BRDA:110,11,0,0
BRDA:110,11,1,0
BRDA:121,12,0,0
BRDA:121,12,1,0
BRDA:121,13,0,0
BRDA:121,13,1,0
BRDA:158,14,0,0
BRDA:158,14,1,0
BRDA:166,15,0,0
BRDA:166,15,1,0
BRDA:174,16,0,0
BRDA:174,16,1,0
BRDA:186,17,0,0
BRDA:186,17,1,0
BRDA:201,18,0,0
BRDA:201,18,1,0
BRF:34
BRH:0
end_of_record
TN:
SF:src/services/session.service.ts
FN:14,(anonymous_0)
FN:62,(anonymous_1)
FN:82,(anonymous_2)
FN:94,(anonymous_3)
FN:115,(anonymous_4)
FN:125,(anonymous_5)
FN:137,(anonymous_6)
FN:147,(anonymous_7)
FN:153,(anonymous_8)
FNF:9
FNH:0
FNDA:0,(anonymous_0)
FNDA:0,(anonymous_1)
FNDA:0,(anonymous_2)
FNDA:0,(anonymous_3)
FNDA:0,(anonymous_4)
FNDA:0,(anonymous_5)
FNDA:0,(anonymous_6)
FNDA:0,(anonymous_7)
FNDA:0,(anonymous_8)
DA:15,0
DA:16,0
DA:18,0
DA:19,0
DA:29,0
DA:30,0
DA:31,0
DA:33,0
DA:34,0
DA:35,0
DA:38,0
DA:47,0
DA:48,0
DA:63,0
DA:64,0
DA:66,0
DA:71,0
DA:72,0
DA:83,0
DA:85,0
DA:86,0
DA:88,0
DA:95,0
DA:96,0
DA:103,0
DA:105,0
DA:116,0
DA:118,0
DA:119,0
DA:130,0
DA:132,0
DA:135,0
DA:137,0
DA:138,0
DA:140,0
DA:141,0
DA:143,0
DA:147,0
DA:154,0
DA:155,0
DA:158,0
DA:159,0
DA:161,0
DA:166,0
DA:167,0
LF:45
LH:0
BRDA:18,0,0,0
BRDA:18,0,1,0
BRDA:33,1,0,0
BRDA:33,1,1,0
BRDA:83,2,0,0
BRDA:83,2,1,0
BRDA:95,3,0,0
BRDA:95,3,1,0
BRDA:95,4,0,0
BRDA:95,4,1,0
BRDA:106,5,0,0
BRDA:106,5,1,0
BRDA:116,6,0,0
BRDA:116,6,1,0
BRDA:132,7,0,0
BRDA:132,7,1,0
BRDA:132,8,0,0
BRDA:132,8,1,0
BRDA:140,9,0,0
BRDA:140,9,1,0
BRDA:154,10,0,0
BRDA:154,10,1,0
BRDA:162,11,0,0
BRDA:162,11,1,0
BRF:24
BRH:0
end_of_record
TN:
SF:src/services/sessionCache.service.ts
FN:41,(anonymous_0)
FN:51,(anonymous_1)
FN:72,(anonymous_2)
FN:81,(anonymous_3)
FN:188,(anonymous_4)
FN:215,(anonymous_5)
FN:314,(anonymous_6)
FN:325,(anonymous_7)
FN:327,(anonymous_8)
FN:335,(anonymous_9)
FN:342,(anonymous_10)
FN:343,(anonymous_11)
FN:358,(anonymous_12)
FN:367,(anonymous_13)
FN:391,(anonymous_14)
FNF:15
FNH:0
FNDA:0,(anonymous_0)
FNDA:0,(anonymous_1)
FNDA:0,(anonymous_2)
FNDA:0,(anonymous_3)
FNDA:0,(anonymous_4)
FNDA:0,(anonymous_5)
FNDA:0,(anonymous_6)
FNDA:0,(anonymous_7)
FNDA:0,(anonymous_8)
FNDA:0,(anonymous_9)
FNDA:0,(anonymous_10)
FNDA:0,(anonymous_11)
FNDA:0,(anonymous_12)
FNDA:0,(anonymous_13)
FNDA:0,(anonymous_14)
DA:21,0
DA:22,0
DA:23,0
DA:28,0
DA:29,0
DA:30,0
DA:33,0
DA:34,0
DA:35,0
DA:38,0
DA:39,0
DA:42,0
DA:43,0
DA:45,0
DA:52,0
DA:53,0
DA:57,0
DA:58,0
DA:60,0
DA:73,0
DA:74,0
DA:75,0
DA:86,0
DA:87,0
DA:89,0
DA:97,0
DA:98,0
DA:103,0
DA:110,0
DA:111,0
DA:116,0
DA:123,0
DA:124,0
DA:125,0
DA:126,0
DA:129,0
DA:130,0
DA:131,0
DA:133,0
DA:134,0
DA:135,0
DA:136,0
DA:138,0
DA:143,0
DA:144,0
DA:145,0
DA:146,0
DA:147,0
DA:152,0
DA:153,0
DA:154,0
DA:157,0
DA:164,0
DA:166,0
DA:167,0
DA:169,0
DA:172,0
DA:173,0
DA:174,0
DA:175,0
DA:177,0
DA:178,0
DA:180,0
DA:189,0
DA:194,0
DA:195,0
DA:203,0
DA:216,0
DA:217,0
DA:218,0
DA:220,0
DA:221,0
DA:222,0
DA:225,0
DA:226,0
DA:227,0
DA:231,0
DA:232,0
DA:237,0
DA:240,0
DA:241,0
DA:242,0
DA:243,0
DA:245,0
DA:246,0
DA:252,0
DA:254,0
DA:255,0
DA:259,0
DA:260,0
DA:265,0
DA:268,0
DA:274,0
DA:275,0
DA:278,0
DA:282,0
DA:284,0
DA:285,0
DA:286,0
DA:290,0
DA:291,0
DA:295,0
DA:298,0
DA:299,0
DA:300,0
DA:302,0
DA:303,0
DA:306,0
DA:307,0
DA:315,0
DA:316,0
DA:317,0
DA:318,0
DA:319,0
DA:326,0
DA:327,0
DA:328,0
DA:335,0
DA:336,0
DA:339,0
DA:341,0
DA:342,0
DA:343,0
DA:344,0
DA:345,0
DA:351,0
DA:359,0
DA:360,0
DA:361,0
DA:376,0
DA:377,0
DA:392,0
DA:396,0
LF:133
LH:0
BRDA:42,0,0,0
BRDA:42,0,1,0
BRDA:52,1,0,0
BRDA:52,1,1,0
BRDA:73,2,0,0
BRDA:73,2,1,0
BRDA:82,3,0,0
BRDA:84,4,0,0
BRDA:91,5,0,0
BRDA:91,5,1,0
BRDA:97,6,0,0
BRDA:97,6,1,0
BRDA:97,7,0,0
BRDA:97,7,1,0
BRDA:110,8,0,0
BRDA:110,8,1,0
BRDA:110,9,0,0
BRDA:110,9,1,0
BRDA:110,9,2,0
BRDA:110,9,3,0
BRDA:110,9,4,0
BRDA:123,10,0,0
BRDA:123,10,1,0
BRDA:124,11,0,0
BRDA:124,11,1,0
BRDA:124,12,0,0
BRDA:124,12,1,0
BRDA:143,13,0,0
BRDA:143,13,1,0
BRDA:145,14,0,0
BRDA:145,14,1,0
BRDA:145,15,0,0
BRDA:145,15,1,0
BRDA:152,16,0,0
BRDA:152,16,1,0
BRDA:152,17,0,0
BRDA:152,17,1,0
BRDA:152,17,2,0
BRDA:152,17,3,0
BRDA:159,18,0,0
BRDA:159,18,1,0
BRDA:164,19,0,0
BRDA:164,19,1,0
BRDA:166,20,0,0
BRDA:166,20,1,0
BRDA:177,21,0,0
BRDA:177,21,1,0
BRDA:189,22,0,0
BRDA:189,22,1,0
BRDA:189,22,2,0
BRDA:189,22,3,0
BRDA:194,23,0,0
BRDA:194,23,1,0
BRDA:194,24,0,0
BRDA:194,24,1,0
BRDA:220,25,0,0
BRDA:220,25,1,0
BRDA:225,26,0,0
BRDA:225,26,1,0
BRDA:231,27,0,0
BRDA:231,27,1,0
BRDA:254,28,0,0
BRDA:254,28,1,0
BRDA:254,29,0,0
BRDA:254,29,1,0
BRDA:255,30,0,0
BRDA:255,30,1,0
BRDA:255,30,2,0
BRDA:259,31,0,0
BRDA:259,31,1,0
BRDA:275,32,0,0
BRDA:275,32,1,0
BRDA:286,33,0,0
BRDA:286,33,1,0
BRDA:286,33,2,0
BRDA:290,34,0,0
BRDA:290,34,1,0
BRDA:290,35,0,0
BRDA:290,35,1,0
BRDA:328,36,0,0
BRDA:328,36,1,0
BRDA:328,36,2,0
BRDA:328,36,3,0
BRDA:328,36,4,0
BRDA:341,37,0,0
BRDA:341,37,1,0
BRDA:344,38,0,0
BRDA:344,38,1,0
BRDA:344,39,0,0
BRDA:344,39,1,0
BRDA:379,40,0,0
BRDA:379,40,1,0
BRDA:380,41,0,0
BRDA:380,41,1,0
BRDA:392,42,0,0
BRDA:392,42,1,0
BRF:96
BRH:0
end_of_record
TN:
SF:src/services/slskdClient.service.ts
FN:18,(anonymous_0)
FN:37,(anonymous_1)
FN:54,(anonymous_2)
FN:90,(anonymous_3)
FN:101,(anonymous_4)
FN:122,(anonymous_5)
FN:138,(anonymous_6)
FN:148,(anonymous_7)
FN:161,(anonymous_8)
FN:167,(anonymous_9)
FNF:10
FNH:0
FNDA:0,(anonymous_0)
FNDA:0,(anonymous_1)
FNDA:0,(anonymous_2)
FNDA:0,(anonymous_3)
FNDA:0,(anonymous_4)
FNDA:0,(anonymous_5)
FNDA:0,(anonymous_6)
FNDA:0,(anonymous_7)
FNDA:0,(anonymous_8)
FNDA:0,(anonymous_9)
DA:23,0
DA:24,0
DA:30,0
DA:36,0
DA:37,0
DA:38,0
DA:42,0
DA:43,0
DA:44,0
DA:47,0
DA:55,0
DA:57,0
DA:58,0
DA:66,0
DA:67,0
DA:68,0
DA:72,0
DA:73,0
DA:74,0
DA:75,0
DA:78,0
DA:80,0
DA:82,0
DA:83,0
DA:93,0
DA:105,0
DA:127,0
DA:129,0
DA:132,0
DA:134,0
DA:138,0
DA:141,0
DA:149,0
DA:165,0
DA:166,0
DA:168,0
LF:36
LH:0
BRDA:21,0,0,0
BRDA:36,1,0,0
BRDA:36,1,1,0
BRDA:43,2,0,0
BRDA:43,2,1,0
BRDA:66,3,0,0
BRDA:66,3,1,0
BRDA:73,4,0,0
BRDA:73,4,1,0
BRDA:73,5,0,0
BRDA:73,5,1,0
BRDA:125,6,0,0
BRDA:129,7,0,0
BRDA:129,7,1,0
BRDA:168,8,0,0
BRDA:168,8,1,0
BRF:16
BRH:0
end_of_record
TN:
SF:src/services/slskdStorage.service.ts
FN:24,(anonymous_0)
FN:37,(anonymous_1)
FN:47,(anonymous_2)
FN:54,(anonymous_3)
FN:62,(anonymous_4)
FNF:5
FNH:0
FNDA:0,(anonymous_0)
FNDA:0,(anonymous_1)
FNDA:0,(anonymous_2)
FNDA:0,(anonymous_3)
FNDA:0,(anonymous_4)
DA:10,0
DA:12,0
DA:25,0
DA:26,0
DA:27,0
DA:28,0
DA:30,0
DA:38,0
DA:39,0
DA:40,0
DA:41,0
DA:48,0
DA:55,0
DA:56,0
DA:63,0
LF:15
LH:0
BRDA:27,0,0,0
BRDA:27,0,1,0
BRDA:56,1,0,0
BRDA:56,1,1,0
BRF:4
BRH:0
end_of_record
TN:
SF:src/services/spotifyAuthManager.service.ts
FN:81,(anonymous_0)
FN:88,(anonymous_1)
FN:91,(anonymous_2)
FN:96,(anonymous_3)
FN:100,(anonymous_4)
FN:127,(anonymous_5)
FN:174,(anonymous_6)
FN:203,(anonymous_7)
FN:204,(anonymous_8)
FN:301,(anonymous_9)
FN:365,(anonymous_10)
FN:411,(anonymous_11)
FN:455,(anonymous_12)
FN:475,(anonymous_13)
FN:513,(anonymous_14)
FN:554,(anonymous_15)
FN:583,(anonymous_16)
FN:591,(anonymous_17)
FN:600,(anonymous_18)
FN:603,(anonymous_19)
FN:612,(anonymous_20)
FN:637,(anonymous_21)
FN:55,(anonymous_22)
FNF:23
FNH:0
FNDA:0,(anonymous_0)
FNDA:0,(anonymous_1)
FNDA:0,(anonymous_2)
FNDA:0,(anonymous_3)
FNDA:0,(anonymous_4)
FNDA:0,(anonymous_5)
FNDA:0,(anonymous_6)
FNDA:0,(anonymous_7)
FNDA:0,(anonymous_8)
FNDA:0,(anonymous_9)
FNDA:0,(anonymous_10)
FNDA:0,(anonymous_11)
FNDA:0,(anonymous_12)
FNDA:0,(anonymous_13)
FNDA:0,(anonymous_14)
FNDA:0,(anonymous_15)
FNDA:0,(anonymous_16)
FNDA:0,(anonymous_17)
FNDA:0,(anonymous_18)
FNDA:0,(anonymous_19)
FNDA:0,(anonymous_20)
FNDA:0,(anonymous_21)
FNDA:0,(anonymous_22)
DA:43,0
DA:44,0
DA:45,0
DA:46,0
DA:47,0
DA:48,0
DA:50,0
DA:51,0
DA:53,0
DA:56,0
DA:67,0
DA:76,0
DA:77,0
DA:82,0
DA:83,0
DA:85,0
DA:89,0
DA:90,0
DA:91,0
DA:92,0
DA:97,0
DA:101,0
DA:103,0
DA:104,0
DA:105,0
DA:113,0
DA:114,0
DA:115,0
DA:118,0
DA:120,0
DA:121,0
DA:122,0
DA:124,0
DA:128,0
DA:130,0
DA:136,0
DA:137,0
DA:138,0
DA:140,0
DA:142,0
DA:143,0
DA:148,0
DA:149,0
DA:151,0
DA:156,0
DA:163,0
DA:166,0
DA:168,0
DA:169,0
DA:170,0
DA:171,0
DA:173,0
DA:175,0
DA:176,0
DA:182,0
DA:183,0
DA:184,0
DA:185,0
DA:188,0
DA:189,0
DA:190,0
DA:192,0
DA:193,0
DA:194,0
DA:195,0
DA:198,0
DA:199,0
DA:200,0
DA:204,0
DA:205,0
DA:206,0
DA:207,0
DA:208,0
DA:214,0
DA:215,0
DA:217,0
DA:221,0
DA:228,0
DA:231,0
DA:233,0
DA:234,0
DA:236,0
DA:237,0
DA:238,0
DA:239,0
DA:242,0
DA:243,0
DA:247,0
DA:255,0
DA:256,0
DA:262,0
DA:270,0
DA:271,0
DA:278,0
DA:279,0
DA:281,0
DA:285,0
DA:293,0
DA:302,0
DA:304,0
DA:305,0
DA:307,0
DA:308,0
DA:310,0
DA:314,0
DA:315,0
DA:318,0
DA:320,0
DA:321,0
DA:323,0
DA:332,0
DA:334,0
DA:336,0
DA:337,0
DA:338,0
DA:339,0
DA:342,0
DA:343,0
DA:344,0
DA:345,0
DA:346,0
DA:347,0
DA:348,0
DA:350,0
DA:352,0
DA:354,0
DA:356,0
DA:357,0
DA:359,0
DA:361,0
DA:366,0
DA:368,0
DA:369,0
DA:371,0
DA:372,0
DA:373,0
DA:376,0
DA:378,0
DA:383,0
DA:384,0
DA:387,0
DA:388,0
DA:390,0
DA:398,0
DA:399,0
DA:401,0
DA:403,0
DA:405,0
DA:407,0
DA:412,0
DA:414,0
DA:415,0
DA:418,0
DA:419,0
DA:420,0
DA:421,0
DA:424,0
DA:433,0
DA:438,0
DA:439,0
DA:440,0
DA:443,0
DA:445,0
DA:447,0
DA:449,0
DA:451,0
DA:456,0
DA:457,0
DA:458,0
DA:461,0
DA:462,0
DA:464,0
DA:466,0
DA:467,0
DA:468,0
DA:470,0
DA:471,0
DA:476,0
DA:477,0
DA:479,0
DA:480,0
DA:483,0
DA:492,0
DA:493,0
DA:496,0
DA:497,0
DA:505,0
DA:507,0
DA:509,0
DA:514,0
DA:516,0
DA:517,0
DA:520,0
DA:521,0
DA:523,0
DA:524,0
DA:527,0
DA:536,0
DA:537,0
DA:540,0
DA:542,0
DA:543,0
DA:545,0
DA:547,0
DA:548,0
DA:550,0
DA:555,0
DA:557,0
DA:558,0
DA:561,0
DA:562,0
DA:563,0
DA:565,0
DA:567,0
DA:568,0
DA:574,0
DA:576,0
DA:577,0
DA:579,0
DA:584,0
DA:585,0
DA:588,0
DA:589,0
DA:591,0
DA:594,0
DA:596,0
DA:601,0
DA:603,0
DA:604,0
DA:605,0
DA:607,0
DA:613,0
DA:618,0
DA:638,0
DA:639,0
DA:640,0
DA:643,0
DA:644,0
LF:238
LH:0
BRDA:82,0,0,0
BRDA:82,0,1,0
BRDA:100,1,0,0
BRDA:103,2,0,0
BRDA:103,2,1,0
BRDA:103,3,0,0
BRDA:103,3,1,0
BRDA:113,4,0,0
BRDA:113,4,1,0
BRDA:113,5,0,0
BRDA:113,5,1,0
BRDA:148,6,0,0
BRDA:148,6,1,0
BRDA:148,7,0,0
BRDA:148,7,1,0
BRDA:183,8,0,0
BRDA:183,8,1,0
BRDA:193,9,0,0
BRDA:193,9,1,0
BRDA:205,10,0,0
BRDA:205,10,1,0
BRDA:214,11,0,0
BRDA:214,11,1,0
BRDA:233,12,0,0
BRDA:233,12,1,0
BRDA:236,13,0,0
BRDA:236,13,1,0
BRDA:238,14,0,0
BRDA:238,14,1,0
BRDA:238,15,0,0
BRDA:238,15,1,0
BRDA:278,16,0,0
BRDA:278,16,1,0
BRDA:307,17,0,0
BRDA:307,17,1,0
BRDA:332,18,0,0
BRDA:332,18,1,0
BRDA:336,19,0,0
BRDA:336,19,1,0
BRDA:371,20,0,0
BRDA:371,20,1,0
BRDA:383,21,0,0
BRDA:383,21,1,0
BRDA:414,22,0,0
BRDA:414,22,1,0
BRDA:420,23,0,0
BRDA:420,23,1,0
BRDA:438,24,0,0
BRDA:438,24,1,0
BRDA:455,25,0,0
BRDA:456,26,0,0
BRDA:456,26,1,0
BRDA:458,27,0,0
BRDA:458,27,1,0
BRDA:479,28,0,0
BRDA:479,28,1,0
BRDA:492,29,0,0
BRDA:492,29,1,0
BRDA:516,30,0,0
BRDA:516,30,1,0
BRDA:523,31,0,0
BRDA:523,31,1,0
BRDA:536,32,0,0
BRDA:536,32,1,0
BRDA:557,33,0,0
BRDA:557,33,1,0
BRDA:562,34,0,0
BRDA:562,34,1,0
BRDA:563,35,0,0
BRDA:563,35,1,0
BRDA:571,36,0,0
BRDA:571,36,1,0
BRDA:584,37,0,0
BRDA:584,37,1,0
BRDA:626,38,0,0
BRDA:626,38,1,0
BRDA:638,39,0,0
BRDA:638,39,1,0
BRDA:55,40,0,0
BRDA:76,41,0,0
BRDA:76,41,1,0
BRF:81
BRH:0
end_of_record
TN:
SF:src/services/startupSessionValidator.service.ts
FN:23,(anonymous_0)
FN:33,(anonymous_1)
FN:41,(anonymous_2)
FN:50,(anonymous_3)
FN:58,(anonymous_4)
FN:72,(anonymous_5)
FN:103,(anonymous_6)
FN:243,(anonymous_7)
FN:245,(anonymous_8)
FN:259,(anonymous_9)
FN:270,(anonymous_10)
FN:276,(anonymous_11)
FN:282,(anonymous_12)
FN:288,(anonymous_13)
FN:310,(anonymous_14)
FN:324,(anonymous_15)
FN:339,(anonymous_16)
FNF:17
FNH:0
FNDA:0,(anonymous_0)
FNDA:0,(anonymous_1)
FNDA:0,(anonymous_2)
FNDA:0,(anonymous_3)
FNDA:0,(anonymous_4)
FNDA:0,(anonymous_5)
FNDA:0,(anonymous_6)
FNDA:0,(anonymous_7)
FNDA:0,(anonymous_8)
FNDA:0,(anonymous_9)
FNDA:0,(anonymous_10)
FNDA:0,(anonymous_11)
FNDA:0,(anonymous_12)
FNDA:0,(anonymous_13)
FNDA:0,(anonymous_14)
FNDA:0,(anonymous_15)
FNDA:0,(anonymous_16)
DA:18,0
DA:19,0
DA:20,0
DA:24,0
DA:25,0
DA:27,0
DA:34,0
DA:42,0
DA:43,0
DA:44,0
DA:51,0
DA:60,0
DA:61,0
DA:65,0
DA:66,0
DA:69,0
DA:72,0
DA:73,0
DA:74,0
DA:79,0
DA:81,0
DA:84,0
DA:85,0
DA:86,0
DA:89,0
DA:90,0
DA:94,0
DA:95,0
DA:96,0
DA:97,0
DA:99,0
DA:104,0
DA:106,0
DA:108,0
DA:110,0
DA:111,0
DA:112,0
DA:115,0
DA:118,0
DA:119,0
DA:121,0
DA:122,0
DA:127,0
DA:128,0
DA:130,0
DA:136,0
DA:137,0
DA:138,0
DA:141,0
DA:142,0
DA:143,0
DA:146,0
DA:147,0
DA:152,0
DA:153,0
DA:154,0
DA:156,0
DA:160,0
DA:161,0
DA:162,0
DA:164,0
DA:165,0
DA:169,0
DA:170,0
DA:174,0
DA:176,0
DA:177,0
DA:183,0
DA:185,0
DA:186,0
DA:188,0
DA:189,0
DA:193,0
DA:196,0
DA:199,0
DA:200,0
DA:203,0
DA:204,0
DA:205,0
DA:206,0
DA:209,0
DA:214,0
DA:217,0
DA:218,0
DA:220,0
DA:221,0
DA:222,0
DA:225,0
DA:228,0
DA:229,0
DA:233,0
DA:235,0
DA:236,0
DA:244,0
DA:245,0
DA:246,0
DA:250,0
DA:252,0
DA:261,0
DA:262,0
DA:263,0
DA:266,0
DA:268,0
DA:270,0
DA:271,0
DA:276,0
DA:277,0
DA:278,0
DA:282,0
DA:283,0
DA:288,0
DA:289,0
DA:293,0
DA:294,0
DA:297,0
DA:300,0
DA:303,0
DA:311,0
DA:312,0
DA:325,0
DA:326,0
DA:340,0
DA:341,0
DA:342,0
DA:343,0
DA:347,0
LF:126
LH:0
BRDA:24,0,0,0
BRDA:24,0,1,0
BRDA:34,1,0,0
BRDA:34,1,1,0
BRDA:60,2,0,0
BRDA:60,2,1,0
BRDA:65,3,0,0
BRDA:65,3,1,0
BRDA:84,4,0,0
BRDA:84,4,1,0
BRDA:110,5,0,0
BRDA:110,5,1,0
BRDA:136,6,0,0
BRDA:136,6,1,0
BRDA:146,7,0,0
BRDA:146,7,1,0
BRDA:146,8,0,0
BRDA:146,8,1,0
BRDA:152,9,0,0
BRDA:152,9,1,0
BRDA:161,10,0,0
BRDA:161,10,1,0
BRDA:164,11,0,0
BRDA:164,11,1,0
BRDA:185,12,0,0
BRDA:185,12,1,0
BRDA:188,13,0,0
BRDA:188,13,1,0
BRDA:203,14,0,0
BRDA:203,14,1,0
BRDA:220,15,0,0
BRDA:220,15,1,0
BRDA:246,16,0,0
BRDA:246,16,1,0
BRDA:246,16,2,0
BRDA:261,17,0,0
BRDA:261,17,1,0
BRDA:271,18,0,0
BRDA:271,18,1,0
BRDA:271,18,2,0
BRDA:283,19,0,0
BRDA:283,19,1,0
BRDA:283,19,2,0
BRDA:311,20,0,0
BRDA:311,20,1,0
BRDA:313,21,0,0
BRDA:313,21,1,0
BRDA:313,21,2,0
BRDA:313,21,3,0
BRDA:313,21,4,0
BRDA:325,22,0,0
BRDA:325,22,1,0
BRDA:327,23,0,0
BRDA:327,23,1,0
BRDA:327,23,2,0
BRDA:327,23,3,0
BRDA:327,23,4,0
BRDA:327,23,5,0
BRF:58
BRH:0
end_of_record
TN:
SF:src/services/storageManager.service.ts
FN:157,(anonymous_0)
FN:213,(anonymous_1)
FN:213,(anonymous_2)
FN:214,(anonymous_3)
FN:214,(anonymous_4)
FN:215,(anonymous_5)
FN:217,(anonymous_6)
FN:218,(anonymous_7)
FN:219,(anonymous_8)
FN:251,(anonymous_9)
FN:276,(anonymous_10)
FN:339,(anonymous_11)
FN:357,(anonymous_12)
FN:378,(anonymous_13)
FN:406,(anonymous_14)
FN:414,(anonymous_15)
FN:422,(anonymous_16)
FN:431,(anonymous_17)
FN:432,(anonymous_18)
FN:446,(anonymous_19)
FN:481,(anonymous_20)
FN:500,(anonymous_21)
FN:529,(anonymous_22)
FN:549,(anonymous_23)
FN:576,(anonymous_24)
FN:581,(anonymous_25)
FNF:26
FNH:0
FNDA:0,(anonymous_0)
FNDA:0,(anonymous_1)
FNDA:0,(anonymous_2)
FNDA:0,(anonymous_3)
FNDA:0,(anonymous_4)
FNDA:0,(anonymous_5)
FNDA:0,(anonymous_6)
FNDA:0,(anonymous_7)
FNDA:0,(anonymous_8)
FNDA:0,(anonymous_9)
FNDA:0,(anonymous_10)
FNDA:0,(anonymous_11)
FNDA:0,(anonymous_12)
FNDA:0,(anonymous_13)
FNDA:0,(anonymous_14)
FNDA:0,(anonymous_15)
FNDA:0,(anonymous_16)
FNDA:0,(anonymous_17)
FNDA:0,(anonymous_18)
FNDA:0,(anonymous_19)
FNDA:0,(anonymous_20)
FNDA:0,(anonymous_21)
FNDA:0,(anonymous_22)
FNDA:0,(anonymous_23)
FNDA:0,(anonymous_24)
FNDA:0,(anonymous_25)
DA:57,0
DA:58,0
DA:61,0
DA:158,0
DA:160,0
DA:161,0
DA:162,0
DA:163,0
DA:164,0
DA:167,0
DA:168,0
DA:169,0
DA:170,0
DA:171,0
DA:172,0
DA:174,0
DA:175,0
DA:177,0
DA:178,0
DA:180,0
DA:183,0
DA:184,0
DA:190,0
DA:191,0
DA:192,0
DA:193,0
DA:194,0
DA:195,0
DA:197,0
DA:198,0
DA:200,0
DA:201,0
DA:203,0
DA:206,0
DA:207,0
DA:213,0
DA:214,0
DA:215,0
DA:217,0
DA:218,0
DA:219,0
DA:220,0
DA:221,0
DA:225,0
DA:227,0
DA:236,0
DA:245,0
DA:256,0
DA:263,0
DA:265,0
DA:266,0
DA:267,0
DA:269,0
DA:271,0
DA:274,0
DA:278,0
DA:279,0
DA:283,0
DA:284,0
DA:285,0
DA:289,0
DA:290,0
DA:293,0
DA:297,0
DA:298,0
DA:299,0
DA:300,0
DA:301,0
DA:303,0
DA:307,0
DA:308,0
DA:310,0
DA:311,0
DA:312,0
DA:317,0
DA:318,0
DA:321,0
DA:328,0
DA:330,0
DA:331,0
DA:332,0
DA:340,0
DA:342,0
DA:343,0
DA:344,0
DA:345,0
DA:346,0
DA:350,0
DA:358,0
DA:361,0
DA:368,0
DA:369,0
DA:371,0
DA:372,0
DA:384,0
DA:385,0
DA:386,0
DA:388,0
DA:395,0
DA:407,0
DA:409,0
DA:411,0
DA:412,0
DA:414,0
DA:415,0
DA:416,0
DA:419,0
DA:422,0
DA:423,0
DA:427,0
DA:430,0
DA:431,0
DA:432,0
DA:433,0
DA:438,0
DA:440,0
DA:448,0
DA:449,0
DA:450,0
DA:451,0
DA:459,0
DA:460,0
DA:471,0
DA:472,0
DA:482,0
DA:483,0
DA:485,0
DA:486,0
DA:488,0
DA:489,0
DA:491,0
DA:492,0
DA:494,0
DA:495,0
DA:497,0
DA:501,0
DA:503,0
DA:505,0
DA:506,0
DA:507,0
DA:508,0
DA:513,0
DA:514,0
DA:515,0
DA:516,0
DA:517,0
DA:518,0
DA:526,0
DA:535,0
DA:536,0
DA:539,0
DA:540,0
DA:541,0
DA:544,0
DA:545,0
DA:546,0
DA:549,0
DA:550,0
DA:551,0
DA:552,0
DA:555,0
DA:556,0
DA:557,0
DA:561,0
DA:563,0
DA:564,0
DA:565,0
DA:566,0
DA:567,0
DA:568,0
DA:570,0
DA:573,0
DA:577,0
DA:578,0
DA:582,0
DA:586,0
LF:176
LH:0
BRDA:169,0,0,0
BRDA:169,0,1,0
BRDA:171,1,0,0
BRDA:171,1,1,0
BRDA:177,2,0,0
BRDA:177,2,1,0
BRDA:183,3,0,0
BRDA:183,3,1,0
BRDA:192,4,0,0
BRDA:192,4,1,0
BRDA:194,5,0,0
BRDA:194,5,1,0
BRDA:200,6,0,0
BRDA:200,6,1,0
BRDA:206,7,0,0
BRDA:206,7,1,0
BRDA:218,8,0,0
BRDA:218,8,1,0
BRDA:219,9,0,0
BRDA:219,9,1,0
BRDA:220,10,0,0
BRDA:220,10,1,0
BRDA:221,11,0,0
BRDA:221,11,1,0
BRDA:251,12,0,0
BRDA:259,13,0,0
BRDA:260,14,0,0
BRDA:261,15,0,0
BRDA:262,16,0,0
BRDA:278,17,0,0
BRDA:278,17,1,0
BRDA:283,18,0,0
BRDA:283,18,1,0
BRDA:283,19,0,0
BRDA:283,19,1,0
BRDA:289,20,0,0
BRDA:289,20,1,0
BRDA:289,21,0,0
BRDA:289,21,1,0
BRDA:299,22,0,0
BRDA:299,22,1,0
BRDA:300,23,0,0
BRDA:300,23,1,0
BRDA:317,24,0,0
BRDA:317,24,1,0
BRDA:317,25,0,0
BRDA:317,25,1,0
BRDA:342,26,0,0
BRDA:342,26,1,0
BRDA:345,27,0,0
BRDA:345,27,1,0
BRDA:390,28,0,0
BRDA:390,28,1,0
BRDA:391,29,0,0
BRDA:391,29,1,0
BRDA:392,30,0,0
BRDA:392,30,1,0
BRDA:416,31,0,0
BRDA:416,31,1,0
BRDA:430,32,0,0
BRDA:430,32,1,0
BRDA:449,33,0,0
BRDA:449,33,1,0
BRDA:450,34,0,0
BRDA:450,34,1,0
BRDA:450,35,0,0
BRDA:450,35,1,0
BRDA:459,36,0,0
BRDA:459,36,1,0
BRDA:459,37,0,0
BRDA:459,37,1,0
BRDA:482,38,0,0
BRDA:482,38,1,0
BRDA:482,39,0,0
BRDA:482,39,1,0
BRDA:482,39,2,0
BRDA:485,40,0,0
BRDA:485,40,1,0
BRDA:488,41,0,0
BRDA:488,41,1,0
BRDA:488,42,0,0
BRDA:488,42,1,0
BRDA:491,43,0,0
BRDA:491,43,1,0
BRDA:491,44,0,0
BRDA:491,44,1,0
BRDA:494,45,0,0
BRDA:494,45,1,0
BRDA:501,46,0,0
BRDA:501,46,1,0
BRDA:505,47,0,0
BRDA:505,47,1,0
BRDA:505,48,0,0
BRDA:505,48,1,0
BRDA:507,49,0,0
BRDA:507,49,1,0
BRDA:507,50,0,0
BRDA:507,50,1,0
BRDA:514,51,0,0
BRDA:514,51,1,0
BRDA:514,52,0,0
BRDA:514,52,1,0
BRDA:515,53,0,0
BRDA:515,53,1,0
BRDA:515,54,0,0
BRDA:515,54,1,0
BRDA:515,54,2,0
BRDA:516,55,0,0
BRDA:516,55,1,0
BRDA:516,55,2,0
BRDA:517,56,0,0
BRDA:517,56,1,0
BRDA:539,57,0,0
BRDA:539,57,1,0
BRDA:544,58,0,0
BRDA:544,58,1,0
BRDA:550,59,0,0
BRDA:550,59,1,0
BRDA:555,60,0,0
BRDA:555,60,1,0
BRDA:563,61,0,0
BRDA:563,61,1,0
BRDA:565,62,0,0
BRDA:565,62,1,0
BRDA:565,63,0,0
BRDA:565,63,1,0
BRDA:567,64,0,0
BRDA:567,64,1,0
BRDA:567,65,0,0
BRDA:567,65,1,0
BRF:130
BRH:0
end_of_record
TN:
SF:src/services/tokenPersistenceGateway.service.ts
FN:27,(anonymous_0)
FN:42,(anonymous_1)
FN:83,(anonymous_2)
FN:84,(anonymous_3)
FN:105,(anonymous_4)
FN:106,(anonymous_5)
FN:131,(anonymous_6)
FN:134,(anonymous_7)
FN:159,(anonymous_8)
FN:166,(anonymous_9)
FN:179,(anonymous_10)
FN:183,(anonymous_11)
FN:188,(anonymous_12)
FN:199,(anonymous_13)
FN:206,(anonymous_14)
FNF:15
FNH:0
FNDA:0,(anonymous_0)
FNDA:0,(anonymous_1)
FNDA:0,(anonymous_2)
FNDA:0,(anonymous_3)
FNDA:0,(anonymous_4)
FNDA:0,(anonymous_5)
FNDA:0,(anonymous_6)
FNDA:0,(anonymous_7)
FNDA:0,(anonymous_8)
FNDA:0,(anonymous_9)
FNDA:0,(anonymous_10)
FNDA:0,(anonymous_11)
FNDA:0,(anonymous_12)
FNDA:0,(anonymous_13)
FNDA:0,(anonymous_14)
DA:17,0
DA:18,0
DA:19,0
DA:22,0
DA:23,0
DA:25,0
DA:28,0
DA:29,0
DA:31,0
DA:47,0
DA:48,0
DA:50,0
DA:57,0
DA:58,0
DA:60,0
DA:66,0
DA:67,0
DA:70,0
DA:71,0
DA:76,0
DA:77,0
DA:83,0
DA:84,0
DA:87,0
DA:88,0
DA:89,0
DA:90,0
DA:91,0
DA:92,0
DA:94,0
DA:95,0
DA:97,0
DA:98,0
DA:99,0
DA:103,0
DA:105,0
DA:106,0
DA:107,0
DA:109,0
DA:110,0
DA:111,0
DA:112,0
DA:113,0
DA:114,0
DA:117,0
DA:118,0
DA:119,0
DA:121,0
DA:122,0
DA:132,0
DA:134,0
DA:135,0
DA:138,0
DA:139,0
DA:142,0
DA:143,0
DA:144,0
DA:147,0
DA:149,0
DA:151,0
DA:152,0
DA:160,0
DA:163,0
DA:164,0
DA:166,0
DA:167,0
DA:168,0
DA:170,0
DA:180,0
DA:182,0
DA:183,0
DA:186,0
DA:188,0
DA:189,0
DA:190,0
DA:191,0
DA:200,0
DA:207,0
DA:208,0
DA:209,0
DA:213,0
LF:81
LH:0
BRDA:28,0,0,0
BRDA:28,0,1,0
BRDA:44,1,0,0
BRDA:52,2,0,0
BRDA:52,2,1,0
BRDA:60,3,0,0
BRDA:60,3,1,0
BRDA:66,4,0,0
BRDA:66,4,1,0
BRDA:66,5,0,0
BRDA:66,5,1,0
BRDA:68,6,0,0
BRDA:68,6,1,0
BRDA:109,7,0,0
BRDA:109,7,1,0
BRDA:117,8,0,0
BRDA:117,8,1,0
BRDA:135,9,0,0
BRDA:135,9,1,0
BRDA:138,10,0,0
BRDA:138,10,1,0
BRDA:143,11,0,0
BRDA:143,11,1,0
BRDA:180,12,0,0
BRDA:180,12,1,0
BRDA:190,13,0,0
BRDA:190,13,1,0
BRF:27
BRH:0
end_of_record
TN:
SF:src/services/trackGenre.service.ts
FN:35,(anonymous_0)
FN:55,(anonymous_1)
FN:74,(anonymous_2)
FN:91,(anonymous_3)
FN:110,(anonymous_4)
FN:140,(anonymous_5)
FN:155,(anonymous_6)
FN:174,(anonymous_7)
FN:178,(anonymous_8)
FN:191,(anonymous_9)
FN:218,(anonymous_10)
FNF:11
FNH:0
FNDA:0,(anonymous_0)
FNDA:0,(anonymous_1)
FNDA:0,(anonymous_2)
FNDA:0,(anonymous_3)
FNDA:0,(anonymous_4)
FNDA:0,(anonymous_5)
FNDA:0,(anonymous_6)
FNDA:0,(anonymous_7)
FNDA:0,(anonymous_8)
FNDA:0,(anonymous_9)
FNDA:0,(anonymous_10)
DA:36,0
DA:44,0
DA:45,0
DA:46,0
DA:49,0
DA:56,0
DA:63,0
DA:64,0
DA:65,0
DA:68,0
DA:76,0
DA:83,0
DA:88,0
DA:89,0
DA:90,0
DA:91,0
DA:92,0
DA:93,0
DA:97,0
DA:98,0
DA:101,0
DA:117,0
DA:119,0
DA:129,0
DA:130,0
DA:131,0
DA:134,0
DA:141,0
DA:146,0
DA:147,0
DA:148,0
DA:156,0
DA:163,0
DA:164,0
DA:165,0
DA:168,0
DA:175,0
DA:177,0
DA:178,0
DA:179,0
DA:180,0
DA:182,0
DA:185,0
DA:196,0
DA:198,0
DA:207,0
DA:208,0
DA:209,0
DA:212,0
DA:219,0
DA:224,0
DA:225,0
DA:226,0
LF:53
LH:0
BRDA:44,0,0,0
BRDA:44,0,1,0
BRDA:49,1,0,0
BRDA:49,1,1,0
BRDA:63,2,0,0
BRDA:63,2,1,0
BRDA:68,3,0,0
BRDA:68,3,1,0
BRDA:89,4,0,0
BRDA:89,4,1,0
BRDA:89,5,0,0
BRDA:89,5,1,0
BRDA:92,6,0,0
BRDA:92,6,1,0
BRDA:102,7,0,0
BRDA:102,7,1,0
BRDA:123,8,0,0
BRDA:123,8,1,0
BRDA:124,9,0,0
BRDA:124,9,1,0
BRDA:129,10,0,0
BRDA:129,10,1,0
BRDA:146,11,0,0
BRDA:146,11,1,0
BRDA:163,12,0,0
BRDA:163,12,1,0
BRDA:168,13,0,0
BRDA:168,13,1,0
BRDA:179,14,0,0
BRDA:179,14,1,0
BRDA:207,15,0,0
BRDA:207,15,1,0
BRDA:224,16,0,0
BRDA:224,16,1,0
BRF:34
BRH:0
end_of_record
TN:
SF:src/services/trackMatching.service.ts
FN:23,shouldDebug
FN:26,(anonymous_1)
FN:32,(anonymous_2)
FN:63,(anonymous_3)
FN:104,(anonymous_4)
FN:122,(anonymous_5)
FN:124,(anonymous_6)
FN:128,(anonymous_7)
FN:140,(anonymous_8)
FN:145,(anonymous_9)
FN:218,(anonymous_10)
FN:223,(anonymous_11)
FN:244,(anonymous_12)
FN:256,(anonymous_13)
FNF:14
FNH:0
FNDA:0,shouldDebug
FNDA:0,(anonymous_1)
FNDA:0,(anonymous_2)
FNDA:0,(anonymous_3)
FNDA:0,(anonymous_4)
FNDA:0,(anonymous_5)
FNDA:0,(anonymous_6)
FNDA:0,(anonymous_7)
FNDA:0,(anonymous_8)
FNDA:0,(anonymous_9)
FNDA:0,(anonymous_10)
FNDA:0,(anonymous_11)
FNDA:0,(anonymous_12)
FNDA:0,(anonymous_13)
DA:19,0
DA:21,0
DA:24,0
DA:25,0
DA:26,0
DA:33,0
DA:34,0
DA:35,0
DA:36,0
DA:38,0
DA:39,0
DA:45,0
DA:46,0
DA:49,0
DA:50,0
DA:51,0
DA:52,0
DA:54,0
DA:58,0
DA:59,0
DA:69,0
DA:76,0
DA:77,0
DA:79,0
DA:80,0
DA:82,0
DA:83,0
DA:86,0
DA:88,0
DA:89,0
DA:93,0
DA:94,0
DA:95,0
DA:96,0
DA:97,0
DA:98,0
DA:99,0
DA:110,0
DA:115,0
DA:118,0
DA:121,0
DA:122,0
DA:123,0
DA:124,0
DA:126,0
DA:127,0
DA:128,0
DA:129,0
DA:130,0
DA:131,0
DA:132,0
DA:135,0
DA:136,0
DA:137,0
DA:140,0
DA:141,0
DA:143,0
DA:144,0
DA:145,0
DA:146,0
DA:147,0
DA:148,0
DA:149,0
DA:154,0
DA:155,0
DA:156,0
DA:157,0
DA:159,0
DA:161,0
DA:162,0
DA:163,0
DA:164,0
DA:165,0
DA:166,0
DA:167,0
DA:171,0
DA:172,0
DA:173,0
DA:174,0
DA:176,0
DA:179,0
DA:180,0
DA:181,0
DA:182,0
DA:184,0
DA:187,0
DA:188,0
DA:190,0
DA:191,0
DA:193,0
DA:194,0
DA:196,0
DA:197,0
DA:198,0
DA:201,0
DA:202,0
DA:203,0
DA:204,0
DA:208,0
DA:209,0
DA:210,0
DA:211,0
DA:213,0
DA:216,0
DA:217,0
DA:218,0
DA:219,0
DA:220,0
DA:222,0
DA:223,0
DA:224,0
DA:226,0
DA:227,0
DA:230,0
DA:234,0
DA:240,0
DA:245,0
DA:252,0
DA:253,0
DA:256,0
DA:257,0
LF:121
LH:0
BRDA:24,0,0,0
BRDA:24,0,1,0
BRDA:24,1,0,0
BRDA:24,1,1,0
BRDA:45,2,0,0
BRDA:45,2,1,0
BRDA:49,3,0,0
BRDA:49,3,1,0
BRDA:49,4,0,0
BRDA:49,4,1,0
BRDA:76,5,0,0
BRDA:76,5,1,0
BRDA:76,6,0,0
BRDA:76,6,1,0
BRDA:79,7,0,0
BRDA:79,7,1,0
BRDA:79,8,0,0
BRDA:79,8,1,0
BRDA:82,9,0,0
BRDA:82,9,1,0
BRDA:82,10,0,0
BRDA:82,10,1,0
BRDA:88,11,0,0
BRDA:88,11,1,0
BRDA:94,12,0,0
BRDA:94,12,1,0
BRDA:94,13,0,0
BRDA:94,13,1,0
BRDA:95,14,0,0
BRDA:95,14,1,0
BRDA:95,15,0,0
BRDA:95,15,1,0
BRDA:96,16,0,0
BRDA:96,16,1,0
BRDA:96,17,0,0
BRDA:96,17,1,0
BRDA:97,18,0,0
BRDA:97,18,1,0
BRDA:98,19,0,0
BRDA:98,19,1,0
BRDA:99,20,0,0
BRDA:99,20,1,0
BRDA:121,21,0,0
BRDA:121,21,1,0
BRDA:123,22,0,0
BRDA:123,22,1,0
BRDA:123,23,0,0
BRDA:123,23,1,0
BRDA:123,24,0,0
BRDA:123,24,1,0
BRDA:126,25,0,0
BRDA:126,25,1,0
BRDA:141,26,0,0
BRDA:141,26,1,0
BRDA:141,27,0,0
BRDA:141,27,1,0
BRDA:141,27,2,0
BRDA:143,28,0,0
BRDA:143,28,1,0
BRDA:146,29,0,0
BRDA:146,29,1,0
BRDA:157,30,0,0
BRDA:157,30,1,0
BRDA:159,31,0,0
BRDA:159,31,1,0
BRDA:161,32,0,0
BRDA:161,32,1,0
BRDA:172,33,0,0
BRDA:172,33,1,0
BRDA:173,34,0,0
BRDA:173,34,1,0
BRDA:176,35,0,0
BRDA:176,35,1,0
BRDA:180,36,0,0
BRDA:180,36,1,0
BRDA:181,37,0,0
BRDA:181,37,1,0
BRDA:184,38,0,0
BRDA:184,38,1,0
BRDA:191,39,0,0
BRDA:191,39,1,0
BRDA:196,40,0,0
BRDA:196,40,1,0
BRDA:196,41,0,0
BRDA:196,41,1,0
BRDA:196,41,2,0
BRDA:201,42,0,0
BRDA:201,42,1,0
BRDA:201,43,0,0
BRDA:201,43,1,0
BRDA:208,44,0,0
BRDA:208,44,1,0
BRDA:208,45,0,0
BRDA:208,45,1,0
BRDA:209,46,0,0
BRDA:209,46,1,0
BRDA:216,47,0,0
BRDA:216,47,1,0
BRDA:219,48,0,0
BRDA:219,48,1,0
BRDA:226,49,0,0
BRDA:226,49,1,0
BRDA:252,50,0,0
BRDA:252,50,1,0
BRDA:256,51,0,0
BRDA:256,51,1,0
BRF:106
BRH:0
end_of_record
TN:
SF:src/services/trackMatchingEngine.ts
FN:71,normalize
FN:89,extractCoreTitle
FN:102,normalizeArtist
FN:115,levenshteinDistance
FN:146,calculateSimilarity
FN:156,stripArtistPrefix
FN:172,buildLocalIndex
FN:174,(anonymous_7)
FN:182,(anonymous_8)
FN:189,(anonymous_9)
FN:207,matchTrack
FN:271,findMissingTracksPure
FN:276,(anonymous_12)
FNF:13
FNH:0
FNDA:0,normalize
FNDA:0,extractCoreTitle
FNDA:0,normalizeArtist
FNDA:0,levenshteinDistance
FNDA:0,calculateSimilarity
FNDA:0,stripArtistPrefix
FNDA:0,buildLocalIndex
FNDA:0,(anonymous_7)
FNDA:0,(anonymous_8)
FNDA:0,(anonymous_9)
FNDA:0,matchTrack
FNDA:0,findMissingTracksPure
FNDA:0,(anonymous_12)
DA:59,0
DA:63,0
DA:72,0
DA:74,0
DA:76,0
DA:78,0
DA:79,0
DA:80,0
DA:82,0
DA:84,0
DA:85,0
DA:90,0
DA:92,0
DA:93,0
DA:95,0
DA:96,0
DA:103,0
DA:105,0
DA:107,0
DA:108,0
DA:111,0
DA:116,0
DA:117,0
DA:118,0
DA:120,0
DA:121,0
DA:124,0
DA:125,0
DA:128,0
DA:129,0
DA:130,0
DA:131,0
DA:133,0
DA:142,0
DA:147,0
DA:148,0
DA:149,0
DA:157,0
DA:158,0
DA:160,0
DA:161,0
DA:162,0
DA:163,0
DA:166,0
DA:173,0
DA:175,0
DA:176,0
DA:177,0
DA:181,0
DA:183,0
DA:184,0
DA:185,0
DA:189,0
DA:190,0
DA:191,0
DA:192,0
DA:200,0
DA:211,0
DA:212,0
DA:213,0
DA:215,0
DA:222,0
DA:223,0
DA:224,0
DA:228,0
DA:229,0
DA:230,0
DA:236,0
DA:237,0
DA:238,0
DA:239,0
DA:244,0
DA:245,0
DA:247,0
DA:248,0
DA:250,0
DA:251,0
DA:264,0
DA:275,0
DA:276,0
LF:80
LH:0
BRDA:72,0,0,0
BRDA:72,0,1,0
BRDA:90,1,0,0
BRDA:90,1,1,0
BRDA:103,2,0,0
BRDA:103,2,1,0
BRDA:107,3,0,0
BRDA:107,3,1,0
BRDA:130,4,0,0
BRDA:130,4,1,0
BRDA:149,5,0,0
BRDA:149,5,1,0
BRDA:157,6,0,0
BRDA:157,6,1,0
BRDA:157,7,0,0
BRDA:157,7,1,0
BRDA:157,8,0,0
BRDA:157,8,1,0
BRDA:162,9,0,0
BRDA:162,9,1,0
BRDA:175,10,0,0
BRDA:175,10,1,0
BRDA:183,11,0,0
BRDA:183,11,1,0
BRDA:190,12,0,0
BRDA:190,12,1,0
BRDA:213,13,0,0
BRDA:213,13,1,0
BRDA:223,14,0,0
BRDA:223,14,1,0
BRDA:229,15,0,0
BRDA:229,15,1,0
BRDA:237,16,0,0
BRDA:237,16,1,0
BRDA:238,17,0,0
BRDA:238,17,1,0
BRDA:238,18,0,0
BRDA:238,18,1,0
BRDA:245,19,0,0
BRDA:245,19,1,0
BRDA:250,20,0,0
BRDA:250,20,1,0
BRDA:250,21,0,0
BRDA:250,21,1,0
BRF:44
BRH:0
end_of_record
TN:
SF:src/services/user.service.ts
FN:33,(anonymous_0)
FN:57,(anonymous_1)
FN:82,(anonymous_2)
FN:106,(anonymous_3)
FN:129,(anonymous_4)
FN:154,(anonymous_5)
FN:177,(anonymous_6)
FNF:7
FNH:0
FNDA:0,(anonymous_0)
FNDA:0,(anonymous_1)
FNDA:0,(anonymous_2)
FNDA:0,(anonymous_3)
FNDA:0,(anonymous_4)
FNDA:0,(anonymous_5)
FNDA:0,(anonymous_6)
DA:34,0
DA:35,0
DA:41,0
DA:46,0
DA:47,0
DA:58,0
DA:59,0
DA:66,0
DA:71,0
DA:72,0
DA:83,0
DA:84,0
DA:90,0
DA:95,0
DA:96,0
DA:107,0
DA:108,0
DA:113,0
DA:118,0
DA:119,0
DA:130,0
DA:131,0
DA:138,0
DA:143,0
DA:144,0
DA:155,0
DA:156,0
DA:161,0
DA:166,0
DA:167,0
DA:178,0
DA:179,0
DA:184,0
DA:189,0
DA:190,0
LF:35
LH:0
BRDA:91,0,0,0
BRDA:91,0,1,0
BRDA:114,1,0,0
BRDA:114,1,1,0
BRDA:139,2,0,0
BRDA:139,2,1,0
BRF:6
BRH:0
end_of_record
TN:
SF:src/utils/featureFlags.ts
FN:42,(anonymous_0)
FN:58,(anonymous_1)
FN:65,(anonymous_2)
FN:72,(anonymous_3)
FN:79,(anonymous_4)
FN:91,(anonymous_5)
FN:38,(anonymous_6)
FNF:7
FNH:0
FNDA:0,(anonymous_0)
FNDA:0,(anonymous_1)
FNDA:0,(anonymous_2)
FNDA:0,(anonymous_3)
FNDA:0,(anonymous_4)
FNDA:0,(anonymous_5)
FNDA:0,(anonymous_6)
DA:28,0
DA:30,0
DA:36,0
DA:39,0
DA:43,0
DA:44,0
DA:45,0
DA:46,0
DA:47,0
DA:52,0
DA:59,0
DA:66,0
DA:73,0
DA:80,0
DA:81,0
DA:82,0
DA:92,0
DA:93,0
DA:94,0
DA:101,0
LF:20
LH:0
BRDA:45,0,0,0
BRDA:45,0,1,0
BRF:2
BRH:0
end_of_record
TN:
SF:src/utils/fileHash.ts
FN:4,(anonymous_0)
FN:8,(anonymous_1)
FNF:2
FNH:0
FNDA:0,(anonymous_0)
FNDA:0,(anonymous_1)
DA:4,0
DA:5,0
DA:6,0
DA:7,0
DA:8,0
LF:5
LH:0
BRF:0
BRH:0
end_of_record
TN:
SF:src/utils/linkUtils.ts
FN:11,(anonymous_0)
FN:30,(anonymous_1)
FN:66,(anonymous_2)
FN:97,(anonymous_3)
FN:108,(anonymous_4)
FNF:5
FNH:0
FNDA:0,(anonymous_0)
FNDA:0,(anonymous_1)
FNDA:0,(anonymous_2)
FNDA:0,(anonymous_3)
FNDA:0,(anonymous_4)
DA:11,0
DA:12,0
DA:14,0
DA:17,0
DA:19,0
DA:20,0
DA:21,0
DA:22,0
DA:25,0
DA:26,0
DA:27,0
DA:30,0
DA:32,0
DA:33,0
DA:35,0
DA:42,0
DA:45,0
DA:47,0
DA:50,0
DA:51,0
DA:53,0
DA:59,0
DA:66,0
DA:67,0
DA:69,0
DA:70,0
DA:71,0
DA:75,0
DA:76,0
DA:77,0
DA:78,0
DA:79,0
DA:80,0
DA:81,0
DA:82,0
DA:84,0
DA:85,0
DA:87,0
DA:89,0
DA:90,0
DA:97,0
DA:98,0
DA:99,0
DA:101,0
DA:108,0
DA:109,0
LF:46
LH:0
BRDA:17,0,0,0
BRDA:17,0,1,0
BRDA:17,1,0,0
BRDA:17,1,1,0
BRDA:17,1,2,0
BRDA:69,2,0,0
BRDA:69,2,1,0
BRDA:69,3,0,0
BRDA:69,3,1,0
BRF:9
BRH:0
end_of_record
TN:
SF:src/utils/logger.ts
FN:34,(anonymous_0)
FN:41,(anonymous_1)
FN:48,(anonymous_2)
FN:55,(anonymous_3)
FN:59,(anonymous_4)
FN:66,(anonymous_5)
FN:71,(anonymous_6)
FN:97,(anonymous_7)
FN:104,(anonymous_8)
FN:111,(anonymous_9)
FN:118,(anonymous_10)
FN:125,(anonymous_11)
FN:131,(anonymous_12)
FN:135,(anonymous_13)
FN:139,(anonymous_14)
FN:143,(anonymous_15)
FNF:16
FNH:0
FNDA:0,(anonymous_0)
FNDA:0,(anonymous_1)
FNDA:0,(anonymous_2)
FNDA:0,(anonymous_3)
FNDA:0,(anonymous_4)
FNDA:0,(anonymous_5)
FNDA:0,(anonymous_6)
FNDA:0,(anonymous_7)
FNDA:0,(anonymous_8)
FNDA:0,(anonymous_9)
FNDA:0,(anonymous_10)
FNDA:0,(anonymous_11)
FNDA:0,(anonymous_12)
FNDA:0,(anonymous_13)
FNDA:0,(anonymous_14)
FNDA:0,(anonymous_15)
DA:17,0
DA:25,0
DA:35,0
DA:42,0
DA:49,0
DA:56,0
DA:60,0
DA:61,0
DA:62,0
DA:63,0
DA:67,0
DA:68,0
DA:72,0
DA:74,0
DA:76,0
DA:78,0
DA:79,0
DA:81,0
DA:82,0
DA:84,0
DA:85,0
DA:87,0
DA:88,0
DA:98,0
DA:105,0
DA:112,0
DA:119,0
DA:126,0
DA:132,0
DA:136,0
DA:140,0
DA:144,0
DA:149,0
LF:33
LH:0
BRDA:60,0,0,0
BRDA:60,0,1,0
BRDA:61,1,0,0
BRDA:61,1,1,0
BRDA:62,2,0,0
BRDA:62,2,1,0
BRDA:72,3,0,0
BRDA:72,3,1,0
BRDA:76,4,0,0
BRDA:76,4,1,0
BRDA:76,4,2,0
BRDA:76,4,3,0
BRDA:78,5,0,0
BRDA:78,5,1,0
BRDA:81,6,0,0
BRDA:81,6,1,0
BRDA:84,7,0,0
BRDA:84,7,1,0
BRDA:87,8,0,0
BRDA:87,8,1,0
BRDA:97,9,0,0
BRDA:104,10,0,0
BRDA:111,11,0,0
BRDA:118,12,0,0
BRDA:125,13,0,0
BRF:25
BRH:0
end_of_record
TN:
SF:src/utils/promiseUtils.ts
FN:8,(anonymous_0)
FN:15,(anonymous_1)
FN:16,(anonymous_2)
FNF:3
FNH:0
FNDA:0,(anonymous_0)
FNDA:0,(anonymous_1)
FNDA:0,(anonymous_2)
DA:8,0
DA:13,0
DA:16,0
LF:3
LH:0
BRDA:11,0,0,0
BRF:1
BRH:0
end_of_record
TN:
SF:src/utils/supabaseQuery.ts
FN:17,(anonymous_0)
FN:25,(anonymous_1)
FN:53,(anonymous_2)
FN:59,(anonymous_3)
FN:73,(anonymous_4)
FN:81,(anonymous_5)
FNF:6
FNH:0
FNDA:0,(anonymous_0)
FNDA:0,(anonymous_1)
FNDA:0,(anonymous_2)
FNDA:0,(anonymous_3)
FNDA:0,(anonymous_4)
FNDA:0,(anonymous_5)
DA:5,0
DA:17,0
DA:22,0
DA:23,0
DA:25,0
DA:26,0
DA:27,0
DA:30,0
DA:32,0
DA:33,0
DA:34,0
DA:35,0
DA:36,0
DA:38,0
DA:39,0
DA:40,0
DA:41,0
DA:43,0
DA:44,0
DA:46,0
DA:53,0
DA:58,0
DA:60,0
DA:61,0
DA:63,0
DA:73,0
DA:77,0
DA:79,0
DA:80,0
DA:83,0
DA:89,0
DA:90,0
DA:92,0
DA:98,0
DA:103,0
LF:35
LH:0
BRDA:19,0,0,0
BRDA:20,1,0,0
BRDA:39,2,0,0
BRDA:39,2,1,0
BRDA:55,3,0,0
BRDA:56,4,0,0
BRDA:60,5,0,0
BRDA:60,5,1,0
BRDA:75,6,0,0
BRDA:89,7,0,0
BRDA:89,7,1,0
BRDA:89,8,0,0
BRDA:89,8,1,0
BRF:13
BRH:0
end_of_record
