TN:
SF:src/services/auth.service.ts
FN:38,(anonymous_0)
FN:42,(anonymous_1)
FN:60,(anonymous_2)
FN:93,(anonymous_3)
FN:118,(anonymous_4)
FN:159,(anonymous_5)
FN:192,(anonymous_6)
FN:211,(anonymous_7)
FN:228,(anonymous_8)
FN:241,(anonymous_9)
FN:262,(anonymous_10)
FN:268,(anonymous_11)
FN:276,(anonymous_12)
FN:285,(anonymous_13)
FN:286,(anonymous_14)
FN:303,(anonymous_15)
FNF:16
FNH:13
FNDA:1,(anonymous_0)
FNDA:7,(anonymous_1)
FNDA:1,(anonymous_2)
FNDA:1,(anonymous_3)
FNDA:1,(anonymous_4)
FNDA:1,(anonymous_5)
FNDA:1,(anonymous_6)
FNDA:1,(anonymous_7)
FNDA:1,(anonymous_8)
FNDA:1,(anonymous_9)
FNDA:1,(anonymous_10)
FNDA:30,(anonymous_11)
FNDA:0,(anonymous_12)
FNDA:0,(anonymous_13)
FNDA:0,(anonymous_14)
FNDA:1,(anonymous_15)
DA:28,1
DA:39,7
DA:40,7
DA:41,7
DA:42,7
DA:45,7
DA:46,0
DA:47,0
DA:50,7
DA:52,0
DA:53,0
DA:61,3
DA:62,3
DA:64,3
DA:75,2
DA:81,1
DA:82,1
DA:94,3
DA:95,3
DA:100,2
DA:106,1
DA:107,1
DA:119,2
DA:120,2
DA:123,2
DA:124,2
DA:129,1
DA:130,1
DA:132,1
DA:135,1
DA:136,1
DA:137,0
DA:141,1
DA:143,1
DA:146,0
DA:149,0
DA:151,0
DA:160,3
DA:161,3
DA:164,3
DA:167,3
DA:169,3
DA:176,3
DA:181,0
DA:182,0
DA:193,2
DA:194,2
DA:195,2
DA:200,0
DA:201,0
DA:212,2
DA:213,2
DA:215,2
DA:218,2
DA:220,0
DA:221,0
DA:229,2
DA:230,2
DA:231,2
DA:233,0
DA:234,0
DA:242,2
DA:243,2
DA:245,2
DA:252,2
DA:254,0
DA:255,0
DA:263,5
DA:265,5
DA:268,5
DA:269,30
DA:276,5
DA:277,0
DA:281,5
DA:284,5
DA:285,0
DA:286,0
DA:287,0
DA:288,0
DA:294,5
DA:296,0
DA:304,2
DA:305,2
DA:308,2
DA:311,2
DA:312,2
DA:314,2
DA:315,1
DA:316,1
DA:319,1
DA:320,1
DA:322,0
DA:323,0
LF:93
LH:67
BRDA:45,0,0,0
BRDA:45,0,1,7
BRDA:136,1,0,0
BRDA:136,1,1,1
BRDA:159,2,0,3
BRDA:164,3,0,1
BRDA:164,3,1,2
BRDA:165,4,0,0
BRDA:165,4,1,2
BRDA:269,5,0,30
BRDA:269,5,1,30
BRDA:269,5,2,30
BRDA:269,5,3,30
BRDA:269,5,4,30
BRDA:284,6,0,0
BRDA:284,6,1,5
BRDA:287,7,0,0
BRDA:287,7,1,0
BRDA:287,8,0,0
BRDA:287,8,1,0
BRDA:314,9,0,1
BRDA:314,9,1,1
BRF:22
BRH:14
end_of_record
TN:
SF:src/services/authRetry.service.ts
FN:53,(anonymous_0)
FN:64,(anonymous_1)
FN:74,(anonymous_2)
FN:85,(anonymous_3)
FN:95,(anonymous_4)
FN:104,(anonymous_5)
FN:114,(anonymous_6)
FN:125,(anonymous_7)
FN:135,(anonymous_8)
FN:145,(anonymous_9)
FN:155,(anonymous_10)
FN:168,(anonymous_11)
FN:178,(anonymous_12)
FN:269,(anonymous_13)
FN:285,(anonymous_14)
FN:309,(anonymous_15)
FN:322,(anonymous_16)
FN:336,(anonymous_17)
FN:342,(anonymous_18)
FN:354,(anonymous_19)
FN:355,(anonymous_20)
FNF:21
FNH:0
FNDA:0,(anonymous_0)
FNDA:0,(anonymous_1)
FNDA:0,(anonymous_2)
FNDA:0,(anonymous_3)
FNDA:0,(anonymous_4)
FNDA:0,(anonymous_5)
FNDA:0,(anonymous_6)
FNDA:0,(anonymous_7)
FNDA:0,(anonymous_8)
FNDA:0,(anonymous_9)
FNDA:0,(anonymous_10)
FNDA:0,(anonymous_11)
FNDA:0,(anonymous_12)
FNDA:0,(anonymous_13)
FNDA:0,(anonymous_14)
FNDA:0,(anonymous_15)
FNDA:0,(anonymous_16)
FNDA:0,(anonymous_17)
FNDA:0,(anonymous_18)
FNDA:0,(anonymous_19)
FNDA:0,(anonymous_20)
DA:29,0
DA:48,0
DA:57,0
DA:63,0
DA:64,0
DA:78,0
DA:84,0
DA:85,0
DA:98,0
DA:103,0
DA:104,0
DA:118,0
DA:124,0
DA:125,0
DA:139,0
DA:144,0
DA:145,0
DA:160,0
DA:167,0
DA:168,0
DA:184,0
DA:185,0
DA:186,0
DA:187,0
DA:190,0
DA:191,0
DA:192,0
DA:200,0
DA:201,0
DA:202,0
DA:204,0
DA:207,0
DA:208,0
DA:211,0
DA:219,0
DA:220,0
DA:223,0
DA:233,0
DA:234,0
DA:238,0
DA:239,0
DA:243,0
DA:249,0
DA:250,0
DA:252,0
DA:253,0
DA:258,0
DA:270,0
DA:272,0
DA:275,0
DA:276,0
DA:277,0
DA:278,0
DA:279,0
DA:282,0
DA:286,0
DA:288,0
DA:289,0
DA:295,0
DA:298,0
DA:299,0
DA:302,0
DA:303,0
DA:304,0
DA:305,0
DA:310,0
DA:311,0
DA:312,0
DA:313,0
DA:314,0
DA:315,0
DA:323,0
DA:325,0
DA:326,0
DA:329,0
DA:341,0
DA:342,0
DA:344,0
DA:355,0
LF:79
LH:0
BRDA:55,0,0,0
BRDA:76,1,0,0
BRDA:96,2,0,0
BRDA:116,3,0,0
BRDA:137,4,0,0
BRDA:158,5,0,0
BRDA:190,6,0,0
BRDA:190,6,1,0
BRDA:190,7,0,0
BRDA:190,7,1,0
BRDA:207,8,0,0
BRDA:207,8,1,0
BRDA:233,9,0,0
BRDA:233,9,1,0
BRDA:238,10,0,0
BRDA:238,10,1,0
BRDA:238,11,0,0
BRDA:238,11,1,0
BRDA:260,12,0,0
BRDA:260,12,1,0
BRDA:272,13,0,0
BRDA:272,13,1,0
BRDA:275,14,0,0
BRDA:275,14,1,0
BRDA:275,15,0,0
BRDA:275,15,1,0
BRDA:275,15,2,0
BRDA:288,16,0,0
BRDA:288,16,1,0
BRDA:302,17,0,0
BRDA:302,17,1,0
BRDA:311,18,0,0
BRDA:311,18,1,0
BRF:33
BRH:0
end_of_record
TN:
SF:src/services/authStateRecovery.service.ts
FN:59,(anonymous_0)
FN:98,(anonymous_1)
FN:125,(anonymous_2)
FN:154,(anonymous_3)
FN:155,(anonymous_4)
FN:156,(anonymous_5)
FN:190,(anonymous_6)
FN:232,(anonymous_7)
FN:278,(anonymous_8)
FN:326,(anonymous_9)
FN:360,(anonymous_10)
FN:381,(anonymous_11)
FN:393,(anonymous_12)
FN:418,(anonymous_13)
FN:430,(anonymous_14)
FN:431,(anonymous_15)
FN:432,(anonymous_16)
FN:441,(anonymous_17)
FN:443,(anonymous_18)
FN:451,(anonymous_19)
FN:458,(anonymous_20)
FNF:21
FNH:0
FNDA:0,(anonymous_0)
FNDA:0,(anonymous_1)
FNDA:0,(anonymous_2)
FNDA:0,(anonymous_3)
FNDA:0,(anonymous_4)
FNDA:0,(anonymous_5)
FNDA:0,(anonymous_6)
FNDA:0,(anonymous_7)
FNDA:0,(anonymous_8)
FNDA:0,(anonymous_9)
FNDA:0,(anonymous_10)
FNDA:0,(anonymous_11)
FNDA:0,(anonymous_12)
FNDA:0,(anonymous_13)
FNDA:0,(anonymous_14)
FNDA:0,(anonymous_15)
FNDA:0,(anonymous_16)
FNDA:0,(anonymous_17)
FNDA:0,(anonymous_18)
FNDA:0,(anonymous_19)
FNDA:0,(anonymous_20)
DA:42,0
DA:44,0
DA:52,0
DA:53,0
DA:54,0
DA:60,0
DA:61,0
DA:62,0
DA:64,0
DA:65,0
DA:67,0
DA:68,0
DA:69,0
DA:70,0
DA:71,0
DA:74,0
DA:83,0
DA:84,0
DA:99,0
DA:100,0
DA:102,0
DA:108,0
DA:109,0
DA:112,0
DA:118,0
DA:126,0
DA:129,0
DA:130,0
DA:140,0
DA:141,0
DA:142,0
DA:145,0
DA:146,0
DA:147,0
DA:149,0
DA:150,0
DA:153,0
DA:154,0
DA:155,0
DA:156,0
DA:159,0
DA:160,0
DA:161,0
DA:166,0
DA:167,0
DA:168,0
DA:171,0
DA:172,0
DA:177,0
DA:180,0
DA:181,0
DA:183,0
DA:191,0
DA:192,0
DA:194,0
DA:196,0
DA:197,0
DA:199,0
DA:200,0
DA:201,0
DA:211,0
DA:219,0
DA:233,0
DA:234,0
DA:237,0
DA:239,0
DA:240,0
DA:244,0
DA:246,0
DA:247,0
DA:250,0
DA:252,0
DA:253,0
DA:254,0
DA:263,0
DA:265,0
DA:279,0
DA:280,0
DA:282,0
DA:283,0
DA:284,0
DA:287,0
DA:290,0
DA:291,0
DA:292,0
DA:296,0
DA:297,0
DA:303,0
DA:305,0
DA:313,0
DA:327,0
DA:328,0
DA:330,0
DA:339,0
DA:348,0
DA:362,0
DA:363,0
DA:367,0
DA:368,0
DA:369,0
DA:370,0
DA:374,0
DA:382,0
DA:383,0
DA:384,0
DA:386,0
DA:394,0
DA:395,0
DA:398,0
DA:399,0
DA:400,0
DA:404,0
DA:405,0
DA:406,0
DA:407,0
DA:411,0
DA:412,0
DA:419,0
DA:420,0
DA:421,0
DA:422,0
DA:431,0
DA:432,0
DA:433,0
DA:442,0
DA:444,0
DA:445,0
DA:451,0
DA:452,0
DA:455,0
DA:458,0
DA:459,0
DA:460,0
LF:133
LH:0
BRDA:67,0,0,0
BRDA:67,0,1,0
BRDA:98,1,0,0
BRDA:108,2,0,0
BRDA:108,2,1,0
BRDA:125,3,0,0
BRDA:129,4,0,0
BRDA:129,4,1,0
BRDA:140,5,0,0
BRDA:140,5,1,0
BRDA:166,6,0,0
BRDA:166,6,1,0
BRDA:196,7,0,0
BRDA:196,7,1,0
BRDA:196,8,0,0
BRDA:196,8,1,0
BRDA:199,9,0,0
BRDA:199,9,1,0
BRDA:239,10,0,0
BRDA:239,10,1,0
BRDA:239,11,0,0
BRDA:239,11,1,0
BRDA:246,12,0,0
BRDA:246,12,1,0
BRDA:252,13,0,0
BRDA:252,13,1,0
BRDA:283,14,0,0
BRDA:283,14,1,0
BRDA:291,15,0,0
BRDA:291,15,1,0
BRDA:296,16,0,0
BRDA:296,16,1,0
BRDA:296,17,0,0
BRDA:296,17,1,0
BRDA:327,18,0,0
BRDA:327,18,1,0
BRDA:362,19,0,0
BRDA:362,19,1,0
BRDA:362,20,0,0
BRDA:362,20,1,0
BRDA:367,21,0,0
BRDA:367,21,1,0
BRDA:369,22,0,0
BRDA:369,22,1,0
BRDA:394,23,0,0
BRDA:394,23,1,0
BRDA:399,24,0,0
BRDA:399,24,1,0
BRDA:404,25,0,0
BRDA:404,25,1,0
BRDA:406,26,0,0
BRDA:406,26,1,0
BRDA:444,27,0,0
BRDA:444,27,1,0
BRDA:444,28,0,0
BRDA:444,28,1,0
BRF:56
BRH:0
end_of_record
TN:
SF:src/services/directoryHandle.service.ts
FN:23,openDB
FN:24,(anonymous_1)
FN:27,(anonymous_2)
FN:28,(anonymous_3)
FN:30,(anonymous_4)
FN:42,isFileSystemAccessSupported
FN:49,storeDirectoryHandle
FN:53,(anonymous_7)
FN:58,(anonymous_8)
FN:59,(anonymous_9)
FN:61,(anonymous_10)
FN:68,getStoredDirectoryHandle
FN:71,(anonymous_12)
FN:76,(anonymous_13)
FN:77,(anonymous_14)
FN:79,(anonymous_15)
FN:89,clearStoredDirectoryHandle
FN:91,(anonymous_17)
FN:96,(anonymous_18)
FN:97,(anonymous_19)
FN:99,(anonymous_20)
FN:107,verifyPermission
FN:132,requestDirectoryAccess
FN:161,getDownloadsDirectory
FN:188,getAllMp3Files
FN:221,writeFileWithHandle
FNF:26
FNH:22
FNDA:10,openDB
FNDA:10,(anonymous_1)
FNDA:0,(anonymous_2)
FNDA:9,(anonymous_3)
FNDA:0,(anonymous_4)
FNDA:7,isFileSystemAccessSupported
FNDA:3,storeDirectoryHandle
FNDA:3,(anonymous_7)
FNDA:1,(anonymous_8)
FNDA:2,(anonymous_9)
FNDA:3,(anonymous_10)
FNDA:6,getStoredDirectoryHandle
FNDA:5,(anonymous_12)
FNDA:0,(anonymous_13)
FNDA:5,(anonymous_14)
FNDA:5,(anonymous_15)
FNDA:1,clearStoredDirectoryHandle
FNDA:1,(anonymous_17)
FNDA:0,(anonymous_18)
FNDA:1,(anonymous_19)
FNDA:1,(anonymous_20)
FNDA:6,verifyPermission
FNDA:4,requestDirectoryAccess
FNDA:3,getDownloadsDirectory
FNDA:5,getAllMp3Files
FNDA:1,writeFileWithHandle
DA:15,1
DA:16,1
DA:17,1
DA:18,1
DA:24,10
DA:25,10
DA:27,10
DA:28,10
DA:30,10
DA:31,0
DA:32,0
DA:33,0
DA:43,7
DA:52,3
DA:53,3
DA:54,3
DA:55,3
DA:56,3
DA:58,3
DA:59,3
DA:61,3
DA:69,6
DA:70,6
DA:71,5
DA:72,5
DA:73,5
DA:74,5
DA:76,5
DA:77,5
DA:79,5
DA:82,1
DA:90,1
DA:91,1
DA:92,1
DA:93,1
DA:94,1
DA:96,1
DA:97,1
DA:99,1
DA:112,6
DA:115,6
DA:116,3
DA:121,3
DA:122,1
DA:125,2
DA:133,4
DA:134,1
DA:137,3
DA:138,3
DA:145,1
DA:147,1
DA:150,2
DA:151,1
DA:153,1
DA:163,3
DA:165,3
DA:167,2
DA:168,2
DA:169,1
DA:173,2
DA:192,5
DA:194,5
DA:195,5
DA:197,5
DA:199,1
DA:203,1
DA:204,4
DA:205,3
DA:206,3
DA:207,3
DA:215,5
DA:225,1
DA:226,1
DA:227,1
LF:74
LH:71
BRDA:32,0,0,0
BRDA:32,0,1,0
BRDA:43,1,0,7
BRDA:43,1,1,6
BRDA:77,2,0,5
BRDA:77,2,1,2
BRDA:109,3,0,6
BRDA:115,4,0,3
BRDA:115,4,1,3
BRDA:121,5,0,1
BRDA:121,5,1,2
BRDA:133,6,0,1
BRDA:133,6,1,3
BRDA:150,7,0,1
BRDA:150,7,1,1
BRDA:150,8,0,2
BRDA:150,8,1,2
BRDA:165,9,0,2
BRDA:165,9,1,1
BRDA:168,10,0,1
BRDA:168,10,1,1
BRDA:190,11,0,5
BRDA:195,12,0,2
BRDA:195,12,1,3
BRDA:197,13,0,1
BRDA:197,13,1,4
BRDA:204,14,0,3
BRDA:204,14,1,1
BRDA:204,15,0,4
BRDA:204,15,1,4
BRF:30
BRH:28
end_of_record
TN:
SF:src/services/downloadProcessor.service.ts
FN:46,extractFileMetadata
FN:69,(anonymous_1)
FN:94,(anonymous_2)
FN:120,(anonymous_3)
FN:142,mapToSuperGenre
FN:171,processFile
FN:220,filterMp3Files
FN:222,(anonymous_7)
FN:236,processDownloads
FN:253,(anonymous_9)
FN:272,(anonymous_10)
FN:274,(anonymous_11)
FN:284,(anonymous_12)
FN:285,(anonymous_13)
FN:286,(anonymous_14)
FN:306,processDownloadsWithHandles
FN:322,(anonymous_16)
FN:346,(anonymous_17)
FN:348,(anonymous_18)
FN:358,(anonymous_19)
FN:359,(anonymous_20)
FN:360,(anonymous_21)
FN:376,reprocessWithUpdatedMap
FN:382,(anonymous_23)
FN:409,(anonymous_24)
FN:423,(anonymous_25)
FN:424,(anonymous_26)
FN:425,(anonymous_27)
FN:450,writeSuperGenreTag
FN:558,writeTagsInPlace
FN:563,(anonymous_30)
FN:636,getFileDebugMetadata
FN:646,(anonymous_32)
FNF:33
FNH:20
FNDA:2,extractFileMetadata
FNDA:2,(anonymous_1)
FNDA:0,(anonymous_2)
FNDA:0,(anonymous_3)
FNDA:20,mapToSuperGenre
FNDA:2,processFile
FNDA:6,filterMp3Files
FNDA:11,(anonymous_7)
FNDA:3,processDownloads
FNDA:2,(anonymous_9)
FNDA:2,(anonymous_10)
FNDA:2,(anonymous_11)
FNDA:2,(anonymous_12)
FNDA:2,(anonymous_13)
FNDA:2,(anonymous_14)
FNDA:0,processDownloadsWithHandles
FNDA:0,(anonymous_16)
FNDA:0,(anonymous_17)
FNDA:0,(anonymous_18)
FNDA:0,(anonymous_19)
FNDA:0,(anonymous_20)
FNDA:0,(anonymous_21)
FNDA:5,reprocessWithUpdatedMap
FNDA:18,(anonymous_23)
FNDA:5,(anonymous_24)
FNDA:18,(anonymous_25)
FNDA:18,(anonymous_26)
FNDA:18,(anonymous_27)
FNDA:4,writeSuperGenreTag
FNDA:0,writeTagsInPlace
FNDA:0,(anonymous_30)
FNDA:0,getFileDebugMetadata
FNDA:0,(anonymous_32)
DA:27,1
DA:28,1
DA:32,1
DA:35,1
DA:52,2
DA:62,2
DA:65,2
DA:66,2
DA:69,2
DA:73,2
DA:74,2
DA:75,2
DA:77,2
DA:79,6
DA:80,0
DA:82,0
DA:83,0
DA:86,6
DA:87,2
DA:88,2
DA:90,2
DA:91,0
DA:92,0
DA:94,0
DA:95,0
DA:96,0
DA:104,2
DA:105,2
DA:106,0
DA:107,0
DA:108,0
DA:113,2
DA:114,0
DA:115,0
DA:116,0
DA:118,0
DA:119,0
DA:120,0
DA:125,2
DA:146,20
DA:147,20
DA:150,20
DA:151,8
DA:155,12
DA:156,26
DA:160,2
DA:165,10
DA:177,2
DA:179,2
DA:180,2
DA:181,2
DA:185,2
DA:187,2
DA:200,0
DA:201,0
DA:221,6
DA:222,6
DA:223,11
DA:224,11
DA:242,3
DA:243,3
DA:244,3
DA:246,3
DA:249,3
DA:250,1
DA:252,1
DA:254,2
DA:257,2
DA:258,2
DA:265,2
DA:269,1
DA:272,1
DA:273,2
DA:274,2
DA:275,2
DA:282,1
DA:284,2
DA:285,2
DA:286,2
DA:289,1
DA:291,1
DA:312,0
DA:313,0
DA:315,0
DA:318,0
DA:319,0
DA:321,0
DA:323,0
DA:331,0
DA:332,0
DA:339,0
DA:343,0
DA:346,0
DA:347,0
DA:348,0
DA:349,0
DA:356,0
DA:358,0
DA:359,0
DA:360,0
DA:363,0
DA:365,0
DA:380,5
DA:382,5
DA:384,18
DA:385,4
DA:389,14
DA:391,6
DA:392,1
DA:395,5
DA:403,8
DA:406,8
DA:408,18
DA:409,5
DA:410,5
DA:414,8
DA:421,5
DA:423,18
DA:424,18
DA:425,18
DA:428,5
DA:452,4
DA:457,4
DA:458,4
DA:461,4
DA:463,4
DA:464,0
DA:466,0
DA:467,0
DA:469,0
DA:470,0
DA:472,0
DA:473,0
DA:475,0
DA:476,0
DA:480,0
DA:481,0
DA:483,0
DA:484,0
DA:486,0
DA:487,0
DA:490,0
DA:491,4
DA:492,4
DA:494,4
DA:495,4
DA:497,0
DA:498,0
DA:499,0
DA:500,0
DA:501,0
DA:508,0
DA:509,0
DA:510,0
DA:511,0
DA:512,0
DA:517,0
DA:523,0
DA:524,0
DA:532,0
DA:533,0
DA:535,0
DA:545,0
DA:547,0
DA:548,0
DA:562,0
DA:563,0
DA:565,0
DA:566,0
DA:568,0
DA:570,0
DA:571,0
DA:573,0
DA:574,0
DA:581,0
DA:583,0
DA:586,0
DA:587,0
DA:588,0
DA:590,0
DA:592,0
DA:593,0
DA:600,0
DA:602,0
DA:637,0
DA:642,0
DA:643,0
DA:645,0
DA:646,0
DA:652,0
DA:654,0
DA:675,1
LF:192
LH:91
BRDA:27,0,0,1
BRDA:27,0,1,0
BRDA:65,1,0,2
BRDA:65,1,1,0
BRDA:66,2,0,2
BRDA:66,2,1,0
BRDA:69,3,0,2
BRDA:69,3,1,2
BRDA:73,4,0,2
BRDA:73,4,1,0
BRDA:74,5,0,2
BRDA:74,5,1,2
BRDA:79,6,0,0
BRDA:79,6,1,6
BRDA:79,7,0,6
BRDA:79,7,1,0
BRDA:80,8,0,0
BRDA:80,8,1,0
BRDA:83,9,0,0
BRDA:83,9,1,0
BRDA:86,10,0,2
BRDA:86,10,1,4
BRDA:86,11,0,6
BRDA:86,11,1,2
BRDA:88,12,0,2
BRDA:88,12,1,0
BRDA:90,13,0,0
BRDA:90,13,1,2
BRDA:90,14,0,2
BRDA:90,14,1,2
BRDA:90,14,2,2
BRDA:91,15,0,0
BRDA:91,15,1,0
BRDA:92,16,0,0
BRDA:92,16,1,0
BRDA:96,17,0,0
BRDA:96,17,1,0
BRDA:104,18,0,2
BRDA:104,18,1,2
BRDA:106,19,0,0
BRDA:106,19,1,0
BRDA:106,20,0,0
BRDA:106,20,1,0
BRDA:107,21,0,0
BRDA:107,21,1,0
BRDA:108,22,0,0
BRDA:108,22,1,0
BRDA:113,23,0,0
BRDA:113,23,1,2
BRDA:115,24,0,0
BRDA:115,24,1,0
BRDA:126,25,0,2
BRDA:126,25,1,0
BRDA:127,26,0,2
BRDA:127,26,1,0
BRDA:128,27,0,2
BRDA:128,27,1,0
BRDA:150,28,0,8
BRDA:150,28,1,12
BRDA:156,29,0,2
BRDA:156,29,1,24
BRDA:157,30,0,26
BRDA:157,30,1,25
BRDA:177,31,0,2
BRDA:177,31,1,2
BRDA:177,31,2,2
BRDA:185,32,0,0
BRDA:185,32,1,2
BRDA:210,33,0,0
BRDA:210,33,1,0
BRDA:240,34,0,3
BRDA:257,35,0,2
BRDA:257,35,1,0
BRDA:273,36,0,2
BRDA:273,36,1,0
BRDA:310,37,0,0
BRDA:331,38,0,0
BRDA:331,38,1,0
BRDA:347,39,0,0
BRDA:347,39,1,0
BRDA:384,40,0,4
BRDA:384,40,1,14
BRDA:389,41,0,6
BRDA:389,41,1,8
BRDA:391,42,0,1
BRDA:391,42,1,5
BRDA:406,43,0,3
BRDA:406,43,1,5
BRDA:408,44,0,5
BRDA:408,44,1,13
BRDA:463,45,0,0
BRDA:463,45,1,4
BRDA:466,46,0,0
BRDA:466,46,1,0
BRDA:469,47,0,0
BRDA:469,47,1,0
BRDA:472,48,0,0
BRDA:472,48,1,0
BRDA:475,49,0,0
BRDA:475,49,1,0
BRDA:476,50,0,0
BRDA:476,50,1,0
BRDA:480,51,0,0
BRDA:480,51,1,0
BRDA:480,52,0,0
BRDA:480,52,1,0
BRDA:483,53,0,0
BRDA:483,53,1,0
BRDA:486,54,0,0
BRDA:486,54,1,0
BRDA:486,55,0,0
BRDA:486,55,1,0
BRDA:490,56,0,0
BRDA:490,56,1,0
BRDA:491,57,0,4
BRDA:491,57,1,0
BRDA:497,58,0,0
BRDA:497,58,1,0
BRDA:497,59,0,0
BRDA:497,59,1,0
BRDA:499,60,0,0
BRDA:499,60,1,0
BRDA:500,61,0,0
BRDA:500,61,1,0
BRDA:508,62,0,0
BRDA:508,62,1,0
BRDA:508,63,0,0
BRDA:508,63,1,0
BRDA:510,64,0,0
BRDA:510,64,1,0
BRDA:511,65,0,0
BRDA:511,65,1,0
BRDA:515,66,0,0
BRDA:515,66,1,0
BRDA:517,67,0,0
BRDA:517,67,1,0
BRDA:523,68,0,0
BRDA:523,68,1,0
BRDA:523,69,0,0
BRDA:523,69,1,0
BRDA:523,69,2,0
BRDA:532,70,0,0
BRDA:532,70,1,0
BRDA:532,71,0,0
BRDA:532,71,1,0
BRDA:536,72,0,0
BRDA:536,72,1,0
BRDA:538,73,0,0
BRDA:538,73,1,0
BRDA:563,74,0,0
BRDA:563,74,1,0
BRDA:563,74,2,0
BRDA:573,75,0,0
BRDA:573,75,1,0
BRDA:595,76,0,0
BRDA:595,76,1,0
BRF:156
BRH:50
end_of_record
TN:
SF:src/services/errorHandling.service.ts
FN:59,(anonymous_0)
FN:142,(anonymous_1)
FN:182,(anonymous_2)
FN:217,(anonymous_3)
FN:256,(anonymous_4)
FN:297,(anonymous_5)
FN:303,(anonymous_6)
FN:310,(anonymous_7)
FN:316,(anonymous_8)
FN:322,(anonymous_9)
FN:329,(anonymous_10)
FN:332,(anonymous_11)
FN:339,(anonymous_12)
FN:347,(anonymous_13)
FN:353,(anonymous_14)
FN:375,(anonymous_15)
FN:385,(anonymous_16)
FN:398,(anonymous_17)
FN:411,(anonymous_18)
FN:416,(anonymous_19)
FN:424,(anonymous_20)
FN:434,(anonymous_21)
FN:435,(anonymous_22)
FNF:23
FNH:23
FNDA:1,(anonymous_0)
FNDA:1,(anonymous_1)
FNDA:1,(anonymous_2)
FNDA:1,(anonymous_3)
FNDA:1,(anonymous_4)
FNDA:1,(anonymous_5)
FNDA:1,(anonymous_6)
FNDA:1,(anonymous_7)
FNDA:1,(anonymous_8)
FNDA:1,(anonymous_9)
FNDA:49,(anonymous_10)
FNDA:1,(anonymous_11)
FNDA:1,(anonymous_12)
FNDA:51,(anonymous_13)
FNDA:1,(anonymous_14)
FNDA:1,(anonymous_15)
FNDA:1,(anonymous_16)
FNDA:1,(anonymous_17)
FNDA:1,(anonymous_18)
FNDA:1,(anonymous_19)
FNDA:1,(anonymous_20)
FNDA:1,(anonymous_21)
FNDA:7,(anonymous_22)
DA:41,1
DA:60,71
DA:61,71
DA:64,71
DA:65,13
DA:75,58
DA:76,22
DA:86,36
DA:87,8
DA:97,28
DA:98,9
DA:108,19
DA:109,3
DA:119,16
DA:120,6
DA:130,10
DA:143,33
DA:146,33
DA:147,9
DA:151,24
DA:152,7
DA:156,17
DA:157,5
DA:161,12
DA:162,6
DA:166,6
DA:167,1
DA:171,5
DA:172,2
DA:176,3
DA:186,12
DA:187,12
DA:189,12
DA:198,12
DA:201,12
DA:202,12
DA:204,12
DA:222,8
DA:223,8
DA:225,8
DA:226,15
DA:227,15
DA:229,11
DA:230,11
DA:233,11
DA:234,4
DA:238,7
DA:243,7
DA:244,7
DA:249,4
DA:250,4
DA:261,12
DA:275,12
DA:277,0
DA:278,0
DA:280,2
DA:281,2
DA:283,6
DA:284,6
DA:286,4
DA:287,4
DA:298,71
DA:304,58
DA:311,13
DA:312,8
DA:313,6
DA:317,8
DA:318,7
DA:319,5
DA:323,13
DA:329,49
DA:333,8
DA:334,6
DA:335,5
DA:336,4
DA:340,13
DA:347,51
DA:354,9
DA:368,9
DA:369,65
DA:372,2
DA:376,7
DA:377,1
DA:379,6
DA:380,5
DA:382,1
DA:386,5
DA:387,2
DA:389,3
DA:390,1
DA:392,2
DA:393,1
DA:395,1
DA:399,6
DA:400,1
DA:402,5
DA:403,1
DA:405,4
DA:412,7
DA:413,7
DA:417,7
DA:418,7
DA:425,24
DA:426,8
DA:427,12
DA:428,4
DA:429,0
DA:430,0
DA:435,7
LF:109
LH:105
BRDA:60,0,0,71
BRDA:60,0,1,3
BRDA:61,1,0,71
BRDA:61,1,1,67
BRDA:61,1,2,62
BRDA:64,2,0,13
BRDA:64,2,1,58
BRDA:64,3,0,71
BRDA:64,3,1,69
BRDA:64,3,2,63
BRDA:75,4,0,22
BRDA:75,4,1,36
BRDA:75,5,0,58
BRDA:75,5,1,55
BRDA:75,5,2,36
BRDA:86,6,0,8
BRDA:86,6,1,28
BRDA:86,7,0,36
BRDA:86,7,1,30
BRDA:86,7,2,28
BRDA:92,8,0,8
BRDA:92,8,1,7
BRDA:97,9,0,9
BRDA:97,9,1,19
BRDA:97,10,0,28
BRDA:97,10,1,23
BRDA:97,10,2,21
BRDA:97,10,3,4
BRDA:108,11,0,3
BRDA:108,11,1,16
BRDA:108,12,0,19
BRDA:108,12,1,18
BRDA:108,12,2,16
BRDA:119,13,0,6
BRDA:119,13,1,10
BRDA:119,14,0,16
BRDA:119,14,1,13
BRDA:119,14,2,12
BRDA:143,15,0,33
BRDA:143,15,1,0
BRDA:146,16,0,9
BRDA:146,16,1,24
BRDA:151,17,0,7
BRDA:151,17,1,17
BRDA:156,18,0,5
BRDA:156,18,1,12
BRDA:161,19,0,6
BRDA:161,19,1,6
BRDA:166,20,0,1
BRDA:166,20,1,5
BRDA:171,21,0,2
BRDA:171,21,1,3
BRDA:184,22,0,12
BRDA:201,23,0,12
BRDA:201,23,1,7
BRDA:202,24,0,7
BRDA:202,24,1,5
BRDA:219,25,0,8
BRDA:220,26,0,8
BRDA:233,27,0,4
BRDA:233,27,1,7
BRDA:233,28,0,11
BRDA:233,28,1,10
BRDA:275,29,0,0
BRDA:275,29,1,2
BRDA:275,29,2,6
BRDA:275,29,3,4
BRDA:298,30,0,71
BRDA:298,30,1,71
BRDA:298,30,2,70
BRDA:304,31,0,58
BRDA:304,31,1,57
BRDA:304,31,2,56
BRDA:304,31,3,55
BRDA:311,32,0,5
BRDA:311,32,1,8
BRDA:311,33,0,13
BRDA:311,33,1,10
BRDA:312,34,0,2
BRDA:312,34,1,6
BRDA:312,35,0,8
BRDA:312,35,1,7
BRDA:317,36,0,1
BRDA:317,36,1,7
BRDA:317,37,0,8
BRDA:317,37,1,7
BRDA:318,38,0,2
BRDA:318,38,1,5
BRDA:318,39,0,7
BRDA:318,39,1,5
BRDA:333,40,0,2
BRDA:333,40,1,6
BRDA:333,41,0,8
BRDA:333,41,1,8
BRDA:334,42,0,1
BRDA:334,42,1,5
BRDA:335,43,0,1
BRDA:335,43,1,4
BRDA:335,44,0,5
BRDA:335,44,1,5
BRDA:369,45,0,7
BRDA:369,45,1,58
BRDA:376,46,0,1
BRDA:376,46,1,6
BRDA:379,47,0,5
BRDA:379,47,1,1
BRDA:379,48,0,6
BRDA:379,48,1,5
BRDA:386,49,0,2
BRDA:386,49,1,3
BRDA:386,50,0,5
BRDA:386,50,1,4
BRDA:389,51,0,1
BRDA:389,51,1,2
BRDA:389,52,0,3
BRDA:389,52,1,2
BRDA:392,53,0,1
BRDA:392,53,1,1
BRDA:399,54,0,1
BRDA:399,54,1,5
BRDA:402,55,0,1
BRDA:402,55,1,4
BRDA:425,56,0,8
BRDA:425,56,1,12
BRDA:425,56,2,4
BRDA:425,56,3,0
BRDA:425,56,4,0
BRF:127
BRH:123
end_of_record
TN:
SF:src/services/errorLogging.service.ts
FN:81,(anonymous_0)
FN:87,(anonymous_1)
FN:95,(anonymous_2)
FN:115,(anonymous_3)
FN:133,(anonymous_4)
FN:152,(anonymous_5)
FN:219,(anonymous_6)
FN:239,(anonymous_7)
FN:254,(anonymous_8)
FN:284,(anonymous_9)
FN:297,(anonymous_10)
FN:309,(anonymous_11)
FN:333,(anonymous_12)
FN:346,(anonymous_13)
FN:350,(anonymous_14)
FN:364,(anonymous_15)
FN:383,(anonymous_16)
FN:403,(anonymous_17)
FN:417,(anonymous_18)
FN:424,(anonymous_19)
FN:444,(anonymous_20)
FN:449,(anonymous_21)
FN:457,(anonymous_22)
FN:465,(anonymous_23)
FN:476,(anonymous_24)
FN:498,(anonymous_25)
FN:508,(anonymous_26)
FN:520,(anonymous_27)
FN:525,(anonymous_28)
FN:529,(anonymous_29)
FN:537,(anonymous_30)
FN:544,(anonymous_31)
FNF:32
FNH:30
FNDA:1,(anonymous_0)
FNDA:0,(anonymous_1)
FNDA:1,(anonymous_2)
FNDA:1,(anonymous_3)
FNDA:1,(anonymous_4)
FNDA:1,(anonymous_5)
FNDA:1,(anonymous_6)
FNDA:1,(anonymous_7)
FNDA:1,(anonymous_8)
FNDA:1,(anonymous_9)
FNDA:1,(anonymous_10)
FNDA:1,(anonymous_11)
FNDA:1,(anonymous_12)
FNDA:1,(anonymous_13)
FNDA:1,(anonymous_14)
FNDA:1,(anonymous_15)
FNDA:1,(anonymous_16)
FNDA:1,(anonymous_17)
FNDA:4,(anonymous_18)
FNDA:1,(anonymous_19)
FNDA:1,(anonymous_20)
FNDA:10,(anonymous_21)
FNDA:10,(anonymous_22)
FNDA:3,(anonymous_23)
FNDA:1,(anonymous_24)
FNDA:1,(anonymous_25)
FNDA:1,(anonymous_26)
FNDA:0,(anonymous_27)
FNDA:1,(anonymous_28)
FNDA:1,(anonymous_29)
FNDA:1,(anonymous_30)
FNDA:1,(anonymous_31)
DA:58,1
DA:59,1
DA:60,1
DA:72,1
DA:73,1
DA:74,1
DA:75,1
DA:76,1
DA:82,16
DA:83,16
DA:84,16
DA:87,16
DA:89,16
DA:100,3
DA:121,6
DA:139,2
DA:159,11
DA:160,0
DA:164,11
DA:165,1
DA:168,10
DA:184,11
DA:185,0
DA:189,10
DA:190,10
DA:193,10
DA:194,10
DA:198,10
DA:199,2
DA:203,10
DA:204,0
DA:208,10
DA:211,10
DA:212,0
DA:225,10
DA:233,10
DA:240,1
DA:241,1
DA:243,1
DA:244,0
DA:247,1
DA:248,1
DA:260,10
DA:262,10
DA:263,0
DA:270,10
DA:271,0
DA:274,10
DA:275,10
DA:278,10
DA:285,11
DA:298,0
DA:310,10
DA:311,10
DA:313,10
DA:316,4
DA:317,4
DA:319,1
DA:320,1
DA:322,5
DA:323,5
DA:325,0
DA:326,0
DA:334,2
DA:335,2
DA:336,2
DA:337,2
DA:339,0
DA:347,16
DA:348,16
DA:349,16
DA:350,1
DA:356,0
DA:357,0
DA:365,16
DA:366,16
DA:367,16
DA:368,0
DA:369,0
DA:375,0
DA:376,0
DA:386,0
DA:404,10
DA:405,10
DA:406,10
DA:407,10
DA:410,10
DA:411,4
DA:412,4
DA:416,10
DA:417,10
DA:418,10
DA:425,46
DA:445,1
DA:449,10
DA:457,10
DA:465,3
DA:477,10
DA:479,10
DA:480,30
DA:483,30
DA:484,7
DA:488,23
DA:489,1
DA:490,1
DA:499,1
DA:509,0
DA:512,0
DA:513,0
DA:514,0
DA:519,0
DA:520,0
DA:526,4
DA:530,45
DA:531,45
DA:532,45
DA:533,45
DA:534,45
DA:538,2
DA:545,10
LF:120
LH:96
BRDA:81,0,0,16
BRDA:97,1,0,3
BRDA:102,2,0,3
BRDA:102,2,1,0
BRDA:117,3,0,6
BRDA:118,4,0,6
BRDA:119,5,0,6
BRDA:135,6,0,2
BRDA:136,7,0,2
BRDA:137,8,0,2
BRDA:156,9,0,11
BRDA:159,10,0,0
BRDA:159,10,1,11
BRDA:164,11,0,1
BRDA:164,11,1,10
BRDA:164,12,0,11
BRDA:164,12,1,1
BRDA:178,13,0,11
BRDA:178,13,1,0
BRDA:179,14,0,11
BRDA:179,14,1,3
BRDA:184,15,0,0
BRDA:184,15,1,11
BRDA:184,16,0,11
BRDA:184,16,1,1
BRDA:193,17,0,10
BRDA:193,17,1,0
BRDA:198,18,0,2
BRDA:198,18,1,8
BRDA:203,19,0,0
BRDA:203,19,1,10
BRDA:211,20,0,0
BRDA:211,20,1,10
BRDA:229,21,0,10
BRDA:229,21,1,7
BRDA:230,22,0,10
BRDA:230,22,1,10
BRDA:243,23,0,0
BRDA:243,23,1,1
BRDA:243,24,0,1
BRDA:243,24,1,0
BRDA:262,25,0,0
BRDA:262,25,1,10
BRDA:270,26,0,0
BRDA:270,26,1,10
BRDA:274,27,0,10
BRDA:274,27,1,0
BRDA:313,28,0,0
BRDA:313,28,1,4
BRDA:313,28,2,1
BRDA:313,28,3,5
BRDA:313,28,4,0
BRDA:349,29,0,1
BRDA:349,29,1,15
BRDA:367,30,0,0
BRDA:367,30,1,16
BRDA:371,31,0,0
BRDA:371,31,1,0
BRDA:405,32,0,10
BRDA:405,32,1,10
BRDA:406,33,0,10
BRDA:406,33,1,10
BRDA:410,34,0,4
BRDA:410,34,1,6
BRDA:410,35,0,10
BRDA:410,35,1,6
BRDA:465,36,0,3
BRDA:465,36,1,2
BRDA:480,37,0,0
BRDA:480,37,1,30
BRDA:483,38,0,7
BRDA:483,38,1,23
BRDA:483,39,0,30
BRDA:483,39,1,7
BRDA:488,40,0,1
BRDA:488,40,1,22
BRDA:513,41,0,0
BRDA:513,41,1,0
BRF:78
BRH:58
end_of_record
TN:
SF:src/services/fileScanner.ts
FN:12,(anonymous_0)
FN:36,(anonymous_1)
FNF:2
FNH:2
FNDA:9,(anonymous_0)
FNDA:8,(anonymous_1)
DA:12,1
DA:14,9
DA:15,1
DA:19,8
DA:20,1
DA:23,7
DA:26,7
DA:30,7
DA:32,7
DA:33,7
DA:36,7
DA:37,8
DA:38,11
DA:39,8
DA:40,8
DA:43,8
DA:44,0
DA:45,0
DA:49,8
DA:50,2
DA:52,3
DA:53,1
DA:58,7
DA:60,7
DA:62,7
DA:63,1
DA:66,6
LF:27
LH:25
BRDA:14,0,0,1
BRDA:14,0,1,8
BRDA:19,1,0,1
BRDA:19,1,1,7
BRDA:36,2,0,8
BRDA:38,3,0,8
BRDA:38,3,1,3
BRDA:38,4,0,11
BRDA:38,4,1,10
BRDA:43,5,0,0
BRDA:43,5,1,8
BRDA:49,6,0,2
BRDA:49,6,1,6
BRDA:52,7,0,1
BRDA:52,7,1,2
BRDA:62,8,0,1
BRDA:62,8,1,6
BRF:17
BRH:16
end_of_record
TN:
SF:src/services/genreMapping.service.ts
FN:8,(anonymous_0)
FN:32,(anonymous_1)
FN:33,(anonymous_2)
FN:37,(anonymous_3)
FN:38,(anonymous_4)
FN:51,(anonymous_5)
FN:68,(anonymous_6)
FN:84,(anonymous_7)
FN:108,(anonymous_8)
FN:109,(anonymous_9)
FN:119,(anonymous_10)
FNF:11
FNH:11
FNDA:1,(anonymous_0)
FNDA:4,(anonymous_1)
FNDA:4,(anonymous_2)
FNDA:4,(anonymous_3)
FNDA:3,(anonymous_4)
FNDA:1,(anonymous_5)
FNDA:1,(anonymous_6)
FNDA:1,(anonymous_7)
FNDA:1,(anonymous_8)
FNDA:4,(anonymous_9)
FNDA:1,(anonymous_10)
DA:9,6
DA:13,6
DA:14,1
DA:18,5
DA:21,6
DA:26,5
DA:27,1
DA:28,1
DA:32,4
DA:33,4
DA:36,4
DA:37,4
DA:38,3
DA:45,4
DA:52,6
DA:60,6
DA:61,2
DA:69,2
DA:76,2
DA:77,1
DA:85,3
DA:86,3
DA:87,1
DA:90,2
DA:98,2
DA:99,1
DA:102,1
DA:109,3
DA:110,4
DA:113,3
DA:120,3
DA:127,3
DA:128,1
DA:129,1
DA:132,2
LF:35
LH:35
BRDA:13,0,0,1
BRDA:13,0,1,5
BRDA:18,1,0,5
BRDA:18,1,1,1
BRDA:26,2,0,1
BRDA:26,2,1,4
BRDA:60,3,0,2
BRDA:60,3,1,4
BRDA:76,4,0,1
BRDA:76,4,1,1
BRDA:86,5,0,1
BRDA:86,5,1,2
BRDA:98,6,0,1
BRDA:98,6,1,1
BRDA:127,7,0,1
BRDA:127,7,1,2
BRDA:132,8,0,2
BRDA:132,8,1,1
BRF:18
BRH:18
end_of_record
TN:
SF:src/services/metadataExtractor.ts
FN:20,(anonymous_0)
FN:33,(anonymous_1)
FN:110,(anonymous_2)
FN:132,(anonymous_3)
FN:151,(anonymous_4)
FN:172,(anonymous_5)
FN:175,(anonymous_6)
FN:334,(anonymous_7)
FN:387,(anonymous_8)
FN:405,(anonymous_9)
FNF:10
FNH:5
FNDA:6,(anonymous_0)
FNDA:9,(anonymous_1)
FNDA:30,(anonymous_2)
FNDA:2,(anonymous_3)
FNDA:0,(anonymous_4)
FNDA:0,(anonymous_5)
FNDA:0,(anonymous_6)
FNDA:0,(anonymous_7)
FNDA:4,(anonymous_8)
FNDA:0,(anonymous_9)
DA:9,1
DA:12,1
DA:15,1
DA:20,1
DA:21,6
DA:22,0
DA:24,6
DA:25,6
DA:27,0
DA:33,1
DA:34,9
DA:37,9
DA:38,9
DA:39,8
DA:40,8
DA:41,8
DA:46,1
DA:47,1
DA:48,0
DA:49,0
DA:50,0
DA:54,1
DA:58,1
DA:59,1
DA:63,1
DA:110,1
DA:111,30
DA:112,0
DA:113,0
DA:119,0
DA:122,30
DA:124,30
DA:133,2
DA:134,2
DA:138,28
DA:139,1
DA:140,1
DA:143,27
DA:145,0
DA:151,0
DA:158,0
DA:161,0
DA:171,0
DA:172,0
DA:173,0
DA:174,0
DA:175,0
DA:177,0
DA:178,0
DA:183,27
DA:186,27
DA:187,27
DA:188,27
DA:189,27
DA:190,27
DA:191,27
DA:192,27
DA:193,27
DA:196,27
DA:197,27
DA:198,27
DA:199,27
DA:200,27
DA:201,27
DA:202,27
DA:203,27
DA:205,27
DA:206,0
DA:220,27
DA:221,26
DA:222,26
DA:223,3
DA:224,3
DA:225,3
DA:226,3
DA:233,27
DA:234,27
DA:235,27
DA:236,0
DA:247,27
DA:248,26
DA:251,26
DA:253,26
DA:254,83
DA:255,10
DA:258,10
DA:259,23
DA:260,4
DA:262,23
DA:263,4
DA:265,23
DA:266,2
DA:268,23
DA:274,6
DA:275,6
DA:276,5
DA:277,5
DA:280,23
DA:281,2
DA:283,23
DA:284,3
DA:285,3
DA:286,2
DA:289,23
DA:290,2
DA:295,10
DA:296,9
DA:297,9
DA:304,27
DA:305,27
DA:307,27
DA:330,27
DA:332,27
DA:333,0
DA:334,0
DA:337,27
DA:339,3
DA:342,3
DA:343,3
DA:346,3
DA:369,3
DA:370,3
DA:371,0
DA:372,0
DA:375,3
DA:380,1
DA:387,1
DA:391,4
DA:394,4
DA:395,8
DA:396,8
DA:397,8
DA:399,8
DA:400,2
DA:404,8
DA:405,0
DA:409,8
LF:137
LH:111
BRDA:21,0,0,0
BRDA:21,0,1,6
BRDA:21,1,0,6
BRDA:21,1,1,0
BRDA:21,1,2,0
BRDA:24,2,0,6
BRDA:24,2,1,0
BRDA:34,3,0,0
BRDA:34,3,1,9
BRDA:38,4,0,8
BRDA:38,4,1,1
BRDA:40,5,0,8
BRDA:40,5,1,0
BRDA:40,6,0,8
BRDA:40,6,1,8
BRDA:47,7,0,0
BRDA:47,7,1,1
BRDA:49,8,0,0
BRDA:49,8,1,0
BRDA:49,9,0,0
BRDA:49,9,1,0
BRDA:58,10,0,1
BRDA:58,10,1,0
BRDA:111,11,0,0
BRDA:111,11,1,30
BRDA:138,12,0,1
BRDA:138,12,1,27
BRDA:143,13,0,0
BRDA:143,13,1,27
BRDA:148,14,0,0
BRDA:148,14,1,0
BRDA:149,15,0,0
BRDA:149,15,1,0
BRDA:153,16,0,0
BRDA:153,16,1,0
BRDA:165,17,0,0
BRDA:165,17,1,0
BRDA:166,18,0,0
BRDA:166,18,1,0
BRDA:167,19,0,0
BRDA:167,19,1,0
BRDA:171,20,0,0
BRDA:171,20,1,0
BRDA:174,21,0,0
BRDA:174,21,1,0
BRDA:177,22,0,0
BRDA:177,22,1,0
BRDA:196,23,0,27
BRDA:196,23,1,0
BRDA:197,24,0,27
BRDA:197,24,1,8
BRDA:198,25,0,27
BRDA:198,25,1,8
BRDA:199,26,0,27
BRDA:199,26,1,26
BRDA:200,27,0,27
BRDA:200,27,1,26
BRDA:201,28,0,27
BRDA:201,28,1,26
BRDA:202,29,0,27
BRDA:202,29,1,26
BRDA:203,30,0,27
BRDA:203,30,1,26
BRDA:205,31,0,0
BRDA:205,31,1,27
BRDA:220,32,0,26
BRDA:220,32,1,1
BRDA:221,33,0,26
BRDA:221,33,1,24
BRDA:222,34,0,3
BRDA:222,34,1,23
BRDA:224,35,0,3
BRDA:224,35,1,0
BRDA:226,36,0,0
BRDA:226,36,1,3
BRDA:233,37,0,27
BRDA:233,37,1,0
BRDA:234,38,0,2
BRDA:234,38,1,25
BRDA:235,39,0,0
BRDA:235,39,1,27
BRDA:247,40,0,26
BRDA:247,40,1,1
BRDA:247,41,0,27
BRDA:247,41,1,27
BRDA:247,41,2,19
BRDA:247,41,3,19
BRDA:247,41,4,1
BRDA:247,41,5,1
BRDA:247,41,6,1
BRDA:247,41,7,1
BRDA:248,42,0,0
BRDA:248,42,1,26
BRDA:254,43,0,10
BRDA:254,43,1,73
BRDA:259,44,0,4
BRDA:259,44,1,19
BRDA:259,45,0,23
BRDA:259,45,1,7
BRDA:259,45,2,5
BRDA:259,45,3,4
BRDA:260,46,0,4
BRDA:260,46,1,0
BRDA:262,47,0,4
BRDA:262,47,1,19
BRDA:262,48,0,23
BRDA:262,48,1,11
BRDA:262,48,2,9
BRDA:262,48,3,8
BRDA:263,49,0,4
BRDA:263,49,1,0
BRDA:265,50,0,2
BRDA:265,50,1,21
BRDA:265,51,0,23
BRDA:265,51,1,17
BRDA:265,51,2,16
BRDA:265,51,3,15
BRDA:266,52,0,2
BRDA:266,52,1,0
BRDA:268,53,0,6
BRDA:268,53,1,17
BRDA:268,54,0,23
BRDA:268,54,1,19
BRDA:268,54,2,17
BRDA:268,54,3,15
BRDA:268,54,4,15
BRDA:268,54,5,14
BRDA:268,54,6,14
BRDA:268,54,7,14
BRDA:268,54,8,13
BRDA:268,54,9,13
BRDA:268,54,10,13
BRDA:268,54,11,13
BRDA:275,55,0,5
BRDA:275,55,1,1
BRDA:277,56,0,0
BRDA:277,56,1,5
BRDA:280,57,0,2
BRDA:280,57,1,21
BRDA:280,58,0,23
BRDA:280,58,1,21
BRDA:280,58,2,20
BRDA:280,58,3,19
BRDA:281,59,0,2
BRDA:281,59,1,0
BRDA:283,60,0,3
BRDA:283,60,1,20
BRDA:283,61,0,23
BRDA:283,61,1,22
BRDA:283,61,2,19
BRDA:283,61,3,19
BRDA:284,62,0,3
BRDA:284,62,1,0
BRDA:284,63,0,0
BRDA:284,63,1,0
BRDA:285,64,0,2
BRDA:285,64,1,1
BRDA:285,65,0,3
BRDA:285,65,1,3
BRDA:285,65,2,3
BRDA:289,66,0,2
BRDA:289,66,1,21
BRDA:289,67,0,23
BRDA:289,67,1,23
BRDA:289,67,2,22
BRDA:289,67,3,22
BRDA:289,67,4,22
BRDA:290,68,0,2
BRDA:290,68,1,0
BRDA:295,69,0,9
BRDA:295,69,1,1
BRDA:295,70,0,10
BRDA:295,70,1,3
BRDA:295,70,2,3
BRDA:295,70,3,3
BRDA:295,70,4,1
BRDA:295,70,5,1
BRDA:295,70,6,1
BRDA:296,71,0,0
BRDA:296,71,1,9
BRDA:332,72,0,0
BRDA:332,72,1,27
BRDA:370,73,0,0
BRDA:370,73,1,3
BRDA:399,74,0,2
BRDA:399,74,1,6
BRDA:404,75,0,0
BRDA:404,75,1,8
BRDA:404,76,0,8
BRDA:404,76,1,5
BRF:190
BRH:138
end_of_record
TN:
SF:src/services/normalization.service.ts
FN:40,(anonymous_0)
FN:53,(anonymous_1)
FN:63,(anonymous_2)
FN:83,(anonymous_3)
FN:94,(anonymous_4)
FN:122,(anonymous_5)
FN:152,(anonymous_6)
FN:162,(anonymous_7)
FN:169,(anonymous_8)
FN:170,(anonymous_9)
FN:205,(anonymous_10)
FN:214,(anonymous_11)
FN:214,(anonymous_12)
FN:222,(anonymous_13)
FN:236,(anonymous_14)
FNF:15
FNH:14
FNDA:123,(anonymous_0)
FNDA:123,(anonymous_1)
FNDA:123,(anonymous_2)
FNDA:155,(anonymous_3)
FNDA:60,(anonymous_4)
FNDA:9,(anonymous_5)
FNDA:70,(anonymous_6)
FNDA:9,(anonymous_7)
FNDA:9,(anonymous_8)
FNDA:0,(anonymous_9)
FNDA:42,(anonymous_10)
FNDA:7,(anonymous_11)
FNDA:7,(anonymous_12)
FNDA:161,(anonymous_13)
FNDA:39,(anonymous_14)
DA:17,50
DA:25,50
DA:30,50
DA:41,123
DA:42,123
DA:54,123
DA:64,123
DA:84,155
DA:85,155
DA:86,620
DA:88,155
DA:95,60
DA:98,60
DA:100,60
DA:101,9
DA:105,60
DA:106,60
DA:107,0
DA:111,60
DA:112,60
DA:113,0
DA:116,60
DA:123,9
DA:124,9
DA:127,9
DA:128,198
DA:129,18
DA:134,9
DA:135,45
DA:136,0
DA:141,9
DA:142,0
DA:145,9
DA:153,70
DA:155,60
DA:157,60
DA:158,51
DA:162,9
DA:168,9
DA:169,9
DA:172,0
DA:173,0
DA:174,0
DA:177,9
DA:178,9
DA:180,9
DA:181,9
DA:184,9
DA:185,9
DA:186,0
DA:187,0
DA:188,0
DA:189,0
DA:193,0
DA:197,9
DA:199,9
DA:206,42
DA:209,32
DA:212,32
DA:213,32
DA:214,32
DA:216,32
DA:223,161
DA:225,123
DA:226,123
DA:227,123
DA:228,123
DA:230,123
DA:238,39
DA:241,39
DA:244,39
DA:245,39
DA:246,39
DA:247,39
DA:249,39
LF:75
LH:63
BRDA:41,0,0,0
BRDA:41,0,1,123
BRDA:112,1,0,0
BRDA:112,1,1,60
BRDA:128,2,0,18
BRDA:128,2,1,180
BRDA:135,3,0,0
BRDA:135,3,1,45
BRDA:141,4,0,0
BRDA:141,4,1,9
BRDA:141,5,0,9
BRDA:141,5,1,0
BRDA:153,6,0,10
BRDA:153,6,1,60
BRDA:157,7,0,51
BRDA:157,7,1,9
BRDA:172,8,0,0
BRDA:172,8,1,0
BRDA:180,9,0,9
BRDA:180,9,1,0
BRDA:184,10,0,9
BRDA:184,10,1,0
BRDA:186,11,0,0
BRDA:186,11,1,0
BRDA:188,12,0,0
BRDA:188,12,1,0
BRDA:206,13,0,10
BRDA:206,13,1,32
BRDA:223,14,0,38
BRDA:223,14,1,123
BRF:30
BRH:17
end_of_record
TN:
SF:src/services/queryWrapper.service.ts
FN:27,waitForAuthStability
FN:38,(anonymous_1)
FN:39,(anonymous_2)
FN:62,waitForValidation
FN:74,(anonymous_4)
FN:75,(anonymous_5)
FN:99,safeQuery
FN:132,(anonymous_7)
FN:139,(anonymous_8)
FN:140,(anonymous_9)
FN:183,checkForAuthTokens
FN:185,(anonymous_11)
FN:198,createQueryWrapper
FN:199,(anonymous_13)
FNF:14
FNH:6
FNDA:4,waitForAuthStability
FNDA:3,(anonymous_1)
FNDA:68,(anonymous_2)
FNDA:4,waitForValidation
FNDA:3,(anonymous_4)
FNDA:156,(anonymous_5)
FNDA:0,safeQuery
FNDA:0,(anonymous_7)
FNDA:0,(anonymous_8)
FNDA:0,(anonymous_9)
FNDA:0,checkForAuthTokens
FNDA:0,(anonymous_11)
FNDA:0,createQueryWrapper
FNDA:0,(anonymous_13)
DA:28,4
DA:31,4
DA:32,1
DA:35,3
DA:38,3
DA:39,3
DA:40,68
DA:41,1
DA:42,1
DA:43,1
DA:44,1
DA:45,1
DA:49,67
DA:50,2
DA:51,2
DA:52,2
DA:53,2
DA:63,4
DA:66,4
DA:67,1
DA:68,1
DA:71,3
DA:74,3
DA:75,3
DA:76,156
DA:77,1
DA:78,1
DA:79,1
DA:80,1
DA:81,1
DA:85,155
DA:86,2
DA:87,2
DA:88,2
DA:89,2
DA:103,0
DA:105,0
DA:107,0
DA:108,0
DA:110,0
DA:111,0
DA:116,0
DA:120,0
DA:121,0
DA:122,0
DA:123,0
DA:131,0
DA:132,0
DA:133,0
DA:136,0
DA:137,0
DA:140,0
DA:141,0
DA:146,0
DA:148,0
DA:154,0
DA:156,0
DA:158,0
DA:159,0
DA:161,0
DA:164,0
DA:171,0
DA:172,0
DA:184,0
DA:185,0
DA:186,0
DA:188,0
DA:190,0
DA:199,0
DA:200,0
LF:70
LH:35
BRDA:27,0,0,4
BRDA:31,1,0,1
BRDA:31,1,1,3
BRDA:40,2,0,1
BRDA:40,2,1,67
BRDA:49,3,0,2
BRDA:49,3,1,65
BRDA:62,4,0,4
BRDA:66,5,0,1
BRDA:66,5,1,3
BRDA:76,6,0,1
BRDA:76,6,1,155
BRDA:85,7,0,2
BRDA:85,7,1,153
BRDA:103,8,0,0
BRDA:103,9,0,0
BRDA:107,10,0,0
BRDA:107,10,1,0
BRDA:110,11,0,0
BRDA:110,11,1,0
BRDA:121,12,0,0
BRDA:121,12,1,0
BRDA:121,13,0,0
BRDA:121,13,1,0
BRDA:158,14,0,0
BRDA:158,14,1,0
BRDA:166,15,0,0
BRDA:166,15,1,0
BRDA:174,16,0,0
BRDA:174,16,1,0
BRDA:186,17,0,0
BRDA:186,17,1,0
BRDA:201,18,0,0
BRDA:201,18,1,0
BRF:34
BRH:14
end_of_record
TN:
SF:src/services/session.service.ts
FN:14,(anonymous_0)
FN:62,(anonymous_1)
FN:82,(anonymous_2)
FN:94,(anonymous_3)
FN:115,(anonymous_4)
FN:125,(anonymous_5)
FN:137,(anonymous_6)
FN:147,(anonymous_7)
FN:153,(anonymous_8)
FNF:9
FNH:8
FNDA:1,(anonymous_0)
FNDA:1,(anonymous_1)
FNDA:1,(anonymous_2)
FNDA:1,(anonymous_3)
FNDA:1,(anonymous_4)
FNDA:1,(anonymous_5)
FNDA:0,(anonymous_6)
FNDA:1,(anonymous_7)
FNDA:1,(anonymous_8)
DA:15,5
DA:16,5
DA:18,4
DA:19,1
DA:29,3
DA:30,3
DA:31,3
DA:33,3
DA:34,2
DA:35,2
DA:38,3
DA:47,1
DA:48,1
DA:63,5
DA:64,5
DA:66,4
DA:71,1
DA:72,1
DA:83,7
DA:85,5
DA:86,5
DA:88,5
DA:95,4
DA:96,2
DA:103,2
DA:105,2
DA:116,7
DA:118,4
DA:119,4
DA:130,4
DA:132,4
DA:135,2
DA:137,2
DA:138,0
DA:140,0
DA:141,0
DA:143,0
DA:147,2
DA:154,4
DA:155,1
DA:158,3
DA:159,3
DA:161,2
DA:166,1
DA:167,1
LF:45
LH:41
BRDA:18,0,0,1
BRDA:18,0,1,3
BRDA:33,1,0,2
BRDA:33,1,1,1
BRDA:83,2,0,2
BRDA:83,2,1,5
BRDA:95,3,0,2
BRDA:95,3,1,2
BRDA:95,4,0,4
BRDA:95,4,1,3
BRDA:106,5,0,2
BRDA:106,5,1,1
BRDA:116,6,0,3
BRDA:116,6,1,4
BRDA:132,7,0,2
BRDA:132,7,1,2
BRDA:132,8,0,4
BRDA:132,8,1,3
BRDA:140,9,0,0
BRDA:140,9,1,0
BRDA:154,10,0,1
BRDA:154,10,1,3
BRDA:162,11,0,2
BRDA:162,11,1,1
BRF:24
BRH:22
end_of_record
TN:
SF:src/services/sessionCache.service.ts
FN:41,(anonymous_0)
FN:51,(anonymous_1)
FN:72,(anonymous_2)
FN:81,(anonymous_3)
FN:188,(anonymous_4)
FN:215,(anonymous_5)
FN:314,(anonymous_6)
FN:325,(anonymous_7)
FN:327,(anonymous_8)
FN:335,(anonymous_9)
FN:342,(anonymous_10)
FN:343,(anonymous_11)
FN:358,(anonymous_12)
FN:367,(anonymous_13)
FN:391,(anonymous_14)
FNF:15
FNH:12
FNDA:2,(anonymous_0)
FNDA:4,(anonymous_1)
FNDA:8,(anonymous_2)
FNDA:10,(anonymous_3)
FNDA:9,(anonymous_4)
FNDA:9,(anonymous_5)
FNDA:19,(anonymous_6)
FNDA:19,(anonymous_7)
FNDA:114,(anonymous_8)
FNDA:0,(anonymous_9)
FNDA:0,(anonymous_10)
FNDA:0,(anonymous_11)
FNDA:1,(anonymous_12)
FNDA:7,(anonymous_13)
FNDA:1,(anonymous_14)
DA:21,2
DA:22,2
DA:23,2
DA:28,2
DA:29,2
DA:30,2
DA:33,2
DA:34,2
DA:35,2
DA:38,2
DA:39,2
DA:42,21
DA:43,2
DA:45,21
DA:52,4
DA:53,3
DA:57,3
DA:58,3
DA:60,3
DA:73,8
DA:74,1
DA:75,1
DA:86,10
DA:87,10
DA:89,10
DA:97,10
DA:98,1
DA:103,1
DA:110,9
DA:111,0
DA:116,0
DA:123,9
DA:124,1
DA:125,0
DA:126,0
DA:129,1
DA:130,1
DA:131,1
DA:133,1
DA:134,1
DA:135,1
DA:136,1
DA:138,1
DA:143,8
DA:144,3
DA:145,3
DA:146,0
DA:147,0
DA:152,8
DA:153,0
DA:154,0
DA:157,8
DA:164,10
DA:166,10
DA:167,3
DA:169,5
DA:172,8
DA:173,8
DA:174,8
DA:175,8
DA:177,8
DA:178,3
DA:180,5
DA:189,9
DA:194,9
DA:195,9
DA:203,9
DA:216,9
DA:217,9
DA:218,9
DA:220,9
DA:221,0
DA:222,0
DA:225,9
DA:226,9
DA:227,9
DA:231,0
DA:232,0
DA:237,0
DA:240,0
DA:241,0
DA:242,0
DA:243,0
DA:245,0
DA:246,0
DA:252,0
DA:254,0
DA:255,0
DA:259,0
DA:260,0
DA:265,0
DA:268,0
DA:274,0
DA:275,0
DA:278,0
DA:282,0
DA:284,0
DA:285,0
DA:286,0
DA:290,0
DA:291,0
DA:295,0
DA:298,0
DA:299,0
DA:300,0
DA:302,0
DA:303,0
DA:306,0
DA:307,0
DA:315,19
DA:316,19
DA:317,19
DA:318,19
DA:319,19
DA:326,19
DA:327,19
DA:328,114
DA:335,19
DA:336,0
DA:339,19
DA:341,19
DA:342,0
DA:343,0
DA:344,0
DA:345,0
DA:351,0
DA:359,1
DA:360,1
DA:361,1
DA:376,7
DA:377,7
DA:392,1
DA:396,2
LF:133
LH:84
BRDA:42,0,0,2
BRDA:42,0,1,19
BRDA:52,1,0,3
BRDA:52,1,1,1
BRDA:73,2,0,7
BRDA:73,2,1,1
BRDA:82,3,0,10
BRDA:84,4,0,10
BRDA:91,5,0,10
BRDA:91,5,1,6
BRDA:97,6,0,1
BRDA:97,6,1,9
BRDA:97,7,0,10
BRDA:97,7,1,8
BRDA:110,8,0,0
BRDA:110,8,1,9
BRDA:110,9,0,9
BRDA:110,9,1,7
BRDA:110,9,2,6
BRDA:110,9,3,1
BRDA:110,9,4,0
BRDA:123,10,0,1
BRDA:123,10,1,8
BRDA:124,11,0,0
BRDA:124,11,1,1
BRDA:124,12,0,1
BRDA:124,12,1,0
BRDA:143,13,0,3
BRDA:143,13,1,5
BRDA:145,14,0,0
BRDA:145,14,1,3
BRDA:145,15,0,3
BRDA:145,15,1,0
BRDA:152,16,0,0
BRDA:152,16,1,8
BRDA:152,17,0,8
BRDA:152,17,1,0
BRDA:152,17,2,0
BRDA:152,17,3,0
BRDA:159,18,0,8
BRDA:159,18,1,5
BRDA:164,19,0,10
BRDA:164,19,1,5
BRDA:166,20,0,3
BRDA:166,20,1,5
BRDA:177,21,0,3
BRDA:177,21,1,5
BRDA:189,22,0,9
BRDA:189,22,1,0
BRDA:189,22,2,0
BRDA:189,22,3,0
BRDA:194,23,0,9
BRDA:194,23,1,0
BRDA:194,24,0,9
BRDA:194,24,1,9
BRDA:220,25,0,0
BRDA:220,25,1,9
BRDA:225,26,0,9
BRDA:225,26,1,0
BRDA:231,27,0,0
BRDA:231,27,1,0
BRDA:254,28,0,0
BRDA:254,28,1,0
BRDA:254,29,0,0
BRDA:254,29,1,0
BRDA:255,30,0,0
BRDA:255,30,1,0
BRDA:255,30,2,0
BRDA:259,31,0,0
BRDA:259,31,1,0
BRDA:275,32,0,0
BRDA:275,32,1,0
BRDA:286,33,0,0
BRDA:286,33,1,0
BRDA:286,33,2,0
BRDA:290,34,0,0
BRDA:290,34,1,0
BRDA:290,35,0,0
BRDA:290,35,1,0
BRDA:328,36,0,114
BRDA:328,36,1,114
BRDA:328,36,2,114
BRDA:328,36,3,114
BRDA:328,36,4,114
BRDA:341,37,0,0
BRDA:341,37,1,19
BRDA:344,38,0,0
BRDA:344,38,1,0
BRDA:344,39,0,0
BRDA:344,39,1,0
BRDA:379,40,0,2
BRDA:379,40,1,5
BRDA:380,41,0,7
BRDA:380,41,1,5
BRDA:392,42,0,1
BRDA:392,42,1,1
BRF:96
BRH:55
end_of_record
TN:
SF:src/services/slskdClient.service.ts
FN:18,(anonymous_0)
FN:37,(anonymous_1)
FN:54,(anonymous_2)
FN:90,(anonymous_3)
FN:101,(anonymous_4)
FN:122,(anonymous_5)
FN:138,(anonymous_6)
FN:148,(anonymous_7)
FN:160,(anonymous_8)
FN:166,(anonymous_9)
FNF:10
FNH:9
FNDA:1,(anonymous_0)
FNDA:0,(anonymous_1)
FNDA:1,(anonymous_2)
FNDA:1,(anonymous_3)
FNDA:1,(anonymous_4)
FNDA:1,(anonymous_5)
FNDA:22,(anonymous_6)
FNDA:1,(anonymous_7)
FNDA:1,(anonymous_8)
FNDA:4,(anonymous_9)
DA:23,0
DA:24,0
DA:30,0
DA:36,0
DA:37,0
DA:38,0
DA:42,0
DA:43,0
DA:44,0
DA:47,0
DA:55,0
DA:57,0
DA:58,0
DA:66,0
DA:67,0
DA:68,0
DA:72,0
DA:73,0
DA:74,0
DA:75,0
DA:78,0
DA:80,0
DA:82,0
DA:83,0
DA:93,0
DA:105,0
DA:127,11
DA:129,11
DA:132,10
DA:134,10
DA:138,22
DA:141,11
DA:149,12
DA:164,4
DA:165,4
DA:166,4
LF:36
LH:10
BRDA:21,0,0,0
BRDA:36,1,0,0
BRDA:36,1,1,0
BRDA:43,2,0,0
BRDA:43,2,1,0
BRDA:66,3,0,0
BRDA:66,3,1,0
BRDA:73,4,0,0
BRDA:73,4,1,0
BRDA:73,5,0,0
BRDA:73,5,1,0
BRDA:125,6,0,11
BRDA:129,7,0,10
BRDA:129,7,1,1
BRF:14
BRH:3
end_of_record
TN:
SF:src/services/slskdStorage.service.ts
FN:24,(anonymous_0)
FN:37,(anonymous_1)
FN:47,(anonymous_2)
FN:54,(anonymous_3)
FN:62,(anonymous_4)
FNF:5
FNH:5
FNDA:1,(anonymous_0)
FNDA:1,(anonymous_1)
FNDA:1,(anonymous_2)
FNDA:1,(anonymous_3)
FNDA:1,(anonymous_4)
DA:10,1
DA:12,1
DA:25,18
DA:26,18
DA:27,18
DA:28,8
DA:30,1
DA:38,8
DA:39,8
DA:40,8
DA:41,8
DA:48,1
DA:55,5
DA:56,5
DA:63,1
LF:15
LH:15
BRDA:27,0,0,10
BRDA:27,0,1,8
BRDA:56,1,0,5
BRDA:56,1,1,2
BRF:4
BRH:4
end_of_record
TN:
SF:src/services/spotifyAuthManager.mock.service.ts
FN:45,(anonymous_0)
FN:52,(anonymous_1)
FN:71,(anonymous_2)
FN:76,(anonymous_3)
FN:77,(anonymous_4)
FN:80,(anonymous_5)
FN:82,(anonymous_6)
FN:85,(anonymous_7)
FN:89,(anonymous_8)
FN:95,(anonymous_9)
FN:123,(anonymous_10)
FN:129,(anonymous_11)
FN:143,(anonymous_12)
FN:150,(anonymous_13)
FN:161,(anonymous_14)
FN:167,(anonymous_15)
FN:180,(anonymous_16)
FN:186,(anonymous_17)
FN:215,(anonymous_18)
FN:221,(anonymous_19)
FN:236,(anonymous_20)
FN:240,(anonymous_21)
FN:265,(anonymous_22)
FN:269,(anonymous_23)
FN:278,(anonymous_24)
FN:296,(anonymous_25)
FN:308,(anonymous_26)
FN:325,(anonymous_27)
FN:32,(anonymous_28)
FNF:29
FNH:0
FNDA:0,(anonymous_0)
FNDA:0,(anonymous_1)
FNDA:0,(anonymous_2)
FNDA:0,(anonymous_3)
FNDA:0,(anonymous_4)
FNDA:0,(anonymous_5)
FNDA:0,(anonymous_6)
FNDA:0,(anonymous_7)
FNDA:0,(anonymous_8)
FNDA:0,(anonymous_9)
FNDA:0,(anonymous_10)
FNDA:0,(anonymous_11)
FNDA:0,(anonymous_12)
FNDA:0,(anonymous_13)
FNDA:0,(anonymous_14)
FNDA:0,(anonymous_15)
FNDA:0,(anonymous_16)
FNDA:0,(anonymous_17)
FNDA:0,(anonymous_18)
FNDA:0,(anonymous_19)
FNDA:0,(anonymous_20)
FNDA:0,(anonymous_21)
FNDA:0,(anonymous_22)
FNDA:0,(anonymous_23)
FNDA:0,(anonymous_24)
FNDA:0,(anonymous_25)
FNDA:0,(anonymous_26)
FNDA:0,(anonymous_27)
FNDA:0,(anonymous_28)
DA:27,0
DA:28,0
DA:29,0
DA:30,0
DA:33,0
DA:42,0
DA:46,0
DA:47,0
DA:49,0
DA:53,0
DA:72,0
DA:73,0
DA:77,0
DA:81,0
DA:82,0
DA:86,0
DA:90,0
DA:92,0
DA:95,0
DA:98,0
DA:100,0
DA:101,0
DA:108,0
DA:109,0
DA:111,0
DA:118,0
DA:119,0
DA:124,0
DA:126,0
DA:129,0
DA:132,0
DA:139,0
DA:143,0
DA:144,0
DA:147,0
DA:151,0
DA:153,0
DA:162,0
DA:164,0
DA:167,0
DA:169,0
DA:176,0
DA:177,0
DA:181,0
DA:183,0
DA:186,0
DA:189,0
DA:190,0
DA:196,0
DA:202,0
DA:203,0
DA:205,0
DA:210,0
DA:211,0
DA:216,0
DA:218,0
DA:221,0
DA:223,0
DA:230,0
DA:232,0
DA:233,0
DA:237,0
DA:240,0
DA:242,0
DA:243,0
DA:245,0
DA:247,0
DA:257,0
DA:258,0
DA:266,0
DA:269,0
DA:271,0
DA:278,0
DA:280,0
DA:287,0
DA:288,0
DA:297,0
DA:299,0
DA:309,0
DA:311,0
DA:312,0
DA:317,0
DA:326,0
DA:328,0
DA:335,0
LF:85
LH:0
BRDA:46,0,0,0
BRDA:46,0,1,0
BRDA:89,1,0,0
BRDA:100,2,0,0
BRDA:100,2,1,0
BRDA:100,3,0,0
BRDA:100,3,1,0
BRDA:189,4,0,0
BRDA:189,4,1,0
BRDA:215,5,0,0
BRDA:227,6,0,0
BRDA:227,6,1,0
BRDA:261,7,0,0
BRDA:261,7,1,0
BRDA:291,8,0,0
BRDA:291,8,1,0
BRDA:301,9,0,0
BRDA:301,9,1,0
BRDA:302,10,0,0
BRDA:302,10,1,0
BRDA:303,11,0,0
BRDA:303,11,1,0
BRDA:311,12,0,0
BRDA:311,12,1,0
BRF:24
BRH:0
end_of_record
TN:
SF:src/services/spotifyAuthManager.service.ts
FN:81,(anonymous_0)
FN:88,(anonymous_1)
FN:91,(anonymous_2)
FN:96,(anonymous_3)
FN:100,(anonymous_4)
FN:127,(anonymous_5)
FN:174,(anonymous_6)
FN:203,(anonymous_7)
FN:204,(anonymous_8)
FN:301,(anonymous_9)
FN:365,(anonymous_10)
FN:411,(anonymous_11)
FN:455,(anonymous_12)
FN:475,(anonymous_13)
FN:513,(anonymous_14)
FN:554,(anonymous_15)
FN:583,(anonymous_16)
FN:591,(anonymous_17)
FN:600,(anonymous_18)
FN:603,(anonymous_19)
FN:612,(anonymous_20)
FN:637,(anonymous_21)
FN:55,(anonymous_22)
FNF:23
FNH:14
FNDA:1,(anonymous_0)
FNDA:2,(anonymous_1)
FNDA:2,(anonymous_2)
FNDA:4,(anonymous_3)
FNDA:2,(anonymous_4)
FNDA:1,(anonymous_5)
FNDA:0,(anonymous_6)
FNDA:0,(anonymous_7)
FNDA:0,(anonymous_8)
FNDA:0,(anonymous_9)
FNDA:0,(anonymous_10)
FNDA:1,(anonymous_11)
FNDA:0,(anonymous_12)
FNDA:0,(anonymous_13)
FNDA:0,(anonymous_14)
FNDA:2,(anonymous_15)
FNDA:14,(anonymous_16)
FNDA:12,(anonymous_17)
FNDA:5,(anonymous_18)
FNDA:0,(anonymous_19)
FNDA:1,(anonymous_20)
FNDA:15,(anonymous_21)
FNDA:15,(anonymous_22)
DA:43,1
DA:44,15
DA:45,15
DA:46,15
DA:47,15
DA:48,15
DA:50,15
DA:51,15
DA:53,1
DA:56,15
DA:67,15
DA:76,15
DA:77,14
DA:82,17
DA:83,15
DA:85,17
DA:89,2
DA:90,2
DA:91,2
DA:92,2
DA:97,4
DA:101,2
DA:103,2
DA:104,1
DA:105,1
DA:113,1
DA:114,0
DA:115,0
DA:118,1
DA:120,1
DA:121,1
DA:122,1
DA:124,1
DA:128,1
DA:130,1
DA:136,1
DA:137,1
DA:138,1
DA:140,1
DA:142,1
DA:143,1
DA:148,1
DA:149,1
DA:151,1
DA:156,1
DA:163,1
DA:166,0
DA:168,0
DA:169,0
DA:170,0
DA:171,0
DA:173,0
DA:175,0
DA:176,0
DA:182,0
DA:183,0
DA:184,0
DA:185,0
DA:188,0
DA:189,0
DA:190,0
DA:192,0
DA:193,0
DA:194,0
DA:195,0
DA:198,0
DA:199,0
DA:200,0
DA:204,0
DA:205,0
DA:206,0
DA:207,0
DA:208,0
DA:214,0
DA:215,0
DA:217,0
DA:221,0
DA:228,0
DA:231,0
DA:233,0
DA:234,0
DA:236,0
DA:237,0
DA:238,0
DA:239,0
DA:242,0
DA:243,0
DA:247,0
DA:255,0
DA:256,0
DA:262,0
DA:270,0
DA:271,0
DA:278,0
DA:279,0
DA:281,0
DA:285,0
DA:293,0
DA:302,0
DA:304,0
DA:305,0
DA:307,0
DA:308,0
DA:310,0
DA:314,0
DA:315,0
DA:318,0
DA:320,0
DA:321,0
DA:323,0
DA:332,0
DA:334,0
DA:336,0
DA:337,0
DA:338,0
DA:339,0
DA:342,0
DA:343,0
DA:344,0
DA:345,0
DA:346,0
DA:347,0
DA:348,0
DA:350,0
DA:352,0
DA:354,0
DA:356,0
DA:357,0
DA:359,0
DA:361,0
DA:366,0
DA:368,0
DA:369,0
DA:371,0
DA:372,0
DA:373,0
DA:376,0
DA:378,0
DA:383,0
DA:384,0
DA:387,0
DA:388,0
DA:390,0
DA:398,0
DA:399,0
DA:401,0
DA:403,0
DA:405,0
DA:407,0
DA:412,1
DA:414,1
DA:415,1
DA:418,0
DA:419,0
DA:420,0
DA:421,0
DA:424,0
DA:433,0
DA:438,1
DA:439,0
DA:440,0
DA:443,0
DA:445,0
DA:447,0
DA:449,0
DA:451,0
DA:456,0
DA:457,0
DA:458,0
DA:461,0
DA:462,0
DA:464,0
DA:466,0
DA:467,0
DA:468,0
DA:470,0
DA:471,0
DA:476,0
DA:477,0
DA:479,0
DA:480,0
DA:483,0
DA:492,0
DA:493,0
DA:496,0
DA:497,0
DA:505,0
DA:507,0
DA:509,0
DA:514,0
DA:516,0
DA:517,0
DA:520,0
DA:521,0
DA:523,0
DA:524,0
DA:527,0
DA:536,0
DA:537,0
DA:540,0
DA:542,0
DA:543,0
DA:545,0
DA:547,0
DA:548,0
DA:550,0
DA:555,2
DA:557,2
DA:558,1
DA:561,1
DA:562,1
DA:563,2
DA:565,2
DA:567,2
DA:568,2
DA:574,0
DA:576,0
DA:577,0
DA:579,0
DA:584,14
DA:585,0
DA:588,14
DA:589,14
DA:591,12
DA:594,14
DA:596,0
DA:601,5
DA:603,5
DA:604,0
DA:605,0
DA:607,0
DA:613,1
DA:618,1
DA:638,15
DA:639,13
DA:640,13
DA:643,15
DA:644,15
LF:238
LH:71
BRDA:82,0,0,15
BRDA:82,0,1,2
BRDA:100,1,0,2
BRDA:103,2,0,1
BRDA:103,2,1,1
BRDA:103,3,0,2
BRDA:103,3,1,1
BRDA:113,4,0,0
BRDA:113,4,1,1
BRDA:113,5,0,1
BRDA:113,5,1,0
BRDA:148,6,0,1
BRDA:148,6,1,0
BRDA:148,7,0,1
BRDA:148,7,1,1
BRDA:183,8,0,0
BRDA:183,8,1,0
BRDA:193,9,0,0
BRDA:193,9,1,0
BRDA:205,10,0,0
BRDA:205,10,1,0
BRDA:214,11,0,0
BRDA:214,11,1,0
BRDA:233,12,0,0
BRDA:233,12,1,0
BRDA:236,13,0,0
BRDA:236,13,1,0
BRDA:238,14,0,0
BRDA:238,14,1,0
BRDA:238,15,0,0
BRDA:238,15,1,0
BRDA:278,16,0,0
BRDA:278,16,1,0
BRDA:307,17,0,0
BRDA:307,17,1,0
BRDA:332,18,0,0
BRDA:332,18,1,0
BRDA:336,19,0,0
BRDA:336,19,1,0
BRDA:371,20,0,0
BRDA:371,20,1,0
BRDA:383,21,0,0
BRDA:383,21,1,0
BRDA:414,22,0,1
BRDA:414,22,1,0
BRDA:420,23,0,0
BRDA:420,23,1,0
BRDA:438,24,0,0
BRDA:438,24,1,1
BRDA:455,25,0,0
BRDA:456,26,0,0
BRDA:456,26,1,0
BRDA:458,27,0,0
BRDA:458,27,1,0
BRDA:479,28,0,0
BRDA:479,28,1,0
BRDA:492,29,0,0
BRDA:492,29,1,0
BRDA:516,30,0,0
BRDA:516,30,1,0
BRDA:523,31,0,0
BRDA:523,31,1,0
BRDA:536,32,0,0
BRDA:536,32,1,0
BRDA:557,33,0,1
BRDA:557,33,1,1
BRDA:562,34,0,1
BRDA:562,34,1,1
BRDA:563,35,0,1
BRDA:563,35,1,0
BRDA:571,36,0,1
BRDA:571,36,1,0
BRDA:584,37,0,0
BRDA:584,37,1,14
BRDA:626,38,0,1
BRDA:626,38,1,0
BRDA:638,39,0,13
BRDA:638,39,1,2
BRDA:55,40,0,15
BRDA:76,41,0,14
BRDA:76,41,1,1
BRF:81
BRH:27
end_of_record
TN:
SF:src/services/startupSessionValidator.improved.ts
FN:48,(anonymous_0)
FN:58,(anonymous_1)
FN:65,(anonymous_2)
FN:79,(anonymous_3)
FN:97,(anonymous_4)
FN:142,(anonymous_5)
FN:202,(anonymous_6)
FN:347,(anonymous_7)
FN:349,(anonymous_8)
FN:363,(anonymous_9)
FN:374,(anonymous_10)
FN:380,(anonymous_11)
FN:401,(anonymous_12)
FN:428,(anonymous_13)
FN:444,(anonymous_14)
FN:445,(anonymous_15)
FN:451,(anonymous_16)
FN:461,(anonymous_17)
FNF:18
FNH:0
FNDA:0,(anonymous_0)
FNDA:0,(anonymous_1)
FNDA:0,(anonymous_2)
FNDA:0,(anonymous_3)
FNDA:0,(anonymous_4)
FNDA:0,(anonymous_5)
FNDA:0,(anonymous_6)
FNDA:0,(anonymous_7)
FNDA:0,(anonymous_8)
FNDA:0,(anonymous_9)
FNDA:0,(anonymous_10)
FNDA:0,(anonymous_11)
FNDA:0,(anonymous_12)
FNDA:0,(anonymous_13)
FNDA:0,(anonymous_14)
FNDA:0,(anonymous_15)
FNDA:0,(anonymous_16)
FNDA:0,(anonymous_17)
DA:34,0
DA:35,0
DA:36,0
DA:37,0
DA:40,0
DA:49,0
DA:50,0
DA:52,0
DA:59,0
DA:66,0
DA:67,0
DA:68,0
DA:70,0
DA:81,0
DA:82,0
DA:86,0
DA:87,0
DA:90,0
DA:92,0
DA:97,0
DA:98,0
DA:99,0
DA:105,0
DA:110,0
DA:112,0
DA:114,0
DA:121,0
DA:130,0
DA:131,0
DA:132,0
DA:133,0
DA:135,0
DA:143,0
DA:144,0
DA:146,0
DA:147,0
DA:148,0
DA:150,0
DA:153,0
DA:154,0
DA:158,0
DA:159,0
DA:160,0
DA:164,0
DA:165,0
DA:167,0
DA:168,0
DA:169,0
DA:173,0
DA:174,0
DA:175,0
DA:177,0
DA:178,0
DA:184,0
DA:186,0
DA:191,0
DA:203,0
DA:205,0
DA:207,0
DA:209,0
DA:210,0
DA:211,0
DA:214,0
DA:217,0
DA:218,0
DA:220,0
DA:221,0
DA:226,0
DA:227,0
DA:229,0
DA:233,0
DA:236,0
DA:237,0
DA:240,0
DA:241,0
DA:242,0
DA:245,0
DA:249,0
DA:250,0
DA:251,0
DA:253,0
DA:254,0
DA:255,0
DA:256,0
DA:260,0
DA:262,0
DA:263,0
DA:269,0
DA:271,0
DA:272,0
DA:274,0
DA:275,0
DA:277,0
DA:285,0
DA:286,0
DA:287,0
DA:295,0
DA:296,0
DA:297,0
DA:298,0
DA:306,0
DA:311,0
DA:319,0
DA:320,0
DA:322,0
DA:323,0
DA:325,0
DA:328,0
DA:329,0
DA:330,0
DA:340,0
DA:348,0
DA:349,0
DA:350,0
DA:354,0
DA:356,0
DA:364,0
DA:365,0
DA:366,0
DA:369,0
DA:371,0
DA:373,0
DA:374,0
DA:375,0
DA:380,0
DA:381,0
DA:384,0
DA:386,0
DA:387,0
DA:392,0
DA:394,0
DA:402,0
DA:404,0
DA:405,0
DA:407,0
DA:429,0
DA:430,0
DA:432,0
DA:445,0
DA:452,0
DA:453,0
DA:454,0
DA:455,0
DA:462,0
DA:463,0
DA:467,0
LF:146
LH:0
BRDA:49,0,0,0
BRDA:49,0,1,0
BRDA:59,1,0,0
BRDA:59,1,1,0
BRDA:81,2,0,0
BRDA:81,2,1,0
BRDA:86,3,0,0
BRDA:86,3,1,0
BRDA:153,4,0,0
BRDA:153,4,1,0
BRDA:153,5,0,0
BRDA:153,5,1,0
BRDA:158,6,0,0
BRDA:158,6,1,0
BRDA:158,7,0,0
BRDA:158,7,1,0
BRDA:164,8,0,0
BRDA:164,8,1,0
BRDA:167,9,0,0
BRDA:167,9,1,0
BRDA:177,10,0,0
BRDA:177,10,1,0
BRDA:209,11,0,0
BRDA:209,11,1,0
BRDA:236,12,0,0
BRDA:236,12,1,0
BRDA:236,13,0,0
BRDA:236,13,1,0
BRDA:240,14,0,0
BRDA:240,14,1,0
BRDA:240,15,0,0
BRDA:240,15,1,0
BRDA:250,16,0,0
BRDA:250,16,1,0
BRDA:253,17,0,0
BRDA:253,17,1,0
BRDA:271,18,0,0
BRDA:271,18,1,0
BRDA:274,19,0,0
BRDA:274,19,1,0
BRDA:295,20,0,0
BRDA:295,20,1,0
BRDA:322,21,0,0
BRDA:322,21,1,0
BRDA:350,22,0,0
BRDA:350,22,1,0
BRDA:350,22,2,0
BRDA:364,23,0,0
BRDA:364,23,1,0
BRDA:375,24,0,0
BRDA:375,24,1,0
BRDA:375,24,2,0
BRDA:402,25,0,0
BRDA:402,25,1,0
BRDA:404,26,0,0
BRDA:404,26,1,0
BRDA:405,27,0,0
BRDA:405,27,1,0
BRDA:409,28,0,0
BRDA:409,28,1,0
BRDA:409,28,2,0
BRDA:409,28,3,0
BRDA:409,28,4,0
BRDA:409,28,5,0
BRDA:409,28,6,0
BRDA:409,28,7,0
BRDA:409,28,8,0
BRDA:409,28,9,0
BRDA:409,28,10,0
BRDA:429,29,0,0
BRDA:429,29,1,0
BRDA:430,30,0,0
BRDA:430,30,1,0
BRDA:433,31,0,0
BRDA:433,31,1,0
BRDA:433,31,2,0
BRDA:433,31,3,0
BRDA:433,31,4,0
BRF:78
BRH:0
end_of_record
TN:
SF:src/services/startupSessionValidator.service.ts
FN:23,(anonymous_0)
FN:33,(anonymous_1)
FN:41,(anonymous_2)
FN:50,(anonymous_3)
FN:58,(anonymous_4)
FN:72,(anonymous_5)
FN:103,(anonymous_6)
FN:243,(anonymous_7)
FN:245,(anonymous_8)
FN:259,(anonymous_9)
FN:270,(anonymous_10)
FN:276,(anonymous_11)
FN:282,(anonymous_12)
FN:288,(anonymous_13)
FN:310,(anonymous_14)
FN:324,(anonymous_15)
FN:339,(anonymous_16)
FNF:17
FNH:0
FNDA:0,(anonymous_0)
FNDA:0,(anonymous_1)
FNDA:0,(anonymous_2)
FNDA:0,(anonymous_3)
FNDA:0,(anonymous_4)
FNDA:0,(anonymous_5)
FNDA:0,(anonymous_6)
FNDA:0,(anonymous_7)
FNDA:0,(anonymous_8)
FNDA:0,(anonymous_9)
FNDA:0,(anonymous_10)
FNDA:0,(anonymous_11)
FNDA:0,(anonymous_12)
FNDA:0,(anonymous_13)
FNDA:0,(anonymous_14)
FNDA:0,(anonymous_15)
FNDA:0,(anonymous_16)
DA:18,0
DA:19,0
DA:20,0
DA:24,0
DA:25,0
DA:27,0
DA:34,0
DA:42,0
DA:43,0
DA:44,0
DA:51,0
DA:60,0
DA:61,0
DA:65,0
DA:66,0
DA:69,0
DA:72,0
DA:73,0
DA:74,0
DA:79,0
DA:81,0
DA:84,0
DA:85,0
DA:86,0
DA:89,0
DA:90,0
DA:94,0
DA:95,0
DA:96,0
DA:97,0
DA:99,0
DA:104,0
DA:106,0
DA:108,0
DA:110,0
DA:111,0
DA:112,0
DA:115,0
DA:118,0
DA:119,0
DA:121,0
DA:122,0
DA:127,0
DA:128,0
DA:130,0
DA:136,0
DA:137,0
DA:138,0
DA:141,0
DA:142,0
DA:143,0
DA:146,0
DA:147,0
DA:152,0
DA:153,0
DA:154,0
DA:156,0
DA:160,0
DA:161,0
DA:162,0
DA:164,0
DA:165,0
DA:169,0
DA:170,0
DA:174,0
DA:176,0
DA:177,0
DA:183,0
DA:185,0
DA:186,0
DA:188,0
DA:189,0
DA:193,0
DA:196,0
DA:199,0
DA:200,0
DA:203,0
DA:204,0
DA:205,0
DA:206,0
DA:209,0
DA:214,0
DA:217,0
DA:218,0
DA:220,0
DA:221,0
DA:222,0
DA:225,0
DA:228,0
DA:229,0
DA:233,0
DA:235,0
DA:236,0
DA:244,0
DA:245,0
DA:246,0
DA:250,0
DA:252,0
DA:261,0
DA:262,0
DA:263,0
DA:266,0
DA:268,0
DA:270,0
DA:271,0
DA:276,0
DA:277,0
DA:278,0
DA:282,0
DA:283,0
DA:288,0
DA:289,0
DA:293,0
DA:294,0
DA:297,0
DA:300,0
DA:303,0
DA:311,0
DA:312,0
DA:325,0
DA:326,0
DA:340,0
DA:341,0
DA:342,0
DA:343,0
DA:347,0
LF:126
LH:0
BRDA:24,0,0,0
BRDA:24,0,1,0
BRDA:34,1,0,0
BRDA:34,1,1,0
BRDA:60,2,0,0
BRDA:60,2,1,0
BRDA:65,3,0,0
BRDA:65,3,1,0
BRDA:84,4,0,0
BRDA:84,4,1,0
BRDA:110,5,0,0
BRDA:110,5,1,0
BRDA:136,6,0,0
BRDA:136,6,1,0
BRDA:146,7,0,0
BRDA:146,7,1,0
BRDA:146,8,0,0
BRDA:146,8,1,0
BRDA:152,9,0,0
BRDA:152,9,1,0
BRDA:161,10,0,0
BRDA:161,10,1,0
BRDA:164,11,0,0
BRDA:164,11,1,0
BRDA:185,12,0,0
BRDA:185,12,1,0
BRDA:188,13,0,0
BRDA:188,13,1,0
BRDA:203,14,0,0
BRDA:203,14,1,0
BRDA:220,15,0,0
BRDA:220,15,1,0
BRDA:246,16,0,0
BRDA:246,16,1,0
BRDA:246,16,2,0
BRDA:261,17,0,0
BRDA:261,17,1,0
BRDA:271,18,0,0
BRDA:271,18,1,0
BRDA:271,18,2,0
BRDA:283,19,0,0
BRDA:283,19,1,0
BRDA:283,19,2,0
BRDA:311,20,0,0
BRDA:311,20,1,0
BRDA:313,21,0,0
BRDA:313,21,1,0
BRDA:313,21,2,0
BRDA:313,21,3,0
BRDA:313,21,4,0
BRDA:325,22,0,0
BRDA:325,22,1,0
BRDA:327,23,0,0
BRDA:327,23,1,0
BRDA:327,23,2,0
BRDA:327,23,3,0
BRDA:327,23,4,0
BRDA:327,23,5,0
BRF:58
BRH:0
end_of_record
TN:
SF:src/services/storageManager.service.ts
FN:157,(anonymous_0)
FN:213,(anonymous_1)
FN:213,(anonymous_2)
FN:214,(anonymous_3)
FN:214,(anonymous_4)
FN:215,(anonymous_5)
FN:217,(anonymous_6)
FN:218,(anonymous_7)
FN:219,(anonymous_8)
FN:251,(anonymous_9)
FN:276,(anonymous_10)
FN:339,(anonymous_11)
FN:357,(anonymous_12)
FN:378,(anonymous_13)
FN:406,(anonymous_14)
FN:414,(anonymous_15)
FN:422,(anonymous_16)
FN:431,(anonymous_17)
FN:432,(anonymous_18)
FN:446,(anonymous_19)
FN:481,(anonymous_20)
FN:500,(anonymous_21)
FN:529,(anonymous_22)
FN:549,(anonymous_23)
FN:576,(anonymous_24)
FN:581,(anonymous_25)
FNF:26
FNH:23
FNDA:1,(anonymous_0)
FNDA:41,(anonymous_1)
FNDA:38,(anonymous_2)
FNDA:41,(anonymous_3)
FNDA:3,(anonymous_4)
FNDA:38,(anonymous_5)
FNDA:1,(anonymous_6)
FNDA:1,(anonymous_7)
FNDA:2,(anonymous_8)
FNDA:1,(anonymous_9)
FNDA:8,(anonymous_10)
FNDA:1,(anonymous_11)
FNDA:1,(anonymous_12)
FNDA:1,(anonymous_13)
FNDA:1,(anonymous_14)
FNDA:3,(anonymous_15)
FNDA:0,(anonymous_16)
FNDA:0,(anonymous_17)
FNDA:0,(anonymous_18)
FNDA:1,(anonymous_19)
FNDA:1,(anonymous_20)
FNDA:1,(anonymous_21)
FNDA:1,(anonymous_22)
FNDA:41,(anonymous_23)
FNDA:1,(anonymous_24)
FNDA:1,(anonymous_25)
DA:57,1
DA:58,1
DA:61,1
DA:158,38
DA:160,38
DA:161,38
DA:162,38
DA:163,38
DA:164,38
DA:167,38
DA:168,38
DA:169,38
DA:170,38
DA:171,38
DA:172,38
DA:174,38
DA:175,38
DA:177,38
DA:178,30
DA:180,38
DA:183,38
DA:184,11
DA:190,38
DA:191,3
DA:192,3
DA:193,3
DA:194,3
DA:195,3
DA:197,3
DA:198,3
DA:200,3
DA:201,2
DA:203,3
DA:206,3
DA:207,0
DA:213,41
DA:214,41
DA:215,38
DA:217,38
DA:218,1
DA:219,2
DA:220,1
DA:221,1
DA:225,38
DA:227,38
DA:236,38
DA:245,38
DA:256,8
DA:263,8
DA:265,8
DA:266,8
DA:267,8
DA:269,8
DA:271,8
DA:274,8
DA:278,8
DA:279,4
DA:283,4
DA:284,0
DA:285,0
DA:289,4
DA:290,0
DA:293,4
DA:297,8
DA:298,4
DA:299,4
DA:300,2
DA:301,1
DA:303,1
DA:307,4
DA:308,4
DA:310,0
DA:311,0
DA:312,0
DA:317,8
DA:318,2
DA:321,8
DA:328,8
DA:330,0
DA:331,0
DA:332,0
DA:340,2
DA:342,2
DA:343,1
DA:344,1
DA:345,1
DA:346,1
DA:350,1
DA:358,1
DA:361,1
DA:368,1
DA:369,1
DA:371,1
DA:372,1
DA:384,4
DA:385,4
DA:386,4
DA:388,4
DA:395,4
DA:407,3
DA:409,3
DA:411,3
DA:412,3
DA:414,3
DA:415,3
DA:416,3
DA:419,3
DA:422,3
DA:423,0
DA:427,3
DA:430,3
DA:431,0
DA:432,0
DA:433,0
DA:438,3
DA:440,0
DA:448,41
DA:449,357
DA:450,41
DA:451,2
DA:459,316
DA:460,14
DA:471,25
DA:472,25
DA:482,25
DA:483,4
DA:485,21
DA:486,0
DA:488,21
DA:489,0
DA:491,21
DA:492,3
DA:494,18
DA:495,1
DA:497,17
DA:501,41
DA:503,41
DA:505,41
DA:506,9
DA:507,9
DA:508,2
DA:513,39
DA:514,39
DA:515,19
DA:516,10
DA:517,10
DA:518,9
DA:526,30
DA:535,38
DA:536,38
DA:539,38
DA:540,1
DA:541,1
DA:544,38
DA:545,1
DA:546,1
DA:549,41
DA:550,38
DA:551,0
DA:552,0
DA:555,38
DA:556,0
DA:557,0
DA:561,38
DA:563,38
DA:564,36
DA:565,2
DA:566,2
DA:567,0
DA:568,0
DA:570,0
DA:573,38
DA:577,4
DA:578,4
DA:582,2
DA:586,2
LF:176
LH:152
BRDA:169,0,0,38
BRDA:169,0,1,0
BRDA:171,1,0,38
BRDA:171,1,1,0
BRDA:177,2,0,30
BRDA:177,2,1,8
BRDA:183,3,0,11
BRDA:183,3,1,27
BRDA:192,4,0,3
BRDA:192,4,1,0
BRDA:194,5,0,3
BRDA:194,5,1,0
BRDA:200,6,0,2
BRDA:200,6,1,1
BRDA:206,7,0,0
BRDA:206,7,1,3
BRDA:218,8,0,1
BRDA:218,8,1,1
BRDA:219,9,0,2
BRDA:219,9,1,2
BRDA:220,10,0,1
BRDA:220,10,1,0
BRDA:221,11,0,1
BRDA:221,11,1,0
BRDA:251,12,0,8
BRDA:259,13,0,8
BRDA:260,14,0,8
BRDA:261,15,0,8
BRDA:262,16,0,8
BRDA:278,17,0,4
BRDA:278,17,1,4
BRDA:283,18,0,0
BRDA:283,18,1,4
BRDA:283,19,0,4
BRDA:283,19,1,4
BRDA:289,20,0,0
BRDA:289,20,1,4
BRDA:289,21,0,4
BRDA:289,21,1,0
BRDA:299,22,0,2
BRDA:299,22,1,2
BRDA:300,23,0,1
BRDA:300,23,1,1
BRDA:317,24,0,2
BRDA:317,24,1,6
BRDA:317,25,0,8
BRDA:317,25,1,6
BRDA:342,26,0,1
BRDA:342,26,1,1
BRDA:345,27,0,1
BRDA:345,27,1,0
BRDA:390,28,0,0
BRDA:390,28,1,4
BRDA:391,29,0,0
BRDA:391,29,1,4
BRDA:392,30,0,0
BRDA:392,30,1,4
BRDA:416,31,0,0
BRDA:416,31,1,3
BRDA:430,32,0,0
BRDA:430,32,1,3
BRDA:449,33,0,41
BRDA:449,33,1,316
BRDA:450,34,0,2
BRDA:450,34,1,39
BRDA:450,35,0,41
BRDA:450,35,1,2
BRDA:459,36,0,14
BRDA:459,36,1,302
BRDA:459,37,0,316
BRDA:459,37,1,14
BRDA:482,38,0,4
BRDA:482,38,1,21
BRDA:482,39,0,25
BRDA:482,39,1,25
BRDA:482,39,2,23
BRDA:485,40,0,0
BRDA:485,40,1,21
BRDA:488,41,0,0
BRDA:488,41,1,21
BRDA:488,42,0,21
BRDA:488,42,1,21
BRDA:491,43,0,3
BRDA:491,43,1,18
BRDA:491,44,0,21
BRDA:491,44,1,20
BRDA:494,45,0,1
BRDA:494,45,1,17
BRDA:501,46,0,0
BRDA:501,46,1,41
BRDA:505,47,0,9
BRDA:505,47,1,32
BRDA:505,48,0,41
BRDA:505,48,1,33
BRDA:507,49,0,2
BRDA:507,49,1,7
BRDA:507,50,0,9
BRDA:507,50,1,3
BRDA:514,51,0,19
BRDA:514,51,1,20
BRDA:514,52,0,39
BRDA:514,52,1,23
BRDA:515,53,0,10
BRDA:515,53,1,9
BRDA:515,54,0,19
BRDA:515,54,1,11
BRDA:515,54,2,10
BRDA:516,55,0,10
BRDA:516,55,1,2
BRDA:516,55,2,1
BRDA:517,56,0,9
BRDA:517,56,1,1
BRDA:539,57,0,1
BRDA:539,57,1,37
BRDA:544,58,0,1
BRDA:544,58,1,37
BRDA:550,59,0,0
BRDA:550,59,1,38
BRDA:555,60,0,0
BRDA:555,60,1,38
BRDA:563,61,0,36
BRDA:563,61,1,2
BRDA:565,62,0,2
BRDA:565,62,1,0
BRDA:565,63,0,2
BRDA:565,63,1,2
BRDA:567,64,0,0
BRDA:567,64,1,0
BRDA:567,65,0,0
BRDA:567,65,1,0
BRF:130
BRH:104
end_of_record
TN:
SF:src/services/tokenPersistenceGateway.service.ts
FN:26,(anonymous_0)
FN:38,(anonymous_1)
FN:61,(anonymous_2)
FN:62,(anonymous_3)
FN:81,(anonymous_4)
FN:82,(anonymous_5)
FN:107,(anonymous_6)
FN:110,(anonymous_7)
FN:135,(anonymous_8)
FN:142,(anonymous_9)
FN:155,(anonymous_10)
FN:159,(anonymous_11)
FN:164,(anonymous_12)
FN:175,(anonymous_13)
FN:182,(anonymous_14)
FNF:15
FNH:15
FNDA:1,(anonymous_0)
FNDA:5,(anonymous_1)
FNDA:3,(anonymous_2)
FNDA:2,(anonymous_3)
FNDA:2,(anonymous_4)
FNDA:10,(anonymous_5)
FNDA:20,(anonymous_6)
FNDA:8,(anonymous_7)
FNDA:14,(anonymous_8)
FNDA:4,(anonymous_9)
FNDA:9,(anonymous_10)
FNDA:1,(anonymous_11)
FNDA:1,(anonymous_12)
FNDA:11,(anonymous_13)
FNDA:25,(anonymous_14)
DA:17,1
DA:18,1
DA:19,1
DA:22,1
DA:23,24
DA:24,24
DA:27,26
DA:28,24
DA:30,26
DA:39,5
DA:40,5
DA:42,5
DA:48,5
DA:49,5
DA:51,5
DA:54,3
DA:55,3
DA:61,3
DA:62,3
DA:65,3
DA:66,1
DA:67,1
DA:68,1
DA:69,1
DA:71,2
DA:72,2
DA:74,2
DA:75,2
DA:79,2
DA:81,2
DA:82,2
DA:83,10
DA:85,10
DA:86,1
DA:87,1
DA:88,1
DA:89,1
DA:90,1
DA:93,9
DA:94,1
DA:95,1
DA:97,1
DA:98,1
DA:108,20
DA:110,20
DA:111,8
DA:114,20
DA:115,12
DA:118,8
DA:119,8
DA:120,1
DA:123,7
DA:125,7
DA:127,1
DA:128,1
DA:136,14
DA:139,14
DA:140,14
DA:142,14
DA:143,4
DA:144,4
DA:146,1
DA:156,9
DA:158,2
DA:159,2
DA:162,7
DA:164,7
DA:165,1
DA:166,1
DA:167,1
DA:176,11
DA:183,25
DA:184,25
DA:188,1
LF:74
LH:74
BRDA:27,0,0,24
BRDA:27,0,1,2
BRDA:38,1,0,5
BRDA:51,2,0,3
BRDA:51,2,1,2
BRDA:85,3,0,1
BRDA:85,3,1,9
BRDA:93,4,0,1
BRDA:93,4,1,8
BRDA:111,5,0,8
BRDA:111,5,1,8
BRDA:114,6,0,12
BRDA:114,6,1,8
BRDA:119,7,0,1
BRDA:119,7,1,7
BRDA:156,8,0,2
BRDA:156,8,1,7
BRDA:166,9,0,1
BRDA:166,9,1,0
BRF:19
BRH:18
end_of_record
TN:
SF:src/services/trackGenre.service.ts
FN:35,(anonymous_0)
FN:55,(anonymous_1)
FN:74,(anonymous_2)
FN:91,(anonymous_3)
FN:110,(anonymous_4)
FN:140,(anonymous_5)
FN:155,(anonymous_6)
FN:174,(anonymous_7)
FN:178,(anonymous_8)
FN:191,(anonymous_9)
FN:218,(anonymous_10)
FNF:11
FNH:11
FNDA:1,(anonymous_0)
FNDA:1,(anonymous_1)
FNDA:1,(anonymous_2)
FNDA:7,(anonymous_3)
FNDA:1,(anonymous_4)
FNDA:1,(anonymous_5)
FNDA:1,(anonymous_6)
FNDA:1,(anonymous_7)
FNDA:3,(anonymous_8)
FNDA:1,(anonymous_9)
FNDA:1,(anonymous_10)
DA:36,5
DA:44,5
DA:45,1
DA:46,1
DA:49,4
DA:56,3
DA:63,3
DA:64,1
DA:65,1
DA:68,2
DA:76,8
DA:83,8
DA:88,8
DA:89,8
DA:90,2
DA:91,2
DA:92,7
DA:93,6
DA:97,2
DA:98,2
DA:101,8
DA:117,3
DA:119,3
DA:129,3
DA:130,1
DA:131,1
DA:134,2
DA:141,2
DA:146,2
DA:147,1
DA:148,1
DA:156,3
DA:163,3
DA:164,1
DA:165,1
DA:168,2
DA:175,2
DA:177,2
DA:178,2
DA:179,3
DA:180,2
DA:182,3
DA:185,2
DA:196,2
DA:198,2
DA:207,2
DA:208,1
DA:209,1
DA:212,1
DA:219,2
DA:224,2
DA:225,1
DA:226,1
LF:53
LH:53
BRDA:44,0,0,1
BRDA:44,0,1,4
BRDA:49,1,0,4
BRDA:49,1,1,1
BRDA:63,2,0,1
BRDA:63,2,1,2
BRDA:68,3,0,2
BRDA:68,3,1,1
BRDA:89,4,0,2
BRDA:89,4,1,6
BRDA:89,5,0,8
BRDA:89,5,1,8
BRDA:92,6,0,6
BRDA:92,6,1,1
BRDA:102,7,0,8
BRDA:102,7,1,0
BRDA:123,8,0,3
BRDA:123,8,1,2
BRDA:124,9,0,3
BRDA:124,9,1,2
BRDA:129,10,0,1
BRDA:129,10,1,2
BRDA:146,11,0,1
BRDA:146,11,1,1
BRDA:163,12,0,1
BRDA:163,12,1,2
BRDA:168,13,0,2
BRDA:168,13,1,1
BRDA:179,14,0,2
BRDA:179,14,1,1
BRDA:207,15,0,1
BRDA:207,15,1,1
BRDA:224,16,0,1
BRDA:224,16,1,1
BRF:34
BRH:33
end_of_record
TN:
SF:src/services/trackMatching.service.ts
FN:37,shouldDebug
FN:40,(anonymous_1)
FN:47,(anonymous_2)
FN:56,(anonymous_3)
FN:63,(anonymous_4)
FN:80,(anonymous_5)
FN:113,(anonymous_6)
FN:144,(anonymous_7)
FN:151,(anonymous_8)
FN:182,(anonymous_9)
FN:223,(anonymous_10)
FN:240,(anonymous_11)
FN:247,(anonymous_12)
FN:253,(anonymous_13)
FN:265,(anonymous_14)
FN:267,(anonymous_15)
FN:271,(anonymous_16)
FN:283,(anonymous_17)
FN:288,(anonymous_18)
FN:365,(anonymous_19)
FN:370,(anonymous_20)
FN:391,(anonymous_21)
FN:403,(anonymous_22)
FNF:23
FNH:19
FNDA:20,shouldDebug
FNDA:40,(anonymous_1)
FNDA:1,(anonymous_2)
FNDA:1,(anonymous_3)
FNDA:1,(anonymous_4)
FNDA:1,(anonymous_5)
FNDA:1,(anonymous_6)
FNDA:1,(anonymous_7)
FNDA:1,(anonymous_8)
FNDA:1,(anonymous_9)
FNDA:1,(anonymous_10)
FNDA:9,(anonymous_11)
FNDA:9,(anonymous_12)
FNDA:9,(anonymous_13)
FNDA:9,(anonymous_14)
FNDA:18,(anonymous_15)
FNDA:0,(anonymous_16)
FNDA:9,(anonymous_17)
FNDA:0,(anonymous_18)
FNDA:0,(anonymous_19)
FNDA:0,(anonymous_20)
FNDA:1,(anonymous_21)
FNDA:4,(anonymous_22)
DA:30,1
DA:33,1
DA:35,1
DA:38,20
DA:39,20
DA:40,40
DA:44,1
DA:48,56
DA:49,54
DA:57,29
DA:58,27
DA:59,27
DA:64,38
DA:66,35
DA:72,35
DA:73,3
DA:76,35
DA:86,0
DA:87,0
DA:90,0
DA:91,0
DA:100,0
DA:104,0
DA:114,2
DA:115,2
DA:116,2
DA:118,2
DA:119,22
DA:122,2
DA:123,20
DA:126,2
DA:127,20
DA:128,180
DA:129,20
DA:140,2
DA:145,2
DA:146,2
DA:147,2
DA:152,13
DA:153,13
DA:154,13
DA:155,13
DA:157,13
DA:158,13
DA:164,13
DA:165,1
DA:168,12
DA:169,10
DA:170,10
DA:171,10
DA:173,2
DA:177,12
DA:178,12
DA:188,14
DA:195,14
DA:196,2
DA:198,14
DA:199,0
DA:201,14
DA:202,0
DA:205,14
DA:207,14
DA:208,1
DA:212,13
DA:213,13
DA:214,13
DA:215,13
DA:216,13
DA:217,14
DA:218,14
DA:229,10
DA:234,10
DA:239,10
DA:241,9
DA:246,10
DA:248,9
DA:253,10
DA:263,10
DA:265,10
DA:266,9
DA:267,18
DA:269,10
DA:270,0
DA:271,0
DA:272,0
DA:273,0
DA:274,0
DA:275,0
DA:278,10
DA:279,10
DA:280,10
DA:283,10
DA:284,9
DA:286,10
DA:287,0
DA:288,0
DA:289,0
DA:290,0
DA:291,0
DA:292,0
DA:297,10
DA:298,11
DA:299,11
DA:301,11
DA:303,11
DA:305,11
DA:306,0
DA:307,0
DA:308,0
DA:309,0
DA:310,0
DA:311,0
DA:315,11
DA:316,11
DA:317,6
DA:318,6
DA:320,5
DA:323,5
DA:324,5
DA:325,1
DA:326,1
DA:328,4
DA:331,4
DA:332,4
DA:334,4
DA:336,3
DA:339,1
DA:340,1
DA:342,1
DA:343,0
DA:344,0
DA:347,1
DA:348,1
DA:349,1
DA:350,1
DA:354,4
DA:355,1
DA:356,0
DA:357,0
DA:359,1
DA:362,3
DA:363,0
DA:365,0
DA:366,0
DA:367,0
DA:369,0
DA:370,0
DA:371,0
DA:373,0
DA:374,0
DA:377,0
DA:381,3
DA:387,10
DA:392,3
DA:399,3
DA:400,1
DA:403,4
DA:404,3
LF:158
LH:118
BRDA:38,0,0,0
BRDA:38,0,1,20
BRDA:38,1,0,20
BRDA:38,1,1,20
BRDA:48,2,0,2
BRDA:48,2,1,54
BRDA:57,3,0,2
BRDA:57,3,1,27
BRDA:64,4,0,3
BRDA:64,4,1,35
BRDA:72,5,0,3
BRDA:72,5,1,32
BRDA:90,6,0,0
BRDA:90,6,1,0
BRDA:100,7,0,0
BRDA:100,7,1,0
BRDA:100,8,0,0
BRDA:100,8,1,0
BRDA:128,9,0,20
BRDA:128,9,1,160
BRDA:147,10,0,0
BRDA:147,10,1,2
BRDA:164,11,0,1
BRDA:164,11,1,12
BRDA:168,12,0,10
BRDA:168,12,1,2
BRDA:168,13,0,12
BRDA:168,13,1,11
BRDA:195,14,0,2
BRDA:195,14,1,12
BRDA:195,15,0,14
BRDA:195,15,1,3
BRDA:198,16,0,0
BRDA:198,16,1,14
BRDA:198,17,0,14
BRDA:198,17,1,0
BRDA:201,18,0,0
BRDA:201,18,1,14
BRDA:201,19,0,14
BRDA:201,19,1,0
BRDA:207,20,0,1
BRDA:207,20,1,13
BRDA:213,21,0,2
BRDA:213,21,1,11
BRDA:213,22,0,13
BRDA:213,22,1,3
BRDA:214,23,0,0
BRDA:214,23,1,13
BRDA:214,24,0,13
BRDA:214,24,1,0
BRDA:215,25,0,0
BRDA:215,25,1,13
BRDA:215,26,0,13
BRDA:215,26,1,0
BRDA:216,27,0,2
BRDA:216,27,1,11
BRDA:217,28,0,14
BRDA:217,28,1,0
BRDA:218,29,0,14
BRDA:218,29,1,0
BRDA:241,30,0,9
BRDA:241,30,1,2
BRDA:248,31,0,9
BRDA:248,31,1,2
BRDA:256,32,0,9
BRDA:256,32,1,2
BRDA:259,33,0,9
BRDA:259,33,1,2
BRDA:263,34,0,10
BRDA:263,34,1,0
BRDA:266,35,0,9
BRDA:266,35,1,1
BRDA:266,36,0,9
BRDA:266,36,1,1
BRDA:266,37,0,9
BRDA:266,37,1,2
BRDA:269,38,0,0
BRDA:269,38,1,10
BRDA:284,39,0,9
BRDA:284,39,1,1
BRDA:284,40,0,9
BRDA:284,40,1,1
BRDA:286,41,0,0
BRDA:286,41,1,10
BRDA:301,42,0,11
BRDA:301,42,1,1
BRDA:303,43,0,11
BRDA:303,43,1,1
BRDA:305,44,0,0
BRDA:305,44,1,11
BRDA:316,45,0,6
BRDA:316,45,1,5
BRDA:317,46,0,0
BRDA:317,46,1,6
BRDA:320,47,0,0
BRDA:320,47,1,5
BRDA:324,48,0,1
BRDA:324,48,1,4
BRDA:325,49,0,0
BRDA:325,49,1,1
BRDA:328,50,0,0
BRDA:328,50,1,4
BRDA:336,51,0,2
BRDA:336,51,1,1
BRDA:342,52,0,0
BRDA:342,52,1,1
BRDA:342,53,0,1
BRDA:342,53,1,0
BRDA:342,53,2,0
BRDA:347,54,0,1
BRDA:347,54,1,0
BRDA:347,55,0,1
BRDA:347,55,1,0
BRDA:354,56,0,1
BRDA:354,56,1,3
BRDA:354,57,0,4
BRDA:354,57,1,1
BRDA:355,58,0,0
BRDA:355,58,1,1
BRDA:362,59,0,0
BRDA:362,59,1,3
BRDA:366,60,0,0
BRDA:366,60,1,0
BRDA:373,61,0,0
BRDA:373,61,1,0
BRDA:399,62,0,1
BRDA:399,62,1,2
BRDA:403,63,0,2
BRDA:403,63,1,1
BRF:129
BRH:92
end_of_record
TN:
SF:src/services/user.service.ts
FN:33,(anonymous_0)
FN:57,(anonymous_1)
FN:82,(anonymous_2)
FN:106,(anonymous_3)
FN:129,(anonymous_4)
FN:154,(anonymous_5)
FN:177,(anonymous_6)
FNF:7
FNH:7
FNDA:1,(anonymous_0)
FNDA:1,(anonymous_1)
FNDA:1,(anonymous_2)
FNDA:1,(anonymous_3)
FNDA:1,(anonymous_4)
FNDA:1,(anonymous_5)
FNDA:1,(anonymous_6)
DA:34,4
DA:35,4
DA:41,3
DA:46,1
DA:47,1
DA:58,3
DA:59,3
DA:66,2
DA:71,1
DA:72,1
DA:83,4
DA:84,4
DA:90,3
DA:95,1
DA:96,1
DA:107,5
DA:108,5
DA:113,4
DA:118,1
DA:119,1
DA:130,4
DA:131,4
DA:138,3
DA:143,1
DA:144,1
DA:155,3
DA:156,3
DA:161,2
DA:166,1
DA:167,1
DA:178,3
DA:179,3
DA:184,2
DA:189,1
DA:190,1
LF:35
LH:35
BRDA:91,0,0,3
BRDA:91,0,1,2
BRDA:114,1,0,4
BRDA:114,1,1,3
BRDA:139,2,0,3
BRDA:139,2,1,2
BRF:6
BRH:6
end_of_record
TN:
SF:src/utils/debugHelpers.ts
FN:8,(anonymous_0)
FN:21,(anonymous_1)
FN:33,(anonymous_2)
FN:44,(anonymous_3)
FN:68,(anonymous_4)
FN:118,(anonymous_5)
FN:159,(anonymous_6)
FN:163,(anonymous_7)
FN:171,(anonymous_8)
FN:174,(anonymous_9)
FN:182,(anonymous_10)
FN:190,(anonymous_11)
FNF:12
FNH:0
FNDA:0,(anonymous_0)
FNDA:0,(anonymous_1)
FNDA:0,(anonymous_2)
FNDA:0,(anonymous_3)
FNDA:0,(anonymous_4)
FNDA:0,(anonymous_5)
FNDA:0,(anonymous_6)
FNDA:0,(anonymous_7)
FNDA:0,(anonymous_8)
FNDA:0,(anonymous_9)
FNDA:0,(anonymous_10)
FNDA:0,(anonymous_11)
DA:9,0
DA:12,0
DA:13,0
DA:20,0
DA:21,0
DA:22,0
DA:24,0
DA:26,0
DA:28,0
DA:29,0
DA:30,0
DA:33,0
DA:36,0
DA:37,0
DA:43,0
DA:44,0
DA:45,0
DA:47,0
DA:49,0
DA:57,0
DA:58,0
DA:69,0
DA:72,0
DA:78,0
DA:81,0
DA:82,0
DA:89,0
DA:90,0
DA:95,0
DA:100,0
DA:104,0
DA:105,0
DA:107,0
DA:119,0
DA:121,0
DA:122,0
DA:124,0
DA:125,0
DA:126,0
DA:130,0
DA:137,0
DA:142,0
DA:148,0
DA:149,0
DA:160,0
DA:163,0
DA:164,0
DA:170,0
DA:171,0
DA:174,0
DA:175,0
DA:181,0
DA:182,0
DA:184,0
DA:191,0
DA:193,0
DA:200,0
DA:201,0
DA:206,0
LF:59
LH:0
BRDA:22,0,0,0
BRDA:22,0,1,0
BRDA:22,0,2,0
BRDA:45,1,0,0
BRDA:45,1,1,0
BRDA:45,1,2,0
BRDA:124,2,0,0
BRDA:124,2,1,0
BRDA:164,3,0,0
BRDA:164,3,1,0
BRDA:164,3,2,0
BRDA:164,3,3,0
BRDA:175,4,0,0
BRDA:175,4,1,0
BRDA:175,4,2,0
BRDA:175,4,3,0
BRF:16
BRH:0
end_of_record
TN:
SF:src/utils/featureFlags.ts
FN:42,(anonymous_0)
FN:58,(anonymous_1)
FN:65,(anonymous_2)
FN:72,(anonymous_3)
FN:79,(anonymous_4)
FN:91,(anonymous_5)
FN:38,(anonymous_6)
FNF:7
FNH:7
FNDA:18,(anonymous_0)
FNDA:8,(anonymous_1)
FNDA:7,(anonymous_2)
FNDA:3,(anonymous_3)
FNDA:6,(anonymous_4)
FNDA:3,(anonymous_5)
FNDA:18,(anonymous_6)
DA:28,18
DA:30,18
DA:36,18
DA:39,18
DA:43,18
DA:44,18
DA:45,18
DA:46,6
DA:47,6
DA:52,13
DA:59,8
DA:66,7
DA:73,3
DA:80,6
DA:81,6
DA:82,6
DA:92,3
DA:93,3
DA:94,3
DA:101,18
LF:20
LH:20
BRDA:45,0,0,6
BRDA:45,0,1,12
BRF:2
BRH:2
end_of_record
TN:
SF:src/utils/fileHash.ts
FN:4,(anonymous_0)
FN:8,(anonymous_1)
FNF:2
FNH:2
FNDA:7,(anonymous_0)
FNDA:224,(anonymous_1)
DA:4,1
DA:5,7
DA:6,7
DA:7,7
DA:8,224
LF:5
LH:5
BRF:0
BRH:0
end_of_record
TN:
SF:src/utils/linkUtils.ts
FN:11,(anonymous_0)
FN:30,(anonymous_1)
FN:66,(anonymous_2)
FN:97,(anonymous_3)
FN:108,(anonymous_4)
FNF:5
FNH:5
FNDA:5,(anonymous_0)
FNDA:3,(anonymous_1)
FNDA:6,(anonymous_2)
FNDA:5,(anonymous_3)
FNDA:2,(anonymous_4)
DA:11,1
DA:12,5
DA:14,5
DA:17,5
DA:19,3
DA:20,3
DA:21,3
DA:22,3
DA:25,3
DA:26,3
DA:27,3
DA:30,3
DA:32,3
DA:33,3
DA:35,3
DA:42,3
DA:45,1
DA:47,1
DA:50,1
DA:51,1
DA:53,1
DA:59,1
DA:66,1
DA:67,6
DA:69,6
DA:70,6
DA:71,5
DA:75,0
DA:76,0
DA:77,0
DA:78,0
DA:79,0
DA:80,0
DA:81,0
DA:82,0
DA:84,0
DA:85,0
DA:87,0
DA:89,1
DA:90,1
DA:97,1
DA:98,5
DA:99,5
DA:101,1
DA:108,1
DA:109,2
LF:46
LH:35
BRDA:17,0,0,3
BRDA:17,0,1,2
BRDA:17,1,0,5
BRDA:17,1,1,3
BRDA:17,1,2,2
BRDA:69,2,0,6
BRDA:69,2,1,0
BRDA:69,3,0,6
BRDA:69,3,1,6
BRF:9
BRH:8
end_of_record
TN:
SF:src/utils/logger.ts
FN:34,(anonymous_0)
FN:41,(anonymous_1)
FN:48,(anonymous_2)
FN:55,(anonymous_3)
FN:59,(anonymous_4)
FN:66,(anonymous_5)
FN:71,(anonymous_6)
FN:97,(anonymous_7)
FN:104,(anonymous_8)
FN:111,(anonymous_9)
FN:118,(anonymous_10)
FN:125,(anonymous_11)
FN:131,(anonymous_12)
FN:135,(anonymous_13)
FN:139,(anonymous_14)
FN:143,(anonymous_15)
FNF:16
FNH:16
FNDA:1,(anonymous_0)
FNDA:39,(anonymous_1)
FNDA:28,(anonymous_2)
FNDA:23,(anonymous_3)
FNDA:176,(anonymous_4)
FNDA:157,(anonymous_5)
FNDA:176,(anonymous_6)
FNDA:34,(anonymous_7)
FNDA:75,(anonymous_8)
FNDA:41,(anonymous_9)
FNDA:4,(anonymous_10)
FNDA:4,(anonymous_11)
FNDA:4,(anonymous_12)
FNDA:5,(anonymous_13)
FNDA:5,(anonymous_14)
FNDA:4,(anonymous_15)
DA:17,38
DA:25,38
DA:35,1
DA:42,39
DA:49,28
DA:56,23
DA:60,176
DA:61,165
DA:62,163
DA:63,157
DA:67,157
DA:68,157
DA:72,176
DA:74,157
DA:76,157
DA:78,2
DA:79,2
DA:81,142
DA:82,142
DA:84,7
DA:85,7
DA:87,6
DA:88,6
DA:98,34
DA:105,75
DA:112,41
DA:119,4
DA:126,4
DA:132,4
DA:136,5
DA:140,5
DA:144,4
DA:149,38
LF:33
LH:33
BRDA:60,0,0,11
BRDA:60,0,1,165
BRDA:61,1,0,2
BRDA:61,1,1,163
BRDA:62,2,0,6
BRDA:62,2,1,157
BRDA:72,3,0,19
BRDA:72,3,1,157
BRDA:76,4,0,157
BRDA:76,4,1,142
BRDA:76,4,2,7
BRDA:76,4,3,6
BRDA:78,5,0,1
BRDA:78,5,1,1
BRDA:81,6,0,66
BRDA:81,6,1,76
BRDA:84,7,0,2
BRDA:84,7,1,5
BRDA:87,8,0,4
BRDA:87,8,1,2
BRDA:97,9,0,34
BRDA:104,10,0,75
BRDA:111,11,0,41
BRDA:118,12,0,4
BRDA:125,13,0,4
BRF:25
BRH:25
end_of_record
TN:
SF:src/utils/promiseUtils.ts
FN:8,(anonymous_0)
FN:15,(anonymous_1)
FN:16,(anonymous_2)
FNF:3
FNH:3
FNDA:11,(anonymous_0)
FNDA:11,(anonymous_1)
FNDA:2,(anonymous_2)
DA:8,1
DA:13,11
DA:16,11
LF:3
LH:3
BRDA:11,0,0,11
BRF:1
BRH:1
end_of_record
TN:
SF:src/utils/reloadDebugger.ts
FN:33,(anonymous_0)
FN:60,(anonymous_1)
FN:78,(anonymous_2)
FN:94,(anonymous_3)
FN:127,(anonymous_4)
FN:143,(anonymous_5)
FN:166,(anonymous_6)
FN:201,(anonymous_7)
FN:223,(anonymous_8)
FN:245,(anonymous_9)
FN:261,(anonymous_10)
FN:278,(anonymous_11)
FN:282,(anonymous_12)
FN:307,(anonymous_13)
FN:320,(anonymous_14)
FN:337,(anonymous_15)
FN:343,(anonymous_16)
FN:344,(anonymous_17)
FN:353,(anonymous_18)
FN:354,(anonymous_19)
FN:355,(anonymous_20)
FN:361,(anonymous_21)
FN:364,(anonymous_22)
FN:378,(anonymous_23)
FN:379,(anonymous_24)
FN:388,(anonymous_25)
FN:398,(anonymous_26)
FN:407,(anonymous_27)
FN:408,(anonymous_28)
FN:422,(anonymous_29)
FN:429,(anonymous_30)
FN:439,(anonymous_31)
FNF:32
FNH:0
FNDA:0,(anonymous_0)
FNDA:0,(anonymous_1)
FNDA:0,(anonymous_2)
FNDA:0,(anonymous_3)
FNDA:0,(anonymous_4)
FNDA:0,(anonymous_5)
FNDA:0,(anonymous_6)
FNDA:0,(anonymous_7)
FNDA:0,(anonymous_8)
FNDA:0,(anonymous_9)
FNDA:0,(anonymous_10)
FNDA:0,(anonymous_11)
FNDA:0,(anonymous_12)
FNDA:0,(anonymous_13)
FNDA:0,(anonymous_14)
FNDA:0,(anonymous_15)
FNDA:0,(anonymous_16)
FNDA:0,(anonymous_17)
FNDA:0,(anonymous_18)
FNDA:0,(anonymous_19)
FNDA:0,(anonymous_20)
FNDA:0,(anonymous_21)
FNDA:0,(anonymous_22)
FNDA:0,(anonymous_23)
FNDA:0,(anonymous_24)
FNDA:0,(anonymous_25)
FNDA:0,(anonymous_26)
FNDA:0,(anonymous_27)
FNDA:0,(anonymous_28)
FNDA:0,(anonymous_29)
FNDA:0,(anonymous_30)
FNDA:0,(anonymous_31)
DA:26,0
DA:27,0
DA:28,0
DA:34,0
DA:37,0
DA:38,0
DA:39,0
DA:41,0
DA:43,0
DA:44,0
DA:50,0
DA:51,0
DA:57,0
DA:60,0
DA:61,0
DA:64,0
DA:65,0
DA:68,0
DA:79,0
DA:81,0
DA:88,0
DA:95,0
DA:96,0
DA:97,0
DA:98,0
DA:99,0
DA:100,0
DA:106,0
DA:112,0
DA:117,0
DA:119,0
DA:120,0
DA:128,0
DA:130,0
DA:131,0
DA:132,0
DA:136,0
DA:144,0
DA:145,0
DA:146,0
DA:149,0
DA:158,0
DA:160,0
DA:174,0
DA:193,0
DA:195,0
DA:202,0
DA:204,0
DA:205,0
DA:206,0
DA:207,0
DA:208,0
DA:209,0
DA:214,0
DA:217,0
DA:224,0
DA:226,0
DA:227,0
DA:228,0
DA:229,0
DA:230,0
DA:231,0
DA:236,0
DA:239,0
DA:246,0
DA:248,0
DA:249,0
DA:250,0
DA:251,0
DA:255,0
DA:262,0
DA:263,0
DA:265,0
DA:266,0
DA:267,0
DA:268,0
DA:272,0
DA:279,0
DA:281,0
DA:282,0
DA:284,0
DA:285,0
DA:286,0
DA:287,0
DA:288,0
DA:298,0
DA:300,0
DA:308,0
DA:310,0
DA:311,0
DA:313,0
DA:321,0
DA:322,0
DA:325,0
DA:327,0
DA:337,0
DA:343,0
DA:344,0
DA:354,0
DA:355,0
DA:357,0
DA:358,0
DA:361,0
DA:362,0
DA:364,0
DA:365,0
DA:368,0
DA:378,0
DA:379,0
DA:389,0
DA:392,0
DA:393,0
DA:394,0
DA:398,0
DA:399,0
DA:402,0
DA:403,0
DA:407,0
DA:408,0
DA:409,0
DA:410,0
DA:411,0
DA:412,0
DA:416,0
DA:423,0
DA:430,0
DA:431,0
DA:432,0
DA:433,0
DA:440,0
DA:441,0
DA:442,0
DA:444,0
DA:445,0
DA:451,0
LF:135
LH:0
BRDA:41,0,0,0
BRDA:41,0,1,0
BRDA:41,1,0,0
BRDA:41,1,1,0
BRDA:97,2,0,0
BRDA:97,2,1,0
BRDA:99,3,0,0
BRDA:99,3,1,0
BRDA:102,4,0,0
BRDA:102,4,1,0
BRDA:128,5,0,0
BRDA:128,5,1,0
BRDA:143,6,0,0
BRDA:144,7,0,0
BRDA:144,7,1,0
BRDA:188,8,0,0
BRDA:188,8,1,0
BRDA:189,9,0,0
BRDA:189,9,1,0
BRDA:207,10,0,0
BRDA:207,10,1,0
BRDA:208,11,0,0
BRDA:208,11,1,0
BRDA:208,12,0,0
BRDA:208,12,1,0
BRDA:208,12,2,0
BRDA:229,13,0,0
BRDA:229,13,1,0
BRDA:230,14,0,0
BRDA:230,14,1,0
BRDA:230,15,0,0
BRDA:230,15,1,0
BRDA:230,15,2,0
BRDA:230,15,3,0
BRDA:246,16,0,0
BRDA:246,16,1,0
BRDA:250,17,0,0
BRDA:250,17,1,0
BRDA:250,18,0,0
BRDA:250,18,1,0
BRDA:250,18,2,0
BRDA:262,19,0,0
BRDA:262,19,1,0
BRDA:267,20,0,0
BRDA:267,20,1,0
BRDA:267,21,0,0
BRDA:267,21,1,0
BRDA:267,21,2,0
BRDA:267,21,3,0
BRDA:284,22,0,0
BRDA:284,22,1,0
BRDA:286,23,0,0
BRDA:286,23,1,0
BRDA:290,24,0,0
BRDA:290,24,1,0
BRDA:291,25,0,0
BRDA:291,25,1,0
BRDA:308,26,0,0
BRDA:308,26,1,0
BRDA:321,27,0,0
BRDA:321,27,1,0
BRDA:332,28,0,0
BRDA:332,28,1,0
BRDA:357,29,0,0
BRDA:357,29,1,0
BRDA:357,30,0,0
BRDA:357,30,1,0
BRDA:362,31,0,0
BRDA:362,31,1,0
BRDA:365,32,0,0
BRDA:365,32,1,0
BRDA:380,33,0,0
BRDA:380,33,1,0
BRDA:393,34,0,0
BRDA:393,34,1,0
BRDA:399,35,0,0
BRDA:399,35,1,0
BRDA:402,36,0,0
BRDA:402,36,1,0
BRDA:409,37,0,0
BRDA:409,37,1,0
BRDA:409,38,0,0
BRDA:409,38,1,0
BRDA:411,39,0,0
BRDA:411,39,1,0
BRDA:444,40,0,0
BRDA:444,40,1,0
BRF:87
BRH:0
end_of_record
TN:
SF:src/utils/serviceWorkerCleanup.ts
FN:8,(anonymous_0)
FN:15,(anonymous_1)
FN:31,(anonymous_2)
FN:35,(anonymous_3)
FN:51,(anonymous_4)
FN:62,(anonymous_5)
FN:69,(anonymous_6)
FN:74,(anonymous_7)
FN:81,(anonymous_8)
FN:107,(anonymous_9)
FN:110,(anonymous_10)
FNF:11
FNH:0
FNDA:0,(anonymous_0)
FNDA:0,(anonymous_1)
FNDA:0,(anonymous_2)
FNDA:0,(anonymous_3)
FNDA:0,(anonymous_4)
FNDA:0,(anonymous_5)
FNDA:0,(anonymous_6)
FNDA:0,(anonymous_7)
FNDA:0,(anonymous_8)
FNDA:0,(anonymous_9)
FNDA:0,(anonymous_10)
DA:8,0
DA:9,0
DA:10,0
DA:12,0
DA:15,0
DA:16,0
DA:17,0
DA:20,0
DA:22,0
DA:23,0
DA:26,0
DA:31,0
DA:32,0
DA:33,0
DA:34,0
DA:35,0
DA:36,0
DA:37,0
DA:40,0
DA:42,0
DA:43,0
DA:46,0
DA:51,0
DA:52,0
DA:54,0
DA:60,0
DA:62,0
DA:63,0
DA:69,0
DA:70,0
DA:71,0
DA:74,0
DA:75,0
DA:81,0
DA:82,0
DA:83,0
DA:87,0
DA:90,0
DA:94,0
DA:96,0
DA:101,0
DA:102,0
DA:103,0
DA:105,0
DA:106,0
DA:108,0
DA:111,0
DA:115,0
LF:48
LH:0
BRDA:9,0,0,0
BRDA:9,0,1,0
BRDA:22,1,0,0
BRDA:22,1,1,0
BRDA:32,2,0,0
BRDA:32,2,1,0
BRDA:42,3,0,0
BRDA:42,3,1,0
BRDA:63,4,0,0
BRDA:63,4,1,0
BRDA:63,4,2,0
BRDA:63,4,3,0
BRDA:75,5,0,0
BRDA:75,5,1,0
BRDA:75,5,2,0
BRDA:75,5,3,0
BRDA:94,6,0,0
BRDA:94,6,1,0
BRDA:105,7,0,0
BRDA:105,7,1,0
BRF:20
BRH:0
end_of_record
TN:
SF:src/utils/storageIsolationTest.ts
FN:41,(anonymous_0)
FN:68,(anonymous_1)
FN:69,(anonymous_2)
FN:96,(anonymous_3)
FN:147,(anonymous_4)
FN:190,(anonymous_5)
FN:233,(anonymous_6)
FN:251,(anonymous_7)
FN:278,(anonymous_8)
FN:315,(anonymous_9)
FN:328,(anonymous_10)
FN:355,(anonymous_11)
FN:391,(anonymous_12)
FN:408,(anonymous_13)
FN:425,(anonymous_14)
FNF:15
FNH:0
FNDA:0,(anonymous_0)
FNDA:0,(anonymous_1)
FNDA:0,(anonymous_2)
FNDA:0,(anonymous_3)
FNDA:0,(anonymous_4)
FNDA:0,(anonymous_5)
FNDA:0,(anonymous_6)
FNDA:0,(anonymous_7)
FNDA:0,(anonymous_8)
FNDA:0,(anonymous_9)
FNDA:0,(anonymous_10)
FNDA:0,(anonymous_11)
FNDA:0,(anonymous_12)
FNDA:0,(anonymous_13)
FNDA:0,(anonymous_14)
DA:30,0
DA:42,0
DA:43,0
DA:44,0
DA:47,0
DA:50,0
DA:53,0
DA:56,0
DA:59,0
DA:62,0
DA:65,0
DA:67,0
DA:68,0
DA:69,0
DA:71,0
DA:83,0
DA:90,0
DA:97,0
DA:99,0
DA:101,0
DA:102,0
DA:105,0
DA:108,0
DA:109,0
DA:118,0
DA:125,0
DA:128,0
DA:135,0
DA:148,0
DA:150,0
DA:152,0
DA:153,0
DA:156,0
DA:163,0
DA:164,0
DA:167,0
DA:169,0
DA:178,0
DA:191,0
DA:193,0
DA:195,0
DA:196,0
DA:199,0
DA:206,0
DA:207,0
DA:210,0
DA:212,0
DA:221,0
DA:234,0
DA:236,0
DA:238,0
DA:242,0
DA:245,0
DA:248,0
DA:251,0
DA:254,0
DA:255,0
DA:257,0
DA:266,0
DA:279,0
DA:281,0
DA:283,0
DA:284,0
DA:287,0
DA:290,0
DA:291,0
DA:292,0
DA:294,0
DA:303,0
DA:316,0
DA:318,0
DA:320,0
DA:321,0
DA:322,0
DA:325,0
DA:328,0
DA:331,0
DA:332,0
DA:334,0
DA:343,0
DA:356,0
DA:358,0
DA:360,0
DA:361,0
DA:364,0
DA:367,0
DA:368,0
DA:370,0
DA:379,0
DA:392,0
DA:408,0
DA:409,0
DA:410,0
DA:411,0
DA:412,0
DA:413,0
DA:416,0
DA:417,0
DA:419,0
DA:430,0
DA:432,0
DA:433,0
DA:434,0
DA:436,0
DA:437,0
DA:439,0
DA:440,0
DA:443,0
LF:108
LH:0
BRDA:105,0,0,0
BRDA:105,0,1,0
BRDA:108,1,0,0
BRDA:108,1,1,0
BRDA:125,2,0,0
BRDA:125,2,1,0
BRDA:131,3,0,0
BRDA:131,3,1,0
BRDA:171,4,0,0
BRDA:171,4,1,0
BRDA:172,5,0,0
BRDA:172,5,1,0
BRDA:172,6,0,0
BRDA:172,6,1,0
BRDA:214,7,0,0
BRDA:214,7,1,0
BRDA:215,8,0,0
BRDA:215,8,1,0
BRDA:215,9,0,0
BRDA:215,9,1,0
BRDA:260,10,0,0
BRDA:260,10,1,0
BRDA:296,11,0,0
BRDA:296,11,1,0
BRDA:296,11,2,0
BRDA:297,12,0,0
BRDA:297,12,1,0
BRDA:297,13,0,0
BRDA:297,13,1,0
BRDA:297,13,2,0
BRDA:337,14,0,0
BRDA:337,14,1,0
BRDA:373,15,0,0
BRDA:373,15,1,0
BRDA:396,16,0,0
BRDA:396,16,1,0
BRDA:410,17,0,0
BRDA:410,17,1,0
BRDA:433,18,0,0
BRDA:433,18,1,0
BRDA:436,19,0,0
BRDA:436,19,1,0
BRDA:439,20,0,0
BRDA:439,20,1,0
BRDA:439,21,0,0
BRDA:439,21,1,0
BRF:46
BRH:0
end_of_record
TN:
SF:src/utils/supabaseQuery.ts
FN:17,(anonymous_0)
FN:25,(anonymous_1)
FN:53,(anonymous_2)
FN:59,(anonymous_3)
FN:73,(anonymous_4)
FN:81,(anonymous_5)
FNF:6
FNH:6
FNDA:17,(anonymous_0)
FNDA:1,(anonymous_1)
FNDA:4,(anonymous_2)
FNDA:4,(anonymous_3)
FNDA:5,(anonymous_4)
FNDA:5,(anonymous_5)
DA:5,1
DA:17,1
DA:22,17
DA:23,17
DA:25,17
DA:26,1
DA:27,1
DA:30,17
DA:32,17
DA:33,17
DA:34,11
DA:35,11
DA:36,11
DA:38,6
DA:39,6
DA:40,1
DA:41,1
DA:43,5
DA:44,5
DA:46,17
DA:53,1
DA:58,4
DA:60,4
DA:61,3
DA:63,1
DA:73,1
DA:77,5
DA:79,5
DA:80,5
DA:83,5
DA:89,4
DA:90,1
DA:92,3
DA:98,5
DA:103,0
LF:35
LH:34
BRDA:19,0,0,17
BRDA:20,1,0,17
BRDA:39,2,0,1
BRDA:39,2,1,5
BRDA:55,3,0,4
BRDA:56,4,0,4
BRDA:60,5,0,3
BRDA:60,5,1,1
BRDA:75,6,0,5
BRDA:89,7,0,1
BRDA:89,7,1,3
BRDA:89,8,0,4
BRDA:89,8,1,2
BRF:13
BRH:13
end_of_record
